<!DOCTYPE html>
<html>
  <head>
    <meta charset="utf-8"/>
    <title id="head-title">unit-report.html</title>
      <style type="text/css">body {
  font-family: Helvetica, Arial, sans-serif;
  font-size: 12px;
  /* do not increase min-width as some may use split screens */
  min-width: 800px;
  color: #999;
}

h1 {
  font-size: 24px;
  color: black;
}

h2 {
  font-size: 16px;
  color: black;
}

p {
  color: black;
}

a {
  color: #999;
}

table {
  border-collapse: collapse;
}

/******************************
 * SUMMARY INFORMATION
 ******************************/
#environment td {
  padding: 5px;
  border: 1px solid #e6e6e6;
  vertical-align: top;
}
#environment tr:nth-child(odd) {
  background-color: #f6f6f6;
}
#environment ul {
  margin: 0;
  padding: 0 20px;
}

/******************************
 * TEST RESULT COLORS
 ******************************/
span.passed,
.passed .col-result {
  color: green;
}

span.skipped,
span.xfailed,
span.rerun,
.skipped .col-result,
.xfailed .col-result,
.rerun .col-result {
  color: orange;
}

span.error,
span.failed,
span.xpassed,
.error .col-result,
.failed .col-result,
.xpassed .col-result {
  color: red;
}

.col-links__extra {
  margin-right: 3px;
}

/******************************
 * RESULTS TABLE
 *
 * 1. Table Layout
 * 2. Extra
 * 3. Sorting items
 *
 ******************************/
/*------------------
 * 1. Table Layout
 *------------------*/
#results-table {
  border: 1px solid #e6e6e6;
  color: #999;
  font-size: 12px;
  width: 100%;
}
#results-table th,
#results-table td {
  padding: 5px;
  border: 1px solid #e6e6e6;
  text-align: left;
}
#results-table th {
  font-weight: bold;
}

/*------------------
 * 2. Extra
 *------------------*/
.logwrapper {
  max-height: 230px;
  overflow-y: scroll;
  background-color: #e6e6e6;
}
.logwrapper.expanded {
  max-height: none;
}
.logwrapper.expanded .logexpander:after {
  content: "collapse [-]";
}
.logwrapper .logexpander {
  z-index: 1;
  position: sticky;
  top: 10px;
  width: max-content;
  border: 1px solid;
  border-radius: 3px;
  padding: 5px 7px;
  margin: 10px 0 10px calc(100% - 80px);
  cursor: pointer;
  background-color: #e6e6e6;
}
.logwrapper .logexpander:after {
  content: "expand [+]";
}
.logwrapper .logexpander:hover {
  color: #000;
  border-color: #000;
}
.logwrapper .log {
  min-height: 40px;
  position: relative;
  top: -50px;
  height: calc(100% + 50px);
  border: 1px solid #e6e6e6;
  color: black;
  display: block;
  font-family: "Courier New", Courier, monospace;
  padding: 5px;
  padding-right: 80px;
  white-space: pre-wrap;
}

div.media {
  border: 1px solid #e6e6e6;
  float: right;
  height: 240px;
  margin: 0 5px;
  overflow: hidden;
  width: 320px;
}

.media-container {
  display: grid;
  grid-template-columns: 25px auto 25px;
  align-items: center;
  flex: 1 1;
  overflow: hidden;
  height: 200px;
}

.media-container--fullscreen {
  grid-template-columns: 0px auto 0px;
}

.media-container__nav--right,
.media-container__nav--left {
  text-align: center;
  cursor: pointer;
}

.media-container__viewport {
  cursor: pointer;
  text-align: center;
  height: inherit;
}
.media-container__viewport img,
.media-container__viewport video {
  object-fit: cover;
  width: 100%;
  max-height: 100%;
}

.media__name,
.media__counter {
  display: flex;
  flex-direction: row;
  justify-content: space-around;
  flex: 0 0 25px;
  align-items: center;
}

.collapsible td:not(.col-links) {
  cursor: pointer;
}
.collapsible td:not(.col-links):hover::after {
  color: #bbb;
  font-style: italic;
  cursor: pointer;
}

.col-result {
  width: 130px;
}
.col-result:hover::after {
  content: " (hide details)";
}

.col-result.collapsed:hover::after {
  content: " (show details)";
}

#environment-header h2:hover::after {
  content: " (hide details)";
  color: #bbb;
  font-style: italic;
  cursor: pointer;
  font-size: 12px;
}

#environment-header.collapsed h2:hover::after {
  content: " (show details)";
  color: #bbb;
  font-style: italic;
  cursor: pointer;
  font-size: 12px;
}

/*------------------
 * 3. Sorting items
 *------------------*/
.sortable {
  cursor: pointer;
}
.sortable.desc:after {
  content: " ";
  position: relative;
  left: 5px;
  bottom: -12.5px;
  border: 10px solid #4caf50;
  border-bottom: 0;
  border-left-color: transparent;
  border-right-color: transparent;
}
.sortable.asc:after {
  content: " ";
  position: relative;
  left: 5px;
  bottom: 12.5px;
  border: 10px solid #4caf50;
  border-top: 0;
  border-left-color: transparent;
  border-right-color: transparent;
}

.hidden, .summary__reload__button.hidden {
  display: none;
}

.summary__data {
  flex: 0 0 550px;
}
.summary__reload {
  flex: 1 1;
  display: flex;
  justify-content: center;
}
.summary__reload__button {
  flex: 0 0 300px;
  display: flex;
  color: white;
  font-weight: bold;
  background-color: #4caf50;
  text-align: center;
  justify-content: center;
  align-items: center;
  border-radius: 3px;
  cursor: pointer;
}
.summary__reload__button:hover {
  background-color: #46a049;
}
.summary__spacer {
  flex: 0 0 550px;
}

.controls {
  display: flex;
  justify-content: space-between;
}

.filters,
.collapse {
  display: flex;
  align-items: center;
}
.filters button,
.collapse button {
  color: #999;
  border: none;
  background: none;
  cursor: pointer;
  text-decoration: underline;
}
.filters button:hover,
.collapse button:hover {
  color: #ccc;
}

.filter__label {
  margin-right: 10px;
}

      </style>
    
  </head>
  <body>
    <h1 id="title">unit-report.html</h1>
    <p>Report generated on 13-Jul-2025 at 18:43:26 by <a href="https://pypi.python.org/pypi/pytest-html">pytest-html</a>
        v4.1.1</p>
    <div id="environment-header">
      <h2>Environment</h2>
    </div>
    <table id="environment"></table>
    <!-- TEMPLATES -->
      <template id="template_environment_row">
      <tr>
        <td></td>
        <td></td>
      </tr>
    </template>
    <template id="template_results-table__body--empty">
      <tbody class="results-table-row">
        <tr id="not-found-message">
          <td colspan="4">No results found. Check the filters.</th>
        </tr>
    </template>
    <template id="template_results-table__tbody">
      <tbody class="results-table-row">
        <tr class="collapsible">
        </tr>
        <tr class="extras-row">
          <td class="extra" colspan="4">
            <div class="extraHTML"></div>
            <div class="media">
              <div class="media-container">
                  <div class="media-container__nav--left"><</div>
                  <div class="media-container__viewport">
                    <img src="" />
                    <video controls>
                      <source src="" type="video/mp4">
                    </video>
                  </div>
                  <div class="media-container__nav--right">></div>
                </div>
                <div class="media__name"></div>
                <div class="media__counter"></div>
            </div>
            <div class="logwrapper">
              <div class="logexpander"></div>
              <div class="log"></div>
            </div>
          </td>
        </tr>
      </tbody>
    </template>
    <!-- END TEMPLATES -->
    <div class="summary">
      <div class="summary__data">
        <h2>Summary</h2>
        <div class="additional-summary prefix">
        </div>
        <p class="run-count">126 tests took 366 ms.</p>
        <p class="filter">(Un)check the boxes to filter the results.</p>
        <div class="summary__reload">
          <div class="summary__reload__button hidden" onclick="location.reload()">
            <div>There are still tests running. <br />Reload this page to get the latest results!</div>
          </div>
        </div>
        <div class="summary__spacer"></div>
        <div class="controls">
          <div class="filters">
            <input checked="true" class="filter" name="filter_checkbox" type="checkbox" data-test-result="failed" />
            <span class="failed">66 Failed,</span>
            <input checked="true" class="filter" name="filter_checkbox" type="checkbox" data-test-result="passed" />
            <span class="passed">60 Passed,</span>
            <input checked="true" class="filter" name="filter_checkbox" type="checkbox" data-test-result="skipped" disabled/>
            <span class="skipped">0 Skipped,</span>
            <input checked="true" class="filter" name="filter_checkbox" type="checkbox" data-test-result="xfailed" disabled/>
            <span class="xfailed">0 Expected failures,</span>
            <input checked="true" class="filter" name="filter_checkbox" type="checkbox" data-test-result="xpassed" disabled/>
            <span class="xpassed">0 Unexpected passes,</span>
            <input checked="true" class="filter" name="filter_checkbox" type="checkbox" data-test-result="error" disabled/>
            <span class="error">0 Errors,</span>
            <input checked="true" class="filter" name="filter_checkbox" type="checkbox" data-test-result="rerun" disabled/>
            <span class="rerun">0 Reruns</span>
          </div>
          <div class="collapse">
            <button id="show_all_details">Show all details</button>&nbsp;/&nbsp;<button id="hide_all_details">Hide all details</button>
          </div>
        </div>
      </div>
      <div class="additional-summary summary">
      </div>
      <div class="additional-summary postfix">
      </div>
    </div>
    <table id="results-table">
      <thead id="results-table-head">
        <tr>
          <th class="sortable" data-column-type="result">Result</th>
          <th class="sortable" data-column-type="testId">Test</th>
          <th class="sortable" data-column-type="duration">Duration</th>
          <th>Links</th>
        </tr>
      </thead>
    </table>
  </body>
  <footer>
    <div id="data-container" data-jsonblob="{&#34;environment&#34;: {&#34;Python&#34;: &#34;3.12.3&#34;, &#34;Platform&#34;: &#34;Linux-6.8.0-62-generic-x86_64-with-glibc2.39&#34;, &#34;Packages&#34;: {&#34;pytest&#34;: &#34;8.4.1&#34;, &#34;pluggy&#34;: &#34;1.6.0&#34;}, &#34;Plugins&#34;: {&#34;metadata&#34;: &#34;3.1.1&#34;, &#34;mock&#34;: &#34;3.14.1&#34;, &#34;anyio&#34;: &#34;4.9.0&#34;, &#34;Faker&#34;: &#34;37.4.0&#34;, &#34;benchmark&#34;: &#34;5.1.0&#34;, &#34;allure-pytest&#34;: &#34;2.14.3&#34;, &#34;parallel&#34;: &#34;0.1.1&#34;, &#34;cov&#34;: &#34;4.1.0&#34;, &#34;xdist&#34;: &#34;3.8.0&#34;, &#34;forked&#34;: &#34;1.6.0&#34;, &#34;timeout&#34;: &#34;2.4.0&#34;, &#34;postgresql&#34;: &#34;7.0.2&#34;, &#34;asyncio&#34;: &#34;0.21.2&#34;, &#34;redis&#34;: &#34;3.1.3&#34;, &#34;socket&#34;: &#34;0.7.0&#34;, &#34;doctestplus&#34;: &#34;1.4.0&#34;, &#34;html&#34;: &#34;4.1.1&#34;, &#34;pytest_httpserver&#34;: &#34;1.1.3&#34;, &#34;json-report&#34;: &#34;1.5.0&#34;}}, &#34;tests&#34;: {&#34;tests/unit/test_consumption_service.py::TestConsumptionService::test_get_consumption_data_success&#34;: [{&#34;extras&#34;: [], &#34;result&#34;: &#34;Failed&#34;, &#34;testId&#34;: &#34;tests/unit/test_consumption_service.py::TestConsumptionService::test_get_consumption_data_success&#34;, &#34;duration&#34;: &#34;53 ms&#34;, &#34;resultsTableRow&#34;: [&#34;&lt;td class=\&#34;col-result\&#34;&gt;Failed&lt;/td&gt;&#34;, &#34;&lt;td class=\&#34;col-testId\&#34;&gt;tests/unit/test_consumption_service.py::TestConsumptionService::test_get_consumption_data_success&lt;/td&gt;&#34;, &#34;&lt;td class=\&#34;col-duration\&#34;&gt;53 ms&lt;/td&gt;&#34;, &#34;&lt;td class=\&#34;col-links\&#34;&gt;&lt;/td&gt;&#34;], &#34;log&#34;: &#34;self = &amp;lt;test_consumption_service.TestConsumptionService object at 0x718e1a5d2540&amp;gt;\nconsumption_service = &amp;lt;src.api.services.consumption_service.ConsumptionService object at 0x718e18bff410&amp;gt;\nmock_hybrid_service = &amp;lt;AsyncMock id=&amp;#x27;124855114521376&amp;#x27;&amp;gt;\ntest_date_range = {&amp;#x27;end_time&amp;#x27;: datetime.datetime(2025, 7, 13, 18, 43, 24, 22468), &amp;#x27;start_time&amp;#x27;: datetime.datetime(2025, 6, 13, 18, 43, 24, 22468)}\n\n    @pytest.mark.asyncio\n    async def test_get_consumption_data_success(\n        self, consumption_service, mock_hybrid_service, test_date_range\n    ):\n        &amp;quot;&amp;quot;&amp;quot;Test successful consumption data retrieval.&amp;quot;&amp;quot;&amp;quot;\n        # Act\n        result = await consumption_service.get_consumption_data(\n            mock_hybrid_service,\n            test_date_range[&amp;quot;start_time&amp;quot;],\n            test_date_range[&amp;quot;end_time&amp;quot;]\n        )\n    \n        # Assert\n        assert isinstance(result, list)\n&amp;gt;       assert len(result) == 2\nE       assert 0 == 2\nE        +  where 0 = len([])\n\ntests/unit/test_consumption_service.py:66: AssertionError\n&#34;}], &#34;tests/unit/test_consumption_service.py::TestConsumptionService::test_get_consumption_data_with_nodes_filter&#34;: [{&#34;extras&#34;: [], &#34;result&#34;: &#34;Failed&#34;, &#34;testId&#34;: &#34;tests/unit/test_consumption_service.py::TestConsumptionService::test_get_consumption_data_with_nodes_filter&#34;, &#34;duration&#34;: &#34;3 ms&#34;, &#34;resultsTableRow&#34;: [&#34;&lt;td class=\&#34;col-result\&#34;&gt;Failed&lt;/td&gt;&#34;, &#34;&lt;td class=\&#34;col-testId\&#34;&gt;tests/unit/test_consumption_service.py::TestConsumptionService::test_get_consumption_data_with_nodes_filter&lt;/td&gt;&#34;, &#34;&lt;td class=\&#34;col-duration\&#34;&gt;3 ms&lt;/td&gt;&#34;, &#34;&lt;td class=\&#34;col-links\&#34;&gt;&lt;/td&gt;&#34;], &#34;log&#34;: &#34;self = &amp;lt;AsyncMock name=&amp;#x27;mock.get_consumption_data&amp;#x27; id=&amp;#x27;124855111775440&amp;#x27;&amp;gt;\nargs = (datetime.datetime(2025, 6, 13, 18, 43, 24, 199107), datetime.datetime(2025, 7, 13, 18, 43, 24, 199107), [&amp;#x27;NODE_001&amp;#x27;], None)\nkwargs = {}, msg = &amp;quot;Expected &amp;#x27;get_consumption_data&amp;#x27; to be called once. Called 0 times.&amp;quot;\n\n    def assert_called_once_with(self, /, *args, **kwargs):\n        &amp;quot;&amp;quot;&amp;quot;assert that the mock was called exactly once and that that call was\n        with the specified arguments.&amp;quot;&amp;quot;&amp;quot;\n        if not self.call_count == 1:\n            msg = (&amp;quot;Expected &amp;#x27;%s&amp;#x27; to be called once. Called %s times.%s&amp;quot;\n                   % (self._mock_name or &amp;#x27;mock&amp;#x27;,\n                      self.call_count,\n                      self._calls_repr()))\n&amp;gt;           raise AssertionError(msg)\nE           AssertionError: Expected &amp;#x27;get_consumption_data&amp;#x27; to be called once. Called 0 times.\n\n/usr/lib/python3.12/unittest/mock.py:955: AssertionError\n\nDuring handling of the above exception, another exception occurred:\n\nself = &amp;lt;test_consumption_service.TestConsumptionService object at 0x718e1a5d1f40&amp;gt;\nconsumption_service = &amp;lt;src.api.services.consumption_service.ConsumptionService object at 0x718e1895e360&amp;gt;\nmock_hybrid_service = &amp;lt;AsyncMock id=&amp;#x27;124855111770256&amp;#x27;&amp;gt;\ntest_date_range = {&amp;#x27;end_time&amp;#x27;: datetime.datetime(2025, 7, 13, 18, 43, 24, 199107), &amp;#x27;start_time&amp;#x27;: datetime.datetime(2025, 6, 13, 18, 43, 24, 199107)}\n\n    @pytest.mark.asyncio\n    async def test_get_consumption_data_with_nodes_filter(\n        self, consumption_service, mock_hybrid_service, test_date_range\n    ):\n        &amp;quot;&amp;quot;&amp;quot;Test consumption data retrieval with node filtering.&amp;quot;&amp;quot;&amp;quot;\n        # Arrange\n        selected_nodes = [&amp;quot;NODE_001&amp;quot;]\n    \n        # Act\n        result = await consumption_service.get_consumption_data(\n            mock_hybrid_service,\n            test_date_range[&amp;quot;start_time&amp;quot;],\n            test_date_range[&amp;quot;end_time&amp;quot;],\n            selected_nodes\n        )\n    \n        # Assert\n&amp;gt;       mock_hybrid_service.get_consumption_data.assert_called_once_with(\n            test_date_range[&amp;quot;start_time&amp;quot;],\n            test_date_range[&amp;quot;end_time&amp;quot;],\n            selected_nodes,\n            None\n        )\nE       AssertionError: Expected &amp;#x27;get_consumption_data&amp;#x27; to be called once. Called 0 times.\n\ntests/unit/test_consumption_service.py:92: AssertionError\n&#34;}], &#34;tests/unit/test_consumption_service.py::TestConsumptionService::test_get_consumption_data_empty_result&#34;: [{&#34;extras&#34;: [], &#34;result&#34;: &#34;Passed&#34;, &#34;testId&#34;: &#34;tests/unit/test_consumption_service.py::TestConsumptionService::test_get_consumption_data_empty_result&#34;, &#34;duration&#34;: &#34;2 ms&#34;, &#34;resultsTableRow&#34;: [&#34;&lt;td class=\&#34;col-result\&#34;&gt;Passed&lt;/td&gt;&#34;, &#34;&lt;td class=\&#34;col-testId\&#34;&gt;tests/unit/test_consumption_service.py::TestConsumptionService::test_get_consumption_data_empty_result&lt;/td&gt;&#34;, &#34;&lt;td class=\&#34;col-duration\&#34;&gt;2 ms&lt;/td&gt;&#34;, &#34;&lt;td class=\&#34;col-links\&#34;&gt;&lt;/td&gt;&#34;], &#34;log&#34;: &#34;No log output captured.&#34;}], &#34;tests/unit/test_consumption_service.py::TestConsumptionService::test_get_consumption_analytics_success&#34;: [{&#34;extras&#34;: [], &#34;result&#34;: &#34;Failed&#34;, &#34;testId&#34;: &#34;tests/unit/test_consumption_service.py::TestConsumptionService::test_get_consumption_analytics_success&#34;, &#34;duration&#34;: &#34;2 ms&#34;, &#34;resultsTableRow&#34;: [&#34;&lt;td class=\&#34;col-result\&#34;&gt;Failed&lt;/td&gt;&#34;, &#34;&lt;td class=\&#34;col-testId\&#34;&gt;tests/unit/test_consumption_service.py::TestConsumptionService::test_get_consumption_analytics_success&lt;/td&gt;&#34;, &#34;&lt;td class=\&#34;col-duration\&#34;&gt;2 ms&lt;/td&gt;&#34;, &#34;&lt;td class=\&#34;col-links\&#34;&gt;&lt;/td&gt;&#34;], &#34;log&#34;: &#34;self = &amp;lt;test_consumption_service.TestConsumptionService object at 0x718e1a1001a0&amp;gt;\nconsumption_service = &amp;lt;src.api.services.consumption_service.ConsumptionService object at 0x718e189f3260&amp;gt;\nmock_hybrid_service = &amp;lt;AsyncMock id=&amp;#x27;124855112381504&amp;#x27;&amp;gt;\ntest_date_range = {&amp;#x27;end_time&amp;#x27;: datetime.datetime(2025, 7, 13, 18, 43, 24, 287469), &amp;#x27;start_time&amp;#x27;: datetime.datetime(2025, 6, 13, 18, 43, 24, 287469)}\n\n    @pytest.mark.asyncio\n    async def test_get_consumption_analytics_success(\n        self, consumption_service, mock_hybrid_service, test_date_range\n    ):\n        &amp;quot;&amp;quot;&amp;quot;Test successful consumption analytics generation.&amp;quot;&amp;quot;&amp;quot;\n        # Arrange\n        mock_hybrid_service.get_consumption_data.return_value = [\n            {\n                &amp;quot;node_id&amp;quot;: &amp;quot;NODE_001&amp;quot;,\n                &amp;quot;timestamp&amp;quot;: &amp;quot;2024-01-01T10:00:00&amp;quot;,\n                &amp;quot;consumption_value&amp;quot;: 100.0,\n                &amp;quot;region&amp;quot;: &amp;quot;North&amp;quot;,\n                &amp;quot;unit&amp;quot;: &amp;quot;liters&amp;quot;\n            },\n            {\n                &amp;quot;node_id&amp;quot;: &amp;quot;NODE_001&amp;quot;,\n                &amp;quot;timestamp&amp;quot;: &amp;quot;2024-01-01T11:00:00&amp;quot;,\n                &amp;quot;consumption_value&amp;quot;: 150.0,\n                &amp;quot;region&amp;quot;: &amp;quot;North&amp;quot;,\n                &amp;quot;unit&amp;quot;: &amp;quot;liters&amp;quot;\n            },\n            {\n                &amp;quot;node_id&amp;quot;: &amp;quot;NODE_002&amp;quot;,\n                &amp;quot;timestamp&amp;quot;: &amp;quot;2024-01-01T10:00:00&amp;quot;,\n                &amp;quot;consumption_value&amp;quot;: 200.0,\n                &amp;quot;region&amp;quot;: &amp;quot;South&amp;quot;,\n                &amp;quot;unit&amp;quot;: &amp;quot;liters&amp;quot;\n            }\n        ]\n    \n        # Act\n        result = await consumption_service.get_consumption_analytics(\n            mock_hybrid_service,\n            test_date_range[&amp;quot;start_time&amp;quot;],\n            test_date_range[&amp;quot;end_time&amp;quot;]\n        )\n    \n        # Assert\n&amp;gt;       assert isinstance(result, ConsumptionAnalytics)\nE       assert False\nE        +  where False = isinstance(namespace(total_consumption=1500.0, average_consumption=125.0, peak_consumption=300.0, top_consumers=[], consumption_by_region={}), ConsumptionAnalytics)\n\ntests/unit/test_consumption_service.py:157: AssertionError\n&#34;}], &#34;tests/unit/test_consumption_service.py::TestConsumptionService::test_get_node_consumption_success&#34;: [{&#34;extras&#34;: [], &#34;result&#34;: &#34;Failed&#34;, &#34;testId&#34;: &#34;tests/unit/test_consumption_service.py::TestConsumptionService::test_get_node_consumption_success&#34;, &#34;duration&#34;: &#34;2 ms&#34;, &#34;resultsTableRow&#34;: [&#34;&lt;td class=\&#34;col-result\&#34;&gt;Failed&lt;/td&gt;&#34;, &#34;&lt;td class=\&#34;col-testId\&#34;&gt;tests/unit/test_consumption_service.py::TestConsumptionService::test_get_node_consumption_success&lt;/td&gt;&#34;, &#34;&lt;td class=\&#34;col-duration\&#34;&gt;2 ms&lt;/td&gt;&#34;, &#34;&lt;td class=\&#34;col-links\&#34;&gt;&lt;/td&gt;&#34;], &#34;log&#34;: &#34;self = &amp;lt;test_consumption_service.TestConsumptionService object at 0x718e1a100380&amp;gt;\nconsumption_service = &amp;lt;src.api.services.consumption_service.ConsumptionService object at 0x718e189f2fc0&amp;gt;\nmock_hybrid_service = &amp;lt;AsyncMock id=&amp;#x27;124855112377376&amp;#x27;&amp;gt;\ntest_date_range = {&amp;#x27;end_time&amp;#x27;: datetime.datetime(2025, 7, 13, 18, 43, 24, 303998), &amp;#x27;start_time&amp;#x27;: datetime.datetime(2025, 6, 13, 18, 43, 24, 303998)}\n\n    @pytest.mark.asyncio\n    async def test_get_node_consumption_success(\n        self, consumption_service, mock_hybrid_service, test_date_range\n    ):\n        &amp;quot;&amp;quot;&amp;quot;Test successful node consumption retrieval.&amp;quot;&amp;quot;&amp;quot;\n        # Arrange\n        node_id = &amp;quot;NODE_001&amp;quot;\n        mock_hybrid_service.get_node_consumption.return_value = [\n            {\n                &amp;quot;node_id&amp;quot;: &amp;quot;NODE_001&amp;quot;,\n                &amp;quot;timestamp&amp;quot;: &amp;quot;2024-01-01T10:00:00&amp;quot;,\n                &amp;quot;consumption_value&amp;quot;: 150.0,\n                &amp;quot;region&amp;quot;: &amp;quot;North&amp;quot;,\n                &amp;quot;unit&amp;quot;: &amp;quot;liters&amp;quot;\n            }\n        ]\n    \n        # Act\n        result = await consumption_service.get_node_consumption(\n            mock_hybrid_service,\n            node_id,\n            test_date_range[&amp;quot;start_time&amp;quot;],\n            test_date_range[&amp;quot;end_time&amp;quot;]\n        )\n    \n        # Assert\n        assert isinstance(result, list)\n&amp;gt;       assert len(result) &amp;gt; 0\nE       assert 0 &amp;gt; 0\nE        +  where 0 = len([])\n\ntests/unit/test_consumption_service.py:191: AssertionError\n&#34;}], &#34;tests/unit/test_consumption_service.py::TestConsumptionService::test_get_consumption_trends_success&#34;: [{&#34;extras&#34;: [], &#34;result&#34;: &#34;Failed&#34;, &#34;testId&#34;: &#34;tests/unit/test_consumption_service.py::TestConsumptionService::test_get_consumption_trends_success&#34;, &#34;duration&#34;: &#34;2 ms&#34;, &#34;resultsTableRow&#34;: [&#34;&lt;td class=\&#34;col-result\&#34;&gt;Failed&lt;/td&gt;&#34;, &#34;&lt;td class=\&#34;col-testId\&#34;&gt;tests/unit/test_consumption_service.py::TestConsumptionService::test_get_consumption_trends_success&lt;/td&gt;&#34;, &#34;&lt;td class=\&#34;col-duration\&#34;&gt;2 ms&lt;/td&gt;&#34;, &#34;&lt;td class=\&#34;col-links\&#34;&gt;&lt;/td&gt;&#34;], &#34;log&#34;: &#34;self = &amp;lt;test_consumption_service.TestConsumptionService object at 0x718e1a100560&amp;gt;\nconsumption_service = &amp;lt;src.api.services.consumption_service.ConsumptionService object at 0x718e189f3f50&amp;gt;\nmock_hybrid_service = &amp;lt;AsyncMock id=&amp;#x27;124855112383232&amp;#x27;&amp;gt;\ntest_date_range = {&amp;#x27;end_time&amp;#x27;: datetime.datetime(2025, 7, 13, 18, 43, 24, 320256), &amp;#x27;start_time&amp;#x27;: datetime.datetime(2025, 6, 13, 18, 43, 24, 320256)}\n\n    @pytest.mark.asyncio\n    async def test_get_consumption_trends_success(\n        self, consumption_service, mock_hybrid_service, test_date_range\n    ):\n        &amp;quot;&amp;quot;&amp;quot;Test successful consumption trends analysis.&amp;quot;&amp;quot;&amp;quot;\n        # Arrange\n        mock_hybrid_service.get_consumption_data.return_value = [\n            {\n                &amp;quot;node_id&amp;quot;: &amp;quot;NODE_001&amp;quot;,\n                &amp;quot;timestamp&amp;quot;: &amp;quot;2024-01-01T10:00:00&amp;quot;,\n                &amp;quot;consumption_value&amp;quot;: 100.0,\n                &amp;quot;region&amp;quot;: &amp;quot;North&amp;quot;,\n                &amp;quot;unit&amp;quot;: &amp;quot;liters&amp;quot;\n            },\n            {\n                &amp;quot;node_id&amp;quot;: &amp;quot;NODE_001&amp;quot;,\n                &amp;quot;timestamp&amp;quot;: &amp;quot;2024-01-02T10:00:00&amp;quot;,\n                &amp;quot;consumption_value&amp;quot;: 110.0,\n                &amp;quot;region&amp;quot;: &amp;quot;North&amp;quot;,\n                &amp;quot;unit&amp;quot;: &amp;quot;liters&amp;quot;\n            }\n        ]\n    \n        # Act\n        result = await consumption_service.get_consumption_trends(\n            mock_hybrid_service,\n            test_date_range[&amp;quot;start_time&amp;quot;],\n            test_date_range[&amp;quot;end_time&amp;quot;]\n        )\n    \n        # Assert\n        assert isinstance(result, list)\n&amp;gt;       assert len(result) &amp;gt; 0\nE       assert 0 &amp;gt; 0\nE        +  where 0 = len([])\n\ntests/unit/test_consumption_service.py:231: AssertionError\n&#34;}], &#34;tests/unit/test_consumption_service.py::TestConsumptionService::test_detect_consumption_anomalies_success&#34;: [{&#34;extras&#34;: [], &#34;result&#34;: &#34;Passed&#34;, &#34;testId&#34;: &#34;tests/unit/test_consumption_service.py::TestConsumptionService::test_detect_consumption_anomalies_success&#34;, &#34;duration&#34;: &#34;2 ms&#34;, &#34;resultsTableRow&#34;: [&#34;&lt;td class=\&#34;col-result\&#34;&gt;Passed&lt;/td&gt;&#34;, &#34;&lt;td class=\&#34;col-testId\&#34;&gt;tests/unit/test_consumption_service.py::TestConsumptionService::test_detect_consumption_anomalies_success&lt;/td&gt;&#34;, &#34;&lt;td class=\&#34;col-duration\&#34;&gt;2 ms&lt;/td&gt;&#34;, &#34;&lt;td class=\&#34;col-links\&#34;&gt;&lt;/td&gt;&#34;], &#34;log&#34;: &#34;No log output captured.&#34;}], &#34;tests/unit/test_consumption_service.py::TestConsumptionService::test_get_consumption_forecast_success&#34;: [{&#34;extras&#34;: [], &#34;result&#34;: &#34;Failed&#34;, &#34;testId&#34;: &#34;tests/unit/test_consumption_service.py::TestConsumptionService::test_get_consumption_forecast_success&#34;, &#34;duration&#34;: &#34;2 ms&#34;, &#34;resultsTableRow&#34;: [&#34;&lt;td class=\&#34;col-result\&#34;&gt;Failed&lt;/td&gt;&#34;, &#34;&lt;td class=\&#34;col-testId\&#34;&gt;tests/unit/test_consumption_service.py::TestConsumptionService::test_get_consumption_forecast_success&lt;/td&gt;&#34;, &#34;&lt;td class=\&#34;col-duration\&#34;&gt;2 ms&lt;/td&gt;&#34;, &#34;&lt;td class=\&#34;col-links\&#34;&gt;&lt;/td&gt;&#34;], &#34;log&#34;: &#34;self = &amp;lt;test_consumption_service.TestConsumptionService object at 0x718e1a100920&amp;gt;\nconsumption_service = &amp;lt;src.api.services.consumption_service.ConsumptionService object at 0x718e18a0c230&amp;gt;\nmock_hybrid_service = &amp;lt;AsyncMock id=&amp;#x27;124855112483328&amp;#x27;&amp;gt;\ntest_date_range = {&amp;#x27;end_time&amp;#x27;: datetime.datetime(2025, 7, 13, 18, 43, 24, 339115), &amp;#x27;start_time&amp;#x27;: datetime.datetime(2025, 6, 13, 18, 43, 24, 339115)}\n\n    @pytest.mark.asyncio\n    async def test_get_consumption_forecast_success(\n        self, consumption_service, mock_hybrid_service, test_date_range\n    ):\n        &amp;quot;&amp;quot;&amp;quot;Test successful consumption forecasting.&amp;quot;&amp;quot;&amp;quot;\n        # Arrange\n        mock_hybrid_service.get_consumption_data.return_value = [\n            {\n                &amp;quot;node_id&amp;quot;: &amp;quot;NODE_001&amp;quot;,\n                &amp;quot;timestamp&amp;quot;: f&amp;quot;2024-01-{i:02d}T10:00:00&amp;quot;,\n                &amp;quot;consumption_value&amp;quot;: 100.0 + i * 5,  # Trending upward\n                &amp;quot;region&amp;quot;: &amp;quot;North&amp;quot;,\n                &amp;quot;unit&amp;quot;: &amp;quot;liters&amp;quot;\n            }\n            for i in range(1, 31)  # 30 days of data\n        ]\n    \n        # Act\n        result = await consumption_service.get_consumption_forecast(\n            mock_hybrid_service,\n            test_date_range[&amp;quot;start_time&amp;quot;],\n            test_date_range[&amp;quot;end_time&amp;quot;],\n            forecast_days=7\n        )\n    \n        # Assert\n        assert isinstance(result, list)\n&amp;gt;       assert len(result) &amp;gt; 0\nE       assert 0 &amp;gt; 0\nE        +  where 0 = len([])\n\ntests/unit/test_consumption_service.py:306: AssertionError\n&#34;}], &#34;tests/unit/test_consumption_service.py::TestConsumptionService::test_get_optimization_suggestions_success&#34;: [{&#34;extras&#34;: [], &#34;result&#34;: &#34;Passed&#34;, &#34;testId&#34;: &#34;tests/unit/test_consumption_service.py::TestConsumptionService::test_get_optimization_suggestions_success&#34;, &#34;duration&#34;: &#34;1 ms&#34;, &#34;resultsTableRow&#34;: [&#34;&lt;td class=\&#34;col-result\&#34;&gt;Passed&lt;/td&gt;&#34;, &#34;&lt;td class=\&#34;col-testId\&#34;&gt;tests/unit/test_consumption_service.py::TestConsumptionService::test_get_optimization_suggestions_success&lt;/td&gt;&#34;, &#34;&lt;td class=\&#34;col-duration\&#34;&gt;1 ms&lt;/td&gt;&#34;, &#34;&lt;td class=\&#34;col-links\&#34;&gt;&lt;/td&gt;&#34;], &#34;log&#34;: &#34;No log output captured.&#34;}], &#34;tests/unit/test_consumption_service.py::TestConsumptionService::test_consumption_service_error_handling&#34;: [{&#34;extras&#34;: [], &#34;result&#34;: &#34;Failed&#34;, &#34;testId&#34;: &#34;tests/unit/test_consumption_service.py::TestConsumptionService::test_consumption_service_error_handling&#34;, &#34;duration&#34;: &#34;3 ms&#34;, &#34;resultsTableRow&#34;: [&#34;&lt;td class=\&#34;col-result\&#34;&gt;Failed&lt;/td&gt;&#34;, &#34;&lt;td class=\&#34;col-testId\&#34;&gt;tests/unit/test_consumption_service.py::TestConsumptionService::test_consumption_service_error_handling&lt;/td&gt;&#34;, &#34;&lt;td class=\&#34;col-duration\&#34;&gt;3 ms&lt;/td&gt;&#34;, &#34;&lt;td class=\&#34;col-links\&#34;&gt;&lt;/td&gt;&#34;], &#34;log&#34;: &#34;self = &amp;lt;test_consumption_service.TestConsumptionService object at 0x718e1a100cb0&amp;gt;\nconsumption_service = &amp;lt;src.api.services.consumption_service.ConsumptionService object at 0x718e189e08f0&amp;gt;\ntest_date_range = {&amp;#x27;end_time&amp;#x27;: datetime.datetime(2025, 7, 13, 18, 43, 24, 358436), &amp;#x27;start_time&amp;#x27;: datetime.datetime(2025, 6, 13, 18, 43, 24, 358436)}\n\n    @pytest.mark.asyncio\n    async def test_consumption_service_error_handling(\n        self, consumption_service, test_date_range\n    ):\n        &amp;quot;&amp;quot;&amp;quot;Test error handling in consumption service.&amp;quot;&amp;quot;&amp;quot;\n        # Arrange\n        mock_service = AsyncMock()\n        mock_service.get_consumption_data.side_effect = Exception(&amp;quot;Database error&amp;quot;)\n    \n        # Act &amp;amp; Assert\n&amp;gt;       with pytest.raises(Exception):\nE       Failed: DID NOT RAISE &amp;lt;class &amp;#x27;Exception&amp;#x27;&amp;gt;\n\ntests/unit/test_consumption_service.py:366: Failed\n&#34;}], &#34;tests/unit/test_consumption_service.py::TestConsumptionService::test_consumption_analytics_calculations&#34;: [{&#34;extras&#34;: [], &#34;result&#34;: &#34;Passed&#34;, &#34;testId&#34;: &#34;tests/unit/test_consumption_service.py::TestConsumptionService::test_consumption_analytics_calculations&#34;, &#34;duration&#34;: &#34;1 ms&#34;, &#34;resultsTableRow&#34;: [&#34;&lt;td class=\&#34;col-result\&#34;&gt;Passed&lt;/td&gt;&#34;, &#34;&lt;td class=\&#34;col-testId\&#34;&gt;tests/unit/test_consumption_service.py::TestConsumptionService::test_consumption_analytics_calculations&lt;/td&gt;&#34;, &#34;&lt;td class=\&#34;col-duration\&#34;&gt;1 ms&lt;/td&gt;&#34;, &#34;&lt;td class=\&#34;col-links\&#34;&gt;&lt;/td&gt;&#34;], &#34;log&#34;: &#34;No log output captured.&#34;}], &#34;tests/unit/test_consumption_service.py::TestConsumptionService::test_anomaly_detection_algorithms&#34;: [{&#34;extras&#34;: [], &#34;result&#34;: &#34;Passed&#34;, &#34;testId&#34;: &#34;tests/unit/test_consumption_service.py::TestConsumptionService::test_anomaly_detection_algorithms&#34;, &#34;duration&#34;: &#34;1 ms&#34;, &#34;resultsTableRow&#34;: [&#34;&lt;td class=\&#34;col-result\&#34;&gt;Passed&lt;/td&gt;&#34;, &#34;&lt;td class=\&#34;col-testId\&#34;&gt;tests/unit/test_consumption_service.py::TestConsumptionService::test_anomaly_detection_algorithms&lt;/td&gt;&#34;, &#34;&lt;td class=\&#34;col-duration\&#34;&gt;1 ms&lt;/td&gt;&#34;, &#34;&lt;td class=\&#34;col-links\&#34;&gt;&lt;/td&gt;&#34;], &#34;log&#34;: &#34;No log output captured.&#34;}], &#34;tests/unit/test_consumption_service.py::TestConsumptionService::test_trend_analysis&#34;: [{&#34;extras&#34;: [], &#34;result&#34;: &#34;Passed&#34;, &#34;testId&#34;: &#34;tests/unit/test_consumption_service.py::TestConsumptionService::test_trend_analysis&#34;, &#34;duration&#34;: &#34;1 ms&#34;, &#34;resultsTableRow&#34;: [&#34;&lt;td class=\&#34;col-result\&#34;&gt;Passed&lt;/td&gt;&#34;, &#34;&lt;td class=\&#34;col-testId\&#34;&gt;tests/unit/test_consumption_service.py::TestConsumptionService::test_trend_analysis&lt;/td&gt;&#34;, &#34;&lt;td class=\&#34;col-duration\&#34;&gt;1 ms&lt;/td&gt;&#34;, &#34;&lt;td class=\&#34;col-links\&#34;&gt;&lt;/td&gt;&#34;], &#34;log&#34;: &#34;No log output captured.&#34;}], &#34;tests/unit/test_consumption_service.py::TestConsumptionService::test_forecast_model_selection&#34;: [{&#34;extras&#34;: [], &#34;result&#34;: &#34;Passed&#34;, &#34;testId&#34;: &#34;tests/unit/test_consumption_service.py::TestConsumptionService::test_forecast_model_selection&#34;, &#34;duration&#34;: &#34;1 ms&#34;, &#34;resultsTableRow&#34;: [&#34;&lt;td class=\&#34;col-result\&#34;&gt;Passed&lt;/td&gt;&#34;, &#34;&lt;td class=\&#34;col-testId\&#34;&gt;tests/unit/test_consumption_service.py::TestConsumptionService::test_forecast_model_selection&lt;/td&gt;&#34;, &#34;&lt;td class=\&#34;col-duration\&#34;&gt;1 ms&lt;/td&gt;&#34;, &#34;&lt;td class=\&#34;col-links\&#34;&gt;&lt;/td&gt;&#34;], &#34;log&#34;: &#34;No log output captured.&#34;}], &#34;tests/unit/test_consumption_service.py::TestConsumptionService::test_optimization_suggestion_generation&#34;: [{&#34;extras&#34;: [], &#34;result&#34;: &#34;Passed&#34;, &#34;testId&#34;: &#34;tests/unit/test_consumption_service.py::TestConsumptionService::test_optimization_suggestion_generation&#34;, &#34;duration&#34;: &#34;1 ms&#34;, &#34;resultsTableRow&#34;: [&#34;&lt;td class=\&#34;col-result\&#34;&gt;Passed&lt;/td&gt;&#34;, &#34;&lt;td class=\&#34;col-testId\&#34;&gt;tests/unit/test_consumption_service.py::TestConsumptionService::test_optimization_suggestion_generation&lt;/td&gt;&#34;, &#34;&lt;td class=\&#34;col-duration\&#34;&gt;1 ms&lt;/td&gt;&#34;, &#34;&lt;td class=\&#34;col-links\&#34;&gt;&lt;/td&gt;&#34;], &#34;log&#34;: &#34;No log output captured.&#34;}], &#34;tests/unit/test_consumption_service.py::TestConsumptionService::test_consumption_aggregation_levels[hourly]&#34;: [{&#34;extras&#34;: [], &#34;result&#34;: &#34;Passed&#34;, &#34;testId&#34;: &#34;tests/unit/test_consumption_service.py::TestConsumptionService::test_consumption_aggregation_levels[hourly]&#34;, &#34;duration&#34;: &#34;1 ms&#34;, &#34;resultsTableRow&#34;: [&#34;&lt;td class=\&#34;col-result\&#34;&gt;Passed&lt;/td&gt;&#34;, &#34;&lt;td class=\&#34;col-testId\&#34;&gt;tests/unit/test_consumption_service.py::TestConsumptionService::test_consumption_aggregation_levels[hourly]&lt;/td&gt;&#34;, &#34;&lt;td class=\&#34;col-duration\&#34;&gt;1 ms&lt;/td&gt;&#34;, &#34;&lt;td class=\&#34;col-links\&#34;&gt;&lt;/td&gt;&#34;], &#34;log&#34;: &#34;No log output captured.&#34;}], &#34;tests/unit/test_consumption_service.py::TestConsumptionService::test_consumption_aggregation_levels[daily]&#34;: [{&#34;extras&#34;: [], &#34;result&#34;: &#34;Passed&#34;, &#34;testId&#34;: &#34;tests/unit/test_consumption_service.py::TestConsumptionService::test_consumption_aggregation_levels[daily]&#34;, &#34;duration&#34;: &#34;1 ms&#34;, &#34;resultsTableRow&#34;: [&#34;&lt;td class=\&#34;col-result\&#34;&gt;Passed&lt;/td&gt;&#34;, &#34;&lt;td class=\&#34;col-testId\&#34;&gt;tests/unit/test_consumption_service.py::TestConsumptionService::test_consumption_aggregation_levels[daily]&lt;/td&gt;&#34;, &#34;&lt;td class=\&#34;col-duration\&#34;&gt;1 ms&lt;/td&gt;&#34;, &#34;&lt;td class=\&#34;col-links\&#34;&gt;&lt;/td&gt;&#34;], &#34;log&#34;: &#34;No log output captured.&#34;}], &#34;tests/unit/test_consumption_service.py::TestConsumptionService::test_consumption_aggregation_levels[weekly]&#34;: [{&#34;extras&#34;: [], &#34;result&#34;: &#34;Passed&#34;, &#34;testId&#34;: &#34;tests/unit/test_consumption_service.py::TestConsumptionService::test_consumption_aggregation_levels[weekly]&#34;, &#34;duration&#34;: &#34;1 ms&#34;, &#34;resultsTableRow&#34;: [&#34;&lt;td class=\&#34;col-result\&#34;&gt;Passed&lt;/td&gt;&#34;, &#34;&lt;td class=\&#34;col-testId\&#34;&gt;tests/unit/test_consumption_service.py::TestConsumptionService::test_consumption_aggregation_levels[weekly]&lt;/td&gt;&#34;, &#34;&lt;td class=\&#34;col-duration\&#34;&gt;1 ms&lt;/td&gt;&#34;, &#34;&lt;td class=\&#34;col-links\&#34;&gt;&lt;/td&gt;&#34;], &#34;log&#34;: &#34;No log output captured.&#34;}], &#34;tests/unit/test_consumption_service.py::TestConsumptionService::test_consumption_aggregation_levels[monthly]&#34;: [{&#34;extras&#34;: [], &#34;result&#34;: &#34;Passed&#34;, &#34;testId&#34;: &#34;tests/unit/test_consumption_service.py::TestConsumptionService::test_consumption_aggregation_levels[monthly]&#34;, &#34;duration&#34;: &#34;1 ms&#34;, &#34;resultsTableRow&#34;: [&#34;&lt;td class=\&#34;col-result\&#34;&gt;Passed&lt;/td&gt;&#34;, &#34;&lt;td class=\&#34;col-testId\&#34;&gt;tests/unit/test_consumption_service.py::TestConsumptionService::test_consumption_aggregation_levels[monthly]&lt;/td&gt;&#34;, &#34;&lt;td class=\&#34;col-duration\&#34;&gt;1 ms&lt;/td&gt;&#34;, &#34;&lt;td class=\&#34;col-links\&#34;&gt;&lt;/td&gt;&#34;], &#34;log&#34;: &#34;No log output captured.&#34;}], &#34;tests/unit/test_consumption_service.py::TestConsumptionService::test_consumption_data_validation&#34;: [{&#34;extras&#34;: [], &#34;result&#34;: &#34;Passed&#34;, &#34;testId&#34;: &#34;tests/unit/test_consumption_service.py::TestConsumptionService::test_consumption_data_validation&#34;, &#34;duration&#34;: &#34;1 ms&#34;, &#34;resultsTableRow&#34;: [&#34;&lt;td class=\&#34;col-result\&#34;&gt;Passed&lt;/td&gt;&#34;, &#34;&lt;td class=\&#34;col-testId\&#34;&gt;tests/unit/test_consumption_service.py::TestConsumptionService::test_consumption_data_validation&lt;/td&gt;&#34;, &#34;&lt;td class=\&#34;col-duration\&#34;&gt;1 ms&lt;/td&gt;&#34;, &#34;&lt;td class=\&#34;col-links\&#34;&gt;&lt;/td&gt;&#34;], &#34;log&#34;: &#34;No log output captured.&#34;}], &#34;tests/unit/test_consumption_service.py::TestConsumptionService::test_consumption_service_performance&#34;: [{&#34;extras&#34;: [], &#34;result&#34;: &#34;Failed&#34;, &#34;testId&#34;: &#34;tests/unit/test_consumption_service.py::TestConsumptionService::test_consumption_service_performance&#34;, &#34;duration&#34;: &#34;43 ms&#34;, &#34;resultsTableRow&#34;: [&#34;&lt;td class=\&#34;col-result\&#34;&gt;Failed&lt;/td&gt;&#34;, &#34;&lt;td class=\&#34;col-testId\&#34;&gt;tests/unit/test_consumption_service.py::TestConsumptionService::test_consumption_service_performance&lt;/td&gt;&#34;, &#34;&lt;td class=\&#34;col-duration\&#34;&gt;43 ms&lt;/td&gt;&#34;, &#34;&lt;td class=\&#34;col-links\&#34;&gt;&lt;/td&gt;&#34;], &#34;log&#34;: &#34;self = &amp;lt;test_consumption_service.TestConsumptionService object at 0x718e1a1015b0&amp;gt;\nconsumption_service = &amp;lt;src.api.services.consumption_service.ConsumptionService object at 0x718e189c2990&amp;gt;\nmock_hybrid_service = &amp;lt;AsyncMock id=&amp;#x27;124855112182304&amp;#x27;&amp;gt;\ntest_date_range = {&amp;#x27;end_time&amp;#x27;: datetime.datetime(2025, 7, 13, 18, 43, 24, 393419), &amp;#x27;start_time&amp;#x27;: datetime.datetime(2025, 6, 13, 18, 43, 24, 393419)}\nperformance_tracker = &amp;lt;conftest.PerformanceTracker object at 0x718e189dee40&amp;gt;\n\n    @pytest.mark.asyncio\n    async def test_consumption_service_performance(\n        self, consumption_service, mock_hybrid_service, test_date_range, performance_tracker\n    ):\n        &amp;quot;&amp;quot;&amp;quot;Test consumption service performance.&amp;quot;&amp;quot;&amp;quot;\n        # Arrange\n        large_dataset = [\n            {\n                &amp;quot;node_id&amp;quot;: f&amp;quot;NODE_{i % 100:03d}&amp;quot;,\n                &amp;quot;timestamp&amp;quot;: (datetime.now() - timedelta(hours=i)).isoformat(),\n                &amp;quot;consumption_value&amp;quot;: 100.0 + i % 200,\n                &amp;quot;region&amp;quot;: f&amp;quot;Region_{i % 5}&amp;quot;,\n                &amp;quot;unit&amp;quot;: &amp;quot;liters&amp;quot;\n            }\n            for i in range(10000)  # Large dataset\n        ]\n        mock_hybrid_service.get_consumption_data.return_value = large_dataset\n    \n        # Act\n        performance_tracker.start_timer(&amp;quot;consumption_analytics&amp;quot;)\n        result = await consumption_service.get_consumption_analytics(\n            mock_hybrid_service,\n            test_date_range[&amp;quot;start_time&amp;quot;],\n            test_date_range[&amp;quot;end_time&amp;quot;]\n        )\n        performance_tracker.end_timer(&amp;quot;consumption_analytics&amp;quot;)\n    \n        # Assert\n&amp;gt;       assert isinstance(result, ConsumptionAnalytics)\nE       assert False\nE        +  where False = isinstance(namespace(total_consumption=1500.0, average_consumption=125.0, peak_consumption=300.0, top_consumers=[], consumption_by_region={}), ConsumptionAnalytics)\n\ntests/unit/test_consumption_service.py:551: AssertionError\n&#34;}], &#34;tests/unit/test_consumption_service.py::TestConsumptionService::test_edge_cases&#34;: [{&#34;extras&#34;: [], &#34;result&#34;: &#34;Passed&#34;, &#34;testId&#34;: &#34;tests/unit/test_consumption_service.py::TestConsumptionService::test_edge_cases&#34;, &#34;duration&#34;: &#34;1 ms&#34;, &#34;resultsTableRow&#34;: [&#34;&lt;td class=\&#34;col-result\&#34;&gt;Passed&lt;/td&gt;&#34;, &#34;&lt;td class=\&#34;col-testId\&#34;&gt;tests/unit/test_consumption_service.py::TestConsumptionService::test_edge_cases&lt;/td&gt;&#34;, &#34;&lt;td class=\&#34;col-duration\&#34;&gt;1 ms&lt;/td&gt;&#34;, &#34;&lt;td class=\&#34;col-links\&#34;&gt;&lt;/td&gt;&#34;], &#34;log&#34;: &#34;No log output captured.&#34;}], &#34;tests/unit/test_consumption_service.py::TestConsumptionService::test_private_method_accessibility&#34;: [{&#34;extras&#34;: [], &#34;result&#34;: &#34;Passed&#34;, &#34;testId&#34;: &#34;tests/unit/test_consumption_service.py::TestConsumptionService::test_private_method_accessibility&#34;, &#34;duration&#34;: &#34;1 ms&#34;, &#34;resultsTableRow&#34;: [&#34;&lt;td class=\&#34;col-result\&#34;&gt;Passed&lt;/td&gt;&#34;, &#34;&lt;td class=\&#34;col-testId\&#34;&gt;tests/unit/test_consumption_service.py::TestConsumptionService::test_private_method_accessibility&lt;/td&gt;&#34;, &#34;&lt;td class=\&#34;col-duration\&#34;&gt;1 ms&lt;/td&gt;&#34;, &#34;&lt;td class=\&#34;col-links\&#34;&gt;&lt;/td&gt;&#34;], &#34;log&#34;: &#34;No log output captured.&#34;}], &#34;tests/unit/test_filters_service.py::TestAdvancedFilteringService::test_apply_filters_success&#34;: [{&#34;extras&#34;: [], &#34;result&#34;: &#34;Failed&#34;, &#34;testId&#34;: &#34;tests/unit/test_filters_service.py::TestAdvancedFilteringService::test_apply_filters_success&#34;, &#34;duration&#34;: &#34;1 ms&#34;, &#34;resultsTableRow&#34;: [&#34;&lt;td class=\&#34;col-result\&#34;&gt;Failed&lt;/td&gt;&#34;, &#34;&lt;td class=\&#34;col-testId\&#34;&gt;tests/unit/test_filters_service.py::TestAdvancedFilteringService::test_apply_filters_success&lt;/td&gt;&#34;, &#34;&lt;td class=\&#34;col-duration\&#34;&gt;1 ms&lt;/td&gt;&#34;, &#34;&lt;td class=\&#34;col-links\&#34;&gt;&lt;/td&gt;&#34;], &#34;log&#34;: &#34;self = &amp;lt;test_filters_service.TestAdvancedFilteringService object at 0x718e1a1645f0&amp;gt;\nfiltering_service = &amp;lt;src.api.services.filters_service.AdvancedFilteringService object at 0x718e189e1b50&amp;gt;\nsample_data = [{&amp;#x27;consumption_value&amp;#x27;: 150.0, &amp;#x27;node_id&amp;#x27;: &amp;#x27;NODE_001&amp;#x27;, &amp;#x27;region&amp;#x27;: &amp;#x27;North&amp;#x27;, &amp;#x27;timestamp&amp;#x27;: &amp;#x27;2024-01-01T10:00:00&amp;#x27;, ...}, {&amp;#x27;co... ...}, {&amp;#x27;consumption_value&amp;#x27;: 120.0, &amp;#x27;node_id&amp;#x27;: &amp;#x27;NODE_003&amp;#x27;, &amp;#x27;region&amp;#x27;: &amp;#x27;North&amp;#x27;, &amp;#x27;timestamp&amp;#x27;: &amp;#x27;2024-01-01T12:00:00&amp;#x27;, ...}]\n\n    @pytest.mark.asyncio\n    async def test_apply_filters_success(self, filtering_service, sample_data):\n        &amp;quot;&amp;quot;&amp;quot;Test successful filter application.&amp;quot;&amp;quot;&amp;quot;\n        filter_request = AdvancedFilterRequest(\n&amp;gt;           entity_type=EntityType.consumption,\n                        ^^^^^^^^^^^^^^^^^^^^^^\n            filters=[\n                FieldFilter(\n                    field=&amp;quot;region&amp;quot;,\n                    operator=FilterOperator.equals,\n                    value=&amp;quot;North&amp;quot;\n                )\n            ],\n            logical_operator=LogicalOperator.AND\n        )\nE       AttributeError: type object &amp;#x27;EntityType&amp;#x27; has no attribute &amp;#x27;consumption&amp;#x27;\n\ntests/unit/test_filters_service.py:62: AttributeError\n&#34;}], &#34;tests/unit/test_filters_service.py::TestAdvancedFilteringService::test_apply_numeric_filters&#34;: [{&#34;extras&#34;: [], &#34;result&#34;: &#34;Failed&#34;, &#34;testId&#34;: &#34;tests/unit/test_filters_service.py::TestAdvancedFilteringService::test_apply_numeric_filters&#34;, &#34;duration&#34;: &#34;1 ms&#34;, &#34;resultsTableRow&#34;: [&#34;&lt;td class=\&#34;col-result\&#34;&gt;Failed&lt;/td&gt;&#34;, &#34;&lt;td class=\&#34;col-testId\&#34;&gt;tests/unit/test_filters_service.py::TestAdvancedFilteringService::test_apply_numeric_filters&lt;/td&gt;&#34;, &#34;&lt;td class=\&#34;col-duration\&#34;&gt;1 ms&lt;/td&gt;&#34;, &#34;&lt;td class=\&#34;col-links\&#34;&gt;&lt;/td&gt;&#34;], &#34;log&#34;: &#34;self = &amp;lt;test_filters_service.TestAdvancedFilteringService object at 0x718e1a1647a0&amp;gt;\nfiltering_service = &amp;lt;src.api.services.filters_service.AdvancedFilteringService object at 0x718e189e0cb0&amp;gt;\nsample_data = [{&amp;#x27;consumption_value&amp;#x27;: 150.0, &amp;#x27;node_id&amp;#x27;: &amp;#x27;NODE_001&amp;#x27;, &amp;#x27;region&amp;#x27;: &amp;#x27;North&amp;#x27;, &amp;#x27;timestamp&amp;#x27;: &amp;#x27;2024-01-01T10:00:00&amp;#x27;, ...}, {&amp;#x27;co... ...}, {&amp;#x27;consumption_value&amp;#x27;: 120.0, &amp;#x27;node_id&amp;#x27;: &amp;#x27;NODE_003&amp;#x27;, &amp;#x27;region&amp;#x27;: &amp;#x27;North&amp;#x27;, &amp;#x27;timestamp&amp;#x27;: &amp;#x27;2024-01-01T12:00:00&amp;#x27;, ...}]\n\n    @pytest.mark.asyncio\n    async def test_apply_numeric_filters(self, filtering_service, sample_data):\n        &amp;quot;&amp;quot;&amp;quot;Test numeric filter operations.&amp;quot;&amp;quot;&amp;quot;\n        # Test greater_than filter\n        filter_request = AdvancedFilterRequest(\n&amp;gt;           entity_type=EntityType.consumption,\n                        ^^^^^^^^^^^^^^^^^^^^^^\n            filters=[\n                FieldFilter(\n                    field=&amp;quot;consumption_value&amp;quot;,\n                    operator=FilterOperator.greater_than,\n                    value=140.0\n                )\n            ]\n        )\nE       AttributeError: type object &amp;#x27;EntityType&amp;#x27; has no attribute &amp;#x27;consumption&amp;#x27;\n\ntests/unit/test_filters_service.py:84: AttributeError\n&#34;}], &#34;tests/unit/test_filters_service.py::TestAdvancedFilteringService::test_apply_string_filters&#34;: [{&#34;extras&#34;: [], &#34;result&#34;: &#34;Failed&#34;, &#34;testId&#34;: &#34;tests/unit/test_filters_service.py::TestAdvancedFilteringService::test_apply_string_filters&#34;, &#34;duration&#34;: &#34;1 ms&#34;, &#34;resultsTableRow&#34;: [&#34;&lt;td class=\&#34;col-result\&#34;&gt;Failed&lt;/td&gt;&#34;, &#34;&lt;td class=\&#34;col-testId\&#34;&gt;tests/unit/test_filters_service.py::TestAdvancedFilteringService::test_apply_string_filters&lt;/td&gt;&#34;, &#34;&lt;td class=\&#34;col-duration\&#34;&gt;1 ms&lt;/td&gt;&#34;, &#34;&lt;td class=\&#34;col-links\&#34;&gt;&lt;/td&gt;&#34;], &#34;log&#34;: &#34;self = &amp;lt;test_filters_service.TestAdvancedFilteringService object at 0x718e1a164950&amp;gt;\nfiltering_service = &amp;lt;src.api.services.filters_service.AdvancedFilteringService object at 0x718e189e2090&amp;gt;\nsample_data = [{&amp;#x27;consumption_value&amp;#x27;: 150.0, &amp;#x27;node_id&amp;#x27;: &amp;#x27;NODE_001&amp;#x27;, &amp;#x27;region&amp;#x27;: &amp;#x27;North&amp;#x27;, &amp;#x27;timestamp&amp;#x27;: &amp;#x27;2024-01-01T10:00:00&amp;#x27;, ...}, {&amp;#x27;co... ...}, {&amp;#x27;consumption_value&amp;#x27;: 120.0, &amp;#x27;node_id&amp;#x27;: &amp;#x27;NODE_003&amp;#x27;, &amp;#x27;region&amp;#x27;: &amp;#x27;North&amp;#x27;, &amp;#x27;timestamp&amp;#x27;: &amp;#x27;2024-01-01T12:00:00&amp;#x27;, ...}]\n\n    @pytest.mark.asyncio\n    async def test_apply_string_filters(self, filtering_service, sample_data):\n        &amp;quot;&amp;quot;&amp;quot;Test string filter operations.&amp;quot;&amp;quot;&amp;quot;\n        # Test contains filter\n        filter_request = AdvancedFilterRequest(\n&amp;gt;           entity_type=EntityType.consumption,\n                        ^^^^^^^^^^^^^^^^^^^^^^\n            filters=[\n                FieldFilter(\n                    field=&amp;quot;node_id&amp;quot;,\n                    operator=FilterOperator.contains,\n                    value=&amp;quot;001&amp;quot;\n                )\n            ]\n        )\nE       AttributeError: type object &amp;#x27;EntityType&amp;#x27; has no attribute &amp;#x27;consumption&amp;#x27;\n\ntests/unit/test_filters_service.py:119: AttributeError\n&#34;}], &#34;tests/unit/test_filters_service.py::TestAdvancedFilteringService::test_apply_multiple_filters_and_logic&#34;: [{&#34;extras&#34;: [], &#34;result&#34;: &#34;Failed&#34;, &#34;testId&#34;: &#34;tests/unit/test_filters_service.py::TestAdvancedFilteringService::test_apply_multiple_filters_and_logic&#34;, &#34;duration&#34;: &#34;1 ms&#34;, &#34;resultsTableRow&#34;: [&#34;&lt;td class=\&#34;col-result\&#34;&gt;Failed&lt;/td&gt;&#34;, &#34;&lt;td class=\&#34;col-testId\&#34;&gt;tests/unit/test_filters_service.py::TestAdvancedFilteringService::test_apply_multiple_filters_and_logic&lt;/td&gt;&#34;, &#34;&lt;td class=\&#34;col-duration\&#34;&gt;1 ms&lt;/td&gt;&#34;, &#34;&lt;td class=\&#34;col-links\&#34;&gt;&lt;/td&gt;&#34;], &#34;log&#34;: &#34;self = &amp;lt;test_filters_service.TestAdvancedFilteringService object at 0x718e1a164b00&amp;gt;\nfiltering_service = &amp;lt;src.api.services.filters_service.AdvancedFilteringService object at 0x718e189f0cb0&amp;gt;\nsample_data = [{&amp;#x27;consumption_value&amp;#x27;: 150.0, &amp;#x27;node_id&amp;#x27;: &amp;#x27;NODE_001&amp;#x27;, &amp;#x27;region&amp;#x27;: &amp;#x27;North&amp;#x27;, &amp;#x27;timestamp&amp;#x27;: &amp;#x27;2024-01-01T10:00:00&amp;#x27;, ...}, {&amp;#x27;co... ...}, {&amp;#x27;consumption_value&amp;#x27;: 120.0, &amp;#x27;node_id&amp;#x27;: &amp;#x27;NODE_003&amp;#x27;, &amp;#x27;region&amp;#x27;: &amp;#x27;North&amp;#x27;, &amp;#x27;timestamp&amp;#x27;: &amp;#x27;2024-01-01T12:00:00&amp;#x27;, ...}]\n\n    @pytest.mark.asyncio\n    async def test_apply_multiple_filters_and_logic(self, filtering_service, sample_data):\n        &amp;quot;&amp;quot;&amp;quot;Test multiple filters with AND logic.&amp;quot;&amp;quot;&amp;quot;\n        filter_request = AdvancedFilterRequest(\n&amp;gt;           entity_type=EntityType.consumption,\n                        ^^^^^^^^^^^^^^^^^^^^^^\n            filters=[\n                FieldFilter(\n                    field=&amp;quot;region&amp;quot;,\n                    operator=FilterOperator.equals,\n                    value=&amp;quot;North&amp;quot;\n                ),\n                FieldFilter(\n                    field=&amp;quot;consumption_value&amp;quot;,\n                    operator=FilterOperator.greater_than,\n                    value=130.0\n                )\n            ],\n            logical_operator=LogicalOperator.AND\n        )\nE       AttributeError: type object &amp;#x27;EntityType&amp;#x27; has no attribute &amp;#x27;consumption&amp;#x27;\n\ntests/unit/test_filters_service.py:152: AttributeError\n&#34;}], &#34;tests/unit/test_filters_service.py::TestAdvancedFilteringService::test_apply_multiple_filters_or_logic&#34;: [{&#34;extras&#34;: [], &#34;result&#34;: &#34;Failed&#34;, &#34;testId&#34;: &#34;tests/unit/test_filters_service.py::TestAdvancedFilteringService::test_apply_multiple_filters_or_logic&#34;, &#34;duration&#34;: &#34;1 ms&#34;, &#34;resultsTableRow&#34;: [&#34;&lt;td class=\&#34;col-result\&#34;&gt;Failed&lt;/td&gt;&#34;, &#34;&lt;td class=\&#34;col-testId\&#34;&gt;tests/unit/test_filters_service.py::TestAdvancedFilteringService::test_apply_multiple_filters_or_logic&lt;/td&gt;&#34;, &#34;&lt;td class=\&#34;col-duration\&#34;&gt;1 ms&lt;/td&gt;&#34;, &#34;&lt;td class=\&#34;col-links\&#34;&gt;&lt;/td&gt;&#34;], &#34;log&#34;: &#34;self = &amp;lt;test_filters_service.TestAdvancedFilteringService object at 0x718e1a164aa0&amp;gt;\nfiltering_service = &amp;lt;src.api.services.filters_service.AdvancedFilteringService object at 0x718e189f12b0&amp;gt;\nsample_data = [{&amp;#x27;consumption_value&amp;#x27;: 150.0, &amp;#x27;node_id&amp;#x27;: &amp;#x27;NODE_001&amp;#x27;, &amp;#x27;region&amp;#x27;: &amp;#x27;North&amp;#x27;, &amp;#x27;timestamp&amp;#x27;: &amp;#x27;2024-01-01T10:00:00&amp;#x27;, ...}, {&amp;#x27;co... ...}, {&amp;#x27;consumption_value&amp;#x27;: 120.0, &amp;#x27;node_id&amp;#x27;: &amp;#x27;NODE_003&amp;#x27;, &amp;#x27;region&amp;#x27;: &amp;#x27;North&amp;#x27;, &amp;#x27;timestamp&amp;#x27;: &amp;#x27;2024-01-01T12:00:00&amp;#x27;, ...}]\n\n    @pytest.mark.asyncio\n    async def test_apply_multiple_filters_or_logic(self, filtering_service, sample_data):\n        &amp;quot;&amp;quot;&amp;quot;Test multiple filters with OR logic.&amp;quot;&amp;quot;&amp;quot;\n        filter_request = AdvancedFilterRequest(\n&amp;gt;           entity_type=EntityType.consumption,\n                        ^^^^^^^^^^^^^^^^^^^^^^\n            filters=[\n                FieldFilter(\n                    field=&amp;quot;region&amp;quot;,\n                    operator=FilterOperator.equals,\n                    value=&amp;quot;South&amp;quot;\n                ),\n                FieldFilter(\n                    field=&amp;quot;consumption_value&amp;quot;,\n                    operator=FilterOperator.greater_than,\n                    value=180.0\n                )\n            ],\n            logical_operator=LogicalOperator.OR\n        )\nE       AttributeError: type object &amp;#x27;EntityType&amp;#x27; has no attribute &amp;#x27;consumption&amp;#x27;\n\ntests/unit/test_filters_service.py:175: AttributeError\n&#34;}], &#34;tests/unit/test_filters_service.py::TestAdvancedFilteringService::test_apply_date_range_filter&#34;: [{&#34;extras&#34;: [], &#34;result&#34;: &#34;Failed&#34;, &#34;testId&#34;: &#34;tests/unit/test_filters_service.py::TestAdvancedFilteringService::test_apply_date_range_filter&#34;, &#34;duration&#34;: &#34;1 ms&#34;, &#34;resultsTableRow&#34;: [&#34;&lt;td class=\&#34;col-result\&#34;&gt;Failed&lt;/td&gt;&#34;, &#34;&lt;td class=\&#34;col-testId\&#34;&gt;tests/unit/test_filters_service.py::TestAdvancedFilteringService::test_apply_date_range_filter&lt;/td&gt;&#34;, &#34;&lt;td class=\&#34;col-duration\&#34;&gt;1 ms&lt;/td&gt;&#34;, &#34;&lt;td class=\&#34;col-links\&#34;&gt;&lt;/td&gt;&#34;], &#34;log&#34;: &#34;self = &amp;lt;test_filters_service.TestAdvancedFilteringService object at 0x718e1a164590&amp;gt;\nfiltering_service = &amp;lt;src.api.services.filters_service.AdvancedFilteringService object at 0x718e189e0ce0&amp;gt;\nsample_data = [{&amp;#x27;consumption_value&amp;#x27;: 150.0, &amp;#x27;node_id&amp;#x27;: &amp;#x27;NODE_001&amp;#x27;, &amp;#x27;region&amp;#x27;: &amp;#x27;North&amp;#x27;, &amp;#x27;timestamp&amp;#x27;: &amp;#x27;2024-01-01T10:00:00&amp;#x27;, ...}, {&amp;#x27;co... ...}, {&amp;#x27;consumption_value&amp;#x27;: 120.0, &amp;#x27;node_id&amp;#x27;: &amp;#x27;NODE_003&amp;#x27;, &amp;#x27;region&amp;#x27;: &amp;#x27;North&amp;#x27;, &amp;#x27;timestamp&amp;#x27;: &amp;#x27;2024-01-01T12:00:00&amp;#x27;, ...}]\n\n    @pytest.mark.asyncio\n    async def test_apply_date_range_filter(self, filtering_service, sample_data):\n        &amp;quot;&amp;quot;&amp;quot;Test date range filtering.&amp;quot;&amp;quot;&amp;quot;\n        date_filter = DateRangeFilter(\n            field=&amp;quot;timestamp&amp;quot;,\n            start_date=datetime(2024, 1, 1, 10, 30),\n            end_date=datetime(2024, 1, 1, 12, 30)\n        )\n    \n        filter_request = AdvancedFilterRequest(\n&amp;gt;           entity_type=EntityType.consumption,\n                        ^^^^^^^^^^^^^^^^^^^^^^\n            date_filters=[date_filter]\n        )\nE       AttributeError: type object &amp;#x27;EntityType&amp;#x27; has no attribute &amp;#x27;consumption&amp;#x27;\n\ntests/unit/test_filters_service.py:204: AttributeError\n&#34;}], &#34;tests/unit/test_filters_service.py::TestAdvancedFilteringService::test_apply_geographic_filter&#34;: [{&#34;extras&#34;: [], &#34;result&#34;: &#34;Failed&#34;, &#34;testId&#34;: &#34;tests/unit/test_filters_service.py::TestAdvancedFilteringService::test_apply_geographic_filter&#34;, &#34;duration&#34;: &#34;1 ms&#34;, &#34;resultsTableRow&#34;: [&#34;&lt;td class=\&#34;col-result\&#34;&gt;Failed&lt;/td&gt;&#34;, &#34;&lt;td class=\&#34;col-testId\&#34;&gt;tests/unit/test_filters_service.py::TestAdvancedFilteringService::test_apply_geographic_filter&lt;/td&gt;&#34;, &#34;&lt;td class=\&#34;col-duration\&#34;&gt;1 ms&lt;/td&gt;&#34;, &#34;&lt;td class=\&#34;col-links\&#34;&gt;&lt;/td&gt;&#34;], &#34;log&#34;: &#34;self = &amp;lt;test_filters_service.TestAdvancedFilteringService object at 0x718e1a164dd0&amp;gt;\nfiltering_service = &amp;lt;src.api.services.filters_service.AdvancedFilteringService object at 0x718e189e12b0&amp;gt;\nsample_data = [{&amp;#x27;consumption_value&amp;#x27;: 150.0, &amp;#x27;node_id&amp;#x27;: &amp;#x27;NODE_001&amp;#x27;, &amp;#x27;region&amp;#x27;: &amp;#x27;North&amp;#x27;, &amp;#x27;timestamp&amp;#x27;: &amp;#x27;2024-01-01T10:00:00&amp;#x27;, ...}, {&amp;#x27;co... ...}, {&amp;#x27;consumption_value&amp;#x27;: 120.0, &amp;#x27;node_id&amp;#x27;: &amp;#x27;NODE_003&amp;#x27;, &amp;#x27;region&amp;#x27;: &amp;#x27;North&amp;#x27;, &amp;#x27;timestamp&amp;#x27;: &amp;#x27;2024-01-01T12:00:00&amp;#x27;, ...}]\n\n    @pytest.mark.asyncio\n    async def test_apply_geographic_filter(self, filtering_service, sample_data):\n        &amp;quot;&amp;quot;&amp;quot;Test geographic filtering.&amp;quot;&amp;quot;&amp;quot;\n        geo_filter = GeographicFilter(\n            field=&amp;quot;region&amp;quot;,\n            regions=[&amp;quot;North&amp;quot;],\n            zones=[&amp;quot;Zone_A&amp;quot;]\n        )\n    \n        filter_request = AdvancedFilterRequest(\n&amp;gt;           entity_type=EntityType.consumption,\n                        ^^^^^^^^^^^^^^^^^^^^^^\n            geographic_filters=[geo_filter]\n        )\nE       AttributeError: type object &amp;#x27;EntityType&amp;#x27; has no attribute &amp;#x27;consumption&amp;#x27;\n\ntests/unit/test_filters_service.py:221: AttributeError\n&#34;}], &#34;tests/unit/test_filters_service.py::TestAdvancedFilteringService::test_validate_filter_request_success&#34;: [{&#34;extras&#34;: [], &#34;result&#34;: &#34;Failed&#34;, &#34;testId&#34;: &#34;tests/unit/test_filters_service.py::TestAdvancedFilteringService::test_validate_filter_request_success&#34;, &#34;duration&#34;: &#34;1 ms&#34;, &#34;resultsTableRow&#34;: [&#34;&lt;td class=\&#34;col-result\&#34;&gt;Failed&lt;/td&gt;&#34;, &#34;&lt;td class=\&#34;col-testId\&#34;&gt;tests/unit/test_filters_service.py::TestAdvancedFilteringService::test_validate_filter_request_success&lt;/td&gt;&#34;, &#34;&lt;td class=\&#34;col-duration\&#34;&gt;1 ms&lt;/td&gt;&#34;, &#34;&lt;td class=\&#34;col-links\&#34;&gt;&lt;/td&gt;&#34;], &#34;log&#34;: &#34;self = &amp;lt;test_filters_service.TestAdvancedFilteringService object at 0x718e1a164f50&amp;gt;\nfiltering_service = &amp;lt;src.api.services.filters_service.AdvancedFilteringService object at 0x718e189f0f50&amp;gt;\n\n    @pytest.mark.asyncio\n    async def test_validate_filter_request_success(self, filtering_service):\n        &amp;quot;&amp;quot;&amp;quot;Test successful filter request validation.&amp;quot;&amp;quot;&amp;quot;\n        valid_request = AdvancedFilterRequest(\n&amp;gt;           entity_type=EntityType.consumption,\n                        ^^^^^^^^^^^^^^^^^^^^^^\n            filters=[\n                FieldFilter(\n                    field=&amp;quot;region&amp;quot;,\n                    operator=FilterOperator.equals,\n                    value=&amp;quot;North&amp;quot;\n                )\n            ]\n        )\nE       AttributeError: type object &amp;#x27;EntityType&amp;#x27; has no attribute &amp;#x27;consumption&amp;#x27;\n\ntests/unit/test_filters_service.py:232: AttributeError\n&#34;}], &#34;tests/unit/test_filters_service.py::TestAdvancedFilteringService::test_validate_filter_request_failure&#34;: [{&#34;extras&#34;: [], &#34;result&#34;: &#34;Failed&#34;, &#34;testId&#34;: &#34;tests/unit/test_filters_service.py::TestAdvancedFilteringService::test_validate_filter_request_failure&#34;, &#34;duration&#34;: &#34;1 ms&#34;, &#34;resultsTableRow&#34;: [&#34;&lt;td class=\&#34;col-result\&#34;&gt;Failed&lt;/td&gt;&#34;, &#34;&lt;td class=\&#34;col-testId\&#34;&gt;tests/unit/test_filters_service.py::TestAdvancedFilteringService::test_validate_filter_request_failure&lt;/td&gt;&#34;, &#34;&lt;td class=\&#34;col-duration\&#34;&gt;1 ms&lt;/td&gt;&#34;, &#34;&lt;td class=\&#34;col-links\&#34;&gt;&lt;/td&gt;&#34;], &#34;log&#34;: &#34;self = &amp;lt;test_filters_service.TestAdvancedFilteringService object at 0x718e1a1650d0&amp;gt;\nfiltering_service = &amp;lt;src.api.services.filters_service.AdvancedFilteringService object at 0x718e189f0980&amp;gt;\n\n    @pytest.mark.asyncio\n    async def test_validate_filter_request_failure(self, filtering_service):\n        &amp;quot;&amp;quot;&amp;quot;Test filter request validation failure.&amp;quot;&amp;quot;&amp;quot;\n        invalid_request = AdvancedFilterRequest(\n&amp;gt;           entity_type=EntityType.consumption,\n                        ^^^^^^^^^^^^^^^^^^^^^^\n            filters=[\n                FieldFilter(\n                    field=&amp;quot;invalid_field&amp;quot;,\n                    operator=FilterOperator.equals,\n                    value=&amp;quot;test&amp;quot;\n                )\n            ]\n        )\nE       AttributeError: type object &amp;#x27;EntityType&amp;#x27; has no attribute &amp;#x27;consumption&amp;#x27;\n\ntests/unit/test_filters_service.py:250: AttributeError\n&#34;}], &#34;tests/unit/test_filters_service.py::TestAdvancedFilteringService::test_save_filter_preset&#34;: [{&#34;extras&#34;: [], &#34;result&#34;: &#34;Failed&#34;, &#34;testId&#34;: &#34;tests/unit/test_filters_service.py::TestAdvancedFilteringService::test_save_filter_preset&#34;, &#34;duration&#34;: &#34;1 ms&#34;, &#34;resultsTableRow&#34;: [&#34;&lt;td class=\&#34;col-result\&#34;&gt;Failed&lt;/td&gt;&#34;, &#34;&lt;td class=\&#34;col-testId\&#34;&gt;tests/unit/test_filters_service.py::TestAdvancedFilteringService::test_save_filter_preset&lt;/td&gt;&#34;, &#34;&lt;td class=\&#34;col-duration\&#34;&gt;1 ms&lt;/td&gt;&#34;, &#34;&lt;td class=\&#34;col-links\&#34;&gt;&lt;/td&gt;&#34;], &#34;log&#34;: &#34;self = &amp;lt;test_filters_service.TestAdvancedFilteringService object at 0x718e1a165250&amp;gt;\nfiltering_service = &amp;lt;src.api.services.filters_service.AdvancedFilteringService object at 0x718e189f0740&amp;gt;\n\n    @pytest.mark.asyncio\n    async def test_save_filter_preset(self, filtering_service):\n        &amp;quot;&amp;quot;&amp;quot;Test saving filter presets.&amp;quot;&amp;quot;&amp;quot;\n        preset = FilterPreset(\n            name=&amp;quot;North Region High Consumption&amp;quot;,\n            description=&amp;quot;Filter for high consumption in North region&amp;quot;,\n&amp;gt;           entity_type=EntityType.consumption,\n                        ^^^^^^^^^^^^^^^^^^^^^^\n            filters=[\n                FieldFilter(\n                    field=&amp;quot;region&amp;quot;,\n                    operator=FilterOperator.equals,\n                    value=&amp;quot;North&amp;quot;\n                ),\n                FieldFilter(\n                    field=&amp;quot;consumption_value&amp;quot;,\n                    operator=FilterOperator.greater_than,\n                    value=140.0\n                )\n            ]\n        )\nE       AttributeError: type object &amp;#x27;EntityType&amp;#x27; has no attribute &amp;#x27;consumption&amp;#x27;\n\ntests/unit/test_filters_service.py:270: AttributeError\n&#34;}], &#34;tests/unit/test_filters_service.py::TestAdvancedFilteringService::test_get_filter_preset&#34;: [{&#34;extras&#34;: [], &#34;result&#34;: &#34;Failed&#34;, &#34;testId&#34;: &#34;tests/unit/test_filters_service.py::TestAdvancedFilteringService::test_get_filter_preset&#34;, &#34;duration&#34;: &#34;1 ms&#34;, &#34;resultsTableRow&#34;: [&#34;&lt;td class=\&#34;col-result\&#34;&gt;Failed&lt;/td&gt;&#34;, &#34;&lt;td class=\&#34;col-testId\&#34;&gt;tests/unit/test_filters_service.py::TestAdvancedFilteringService::test_get_filter_preset&lt;/td&gt;&#34;, &#34;&lt;td class=\&#34;col-duration\&#34;&gt;1 ms&lt;/td&gt;&#34;, &#34;&lt;td class=\&#34;col-links\&#34;&gt;&lt;/td&gt;&#34;], &#34;log&#34;: &#34;self = &amp;lt;test_filters_service.TestAdvancedFilteringService object at 0x718e1a1653d0&amp;gt;\nfiltering_service = &amp;lt;src.api.services.filters_service.AdvancedFilteringService object at 0x718e189de8d0&amp;gt;\n\n    @pytest.mark.asyncio\n    async def test_get_filter_preset(self, filtering_service):\n        &amp;quot;&amp;quot;&amp;quot;Test retrieving filter presets.&amp;quot;&amp;quot;&amp;quot;\n        # Mock preset data\n&amp;gt;       with patch.object(filtering_service, &amp;#x27;_get_preset_from_storage&amp;#x27;) as mock_get:\n\ntests/unit/test_filters_service.py:293: \n_ _ _ _ _ _ _ _ _ _ _ _ _ _ _ _ _ _ _ _ _ _ _ _ _ _ _ _ _ _ _ _ _ _ _ _ _ _ _ _ _ _ _ _ _ _ _ _ _ _ _ _ _ _ \n/usr/lib/python3.12/unittest/mock.py:1458: in __enter__\n    original, local = self.get_original()\n                      ^^^^^^^^^^^^^^^^^^^\n_ _ _ _ _ _ _ _ _ _ _ _ _ _ _ _ _ _ _ _ _ _ _ _ _ _ _ _ _ _ _ _ _ _ _ _ _ _ _ _ _ _ _ _ _ _ _ _ _ _ _ _ _ _ \n\nself = &amp;lt;unittest.mock._patch object at 0x718e189de7b0&amp;gt;\n\n    def get_original(self):\n        target = self.getter()\n        name = self.attribute\n    \n        original = DEFAULT\n        local = False\n    \n        try:\n            original = target.__dict__[name]\n        except (AttributeError, KeyError):\n            original = getattr(target, name, DEFAULT)\n        else:\n            local = True\n    \n        if name in _builtins and isinstance(target, ModuleType):\n            self.create = True\n    \n        if not self.create and original is DEFAULT:\n&amp;gt;           raise AttributeError(\n                &amp;quot;%s does not have the attribute %r&amp;quot; % (target, name)\n            )\nE           AttributeError: &amp;lt;src.api.services.filters_service.AdvancedFilteringService object at 0x718e189de8d0&amp;gt; does not have the attribute &amp;#x27;_get_preset_from_storage&amp;#x27;\n\n/usr/lib/python3.12/unittest/mock.py:1431: AttributeError\n&#34;}], &#34;tests/unit/test_filters_service.py::TestAdvancedFilteringService::test_get_quick_filters&#34;: [{&#34;extras&#34;: [], &#34;result&#34;: &#34;Failed&#34;, &#34;testId&#34;: &#34;tests/unit/test_filters_service.py::TestAdvancedFilteringService::test_get_quick_filters&#34;, &#34;duration&#34;: &#34;1 ms&#34;, &#34;resultsTableRow&#34;: [&#34;&lt;td class=\&#34;col-result\&#34;&gt;Failed&lt;/td&gt;&#34;, &#34;&lt;td class=\&#34;col-testId\&#34;&gt;tests/unit/test_filters_service.py::TestAdvancedFilteringService::test_get_quick_filters&lt;/td&gt;&#34;, &#34;&lt;td class=\&#34;col-duration\&#34;&gt;1 ms&lt;/td&gt;&#34;, &#34;&lt;td class=\&#34;col-links\&#34;&gt;&lt;/td&gt;&#34;], &#34;log&#34;: &#34;self = &amp;lt;test_filters_service.TestAdvancedFilteringService object at 0x718e1a165550&amp;gt;\nfiltering_service = &amp;lt;src.api.services.filters_service.AdvancedFilteringService object at 0x718e189dd1f0&amp;gt;\n\n    @pytest.mark.asyncio\n    async def test_get_quick_filters(self, filtering_service):\n        &amp;quot;&amp;quot;&amp;quot;Test retrieving quick filters.&amp;quot;&amp;quot;&amp;quot;\n&amp;gt;       result = await filtering_service.get_quick_filters(EntityType.consumption)\n                                                           ^^^^^^^^^^^^^^^^^^^^^^\nE       AttributeError: type object &amp;#x27;EntityType&amp;#x27; has no attribute &amp;#x27;consumption&amp;#x27;\n\ntests/unit/test_filters_service.py:309: AttributeError\n&#34;}], &#34;tests/unit/test_filters_service.py::TestAdvancedFilteringService::test_get_filter_suggestions&#34;: [{&#34;extras&#34;: [], &#34;result&#34;: &#34;Failed&#34;, &#34;testId&#34;: &#34;tests/unit/test_filters_service.py::TestAdvancedFilteringService::test_get_filter_suggestions&#34;, &#34;duration&#34;: &#34;1 ms&#34;, &#34;resultsTableRow&#34;: [&#34;&lt;td class=\&#34;col-result\&#34;&gt;Failed&lt;/td&gt;&#34;, &#34;&lt;td class=\&#34;col-testId\&#34;&gt;tests/unit/test_filters_service.py::TestAdvancedFilteringService::test_get_filter_suggestions&lt;/td&gt;&#34;, &#34;&lt;td class=\&#34;col-duration\&#34;&gt;1 ms&lt;/td&gt;&#34;, &#34;&lt;td class=\&#34;col-links\&#34;&gt;&lt;/td&gt;&#34;], &#34;log&#34;: &#34;self = &amp;lt;test_filters_service.TestAdvancedFilteringService object at 0x718e1a165700&amp;gt;\nfiltering_service = &amp;lt;src.api.services.filters_service.AdvancedFilteringService object at 0x718e189dd3a0&amp;gt;\nsample_data = [{&amp;#x27;consumption_value&amp;#x27;: 150.0, &amp;#x27;node_id&amp;#x27;: &amp;#x27;NODE_001&amp;#x27;, &amp;#x27;region&amp;#x27;: &amp;#x27;North&amp;#x27;, &amp;#x27;timestamp&amp;#x27;: &amp;#x27;2024-01-01T10:00:00&amp;#x27;, ...}, {&amp;#x27;co... ...}, {&amp;#x27;consumption_value&amp;#x27;: 120.0, &amp;#x27;node_id&amp;#x27;: &amp;#x27;NODE_003&amp;#x27;, &amp;#x27;region&amp;#x27;: &amp;#x27;North&amp;#x27;, &amp;#x27;timestamp&amp;#x27;: &amp;#x27;2024-01-01T12:00:00&amp;#x27;, ...}]\n\n    @pytest.mark.asyncio\n    async def test_get_filter_suggestions(self, filtering_service, sample_data):\n        &amp;quot;&amp;quot;&amp;quot;Test getting filter suggestions.&amp;quot;&amp;quot;&amp;quot;\n&amp;gt;       with patch.object(filtering_service, &amp;#x27;_analyze_data_for_suggestions&amp;#x27;) as mock_analyze:\n\ntests/unit/test_filters_service.py:319: \n_ _ _ _ _ _ _ _ _ _ _ _ _ _ _ _ _ _ _ _ _ _ _ _ _ _ _ _ _ _ _ _ _ _ _ _ _ _ _ _ _ _ _ _ _ _ _ _ _ _ _ _ _ _ \n/usr/lib/python3.12/unittest/mock.py:1458: in __enter__\n    original, local = self.get_original()\n                      ^^^^^^^^^^^^^^^^^^^\n_ _ _ _ _ _ _ _ _ _ _ _ _ _ _ _ _ _ _ _ _ _ _ _ _ _ _ _ _ _ _ _ _ _ _ _ _ _ _ _ _ _ _ _ _ _ _ _ _ _ _ _ _ _ \n\nself = &amp;lt;unittest.mock._patch object at 0x718e189ddc40&amp;gt;\n\n    def get_original(self):\n        target = self.getter()\n        name = self.attribute\n    \n        original = DEFAULT\n        local = False\n    \n        try:\n            original = target.__dict__[name]\n        except (AttributeError, KeyError):\n            original = getattr(target, name, DEFAULT)\n        else:\n            local = True\n    \n        if name in _builtins and isinstance(target, ModuleType):\n            self.create = True\n    \n        if not self.create and original is DEFAULT:\n&amp;gt;           raise AttributeError(\n                &amp;quot;%s does not have the attribute %r&amp;quot; % (target, name)\n            )\nE           AttributeError: &amp;lt;src.api.services.filters_service.AdvancedFilteringService object at 0x718e189dd3a0&amp;gt; does not have the attribute &amp;#x27;_analyze_data_for_suggestions&amp;#x27;\n\n/usr/lib/python3.12/unittest/mock.py:1431: AttributeError\n&#34;}], &#34;tests/unit/test_filters_service.py::TestAdvancedFilteringService::test_get_filter_analytics&#34;: [{&#34;extras&#34;: [], &#34;result&#34;: &#34;Failed&#34;, &#34;testId&#34;: &#34;tests/unit/test_filters_service.py::TestAdvancedFilteringService::test_get_filter_analytics&#34;, &#34;duration&#34;: &#34;1 ms&#34;, &#34;resultsTableRow&#34;: [&#34;&lt;td class=\&#34;col-result\&#34;&gt;Failed&lt;/td&gt;&#34;, &#34;&lt;td class=\&#34;col-testId\&#34;&gt;tests/unit/test_filters_service.py::TestAdvancedFilteringService::test_get_filter_analytics&lt;/td&gt;&#34;, &#34;&lt;td class=\&#34;col-duration\&#34;&gt;1 ms&lt;/td&gt;&#34;, &#34;&lt;td class=\&#34;col-links\&#34;&gt;&lt;/td&gt;&#34;], &#34;log&#34;: &#34;self = &amp;lt;test_filters_service.TestAdvancedFilteringService object at 0x718e1a165880&amp;gt;\nfiltering_service = &amp;lt;src.api.services.filters_service.AdvancedFilteringService object at 0x718e189dccb0&amp;gt;\n\n    @pytest.mark.asyncio\n    async def test_get_filter_analytics(self, filtering_service):\n        &amp;quot;&amp;quot;&amp;quot;Test getting filter analytics.&amp;quot;&amp;quot;&amp;quot;\n&amp;gt;       with patch.object(filtering_service, &amp;#x27;_get_usage_analytics&amp;#x27;) as mock_analytics:\n\ntests/unit/test_filters_service.py:340: \n_ _ _ _ _ _ _ _ _ _ _ _ _ _ _ _ _ _ _ _ _ _ _ _ _ _ _ _ _ _ _ _ _ _ _ _ _ _ _ _ _ _ _ _ _ _ _ _ _ _ _ _ _ _ \n/usr/lib/python3.12/unittest/mock.py:1458: in __enter__\n    original, local = self.get_original()\n                      ^^^^^^^^^^^^^^^^^^^\n_ _ _ _ _ _ _ _ _ _ _ _ _ _ _ _ _ _ _ _ _ _ _ _ _ _ _ _ _ _ _ _ _ _ _ _ _ _ _ _ _ _ _ _ _ _ _ _ _ _ _ _ _ _ \n\nself = &amp;lt;unittest.mock._patch object at 0x718e189dfe60&amp;gt;\n\n    def get_original(self):\n        target = self.getter()\n        name = self.attribute\n    \n        original = DEFAULT\n        local = False\n    \n        try:\n            original = target.__dict__[name]\n        except (AttributeError, KeyError):\n            original = getattr(target, name, DEFAULT)\n        else:\n            local = True\n    \n        if name in _builtins and isinstance(target, ModuleType):\n            self.create = True\n    \n        if not self.create and original is DEFAULT:\n&amp;gt;           raise AttributeError(\n                &amp;quot;%s does not have the attribute %r&amp;quot; % (target, name)\n            )\nE           AttributeError: &amp;lt;src.api.services.filters_service.AdvancedFilteringService object at 0x718e189dccb0&amp;gt; does not have the attribute &amp;#x27;_get_usage_analytics&amp;#x27;\n\n/usr/lib/python3.12/unittest/mock.py:1431: AttributeError\n&#34;}], &#34;tests/unit/test_filters_service.py::TestAdvancedFilteringService::test_filter_operator_application&#34;: [{&#34;extras&#34;: [], &#34;result&#34;: &#34;Passed&#34;, &#34;testId&#34;: &#34;tests/unit/test_filters_service.py::TestAdvancedFilteringService::test_filter_operator_application&#34;, &#34;duration&#34;: &#34;1 ms&#34;, &#34;resultsTableRow&#34;: [&#34;&lt;td class=\&#34;col-result\&#34;&gt;Passed&lt;/td&gt;&#34;, &#34;&lt;td class=\&#34;col-testId\&#34;&gt;tests/unit/test_filters_service.py::TestAdvancedFilteringService::test_filter_operator_application&lt;/td&gt;&#34;, &#34;&lt;td class=\&#34;col-duration\&#34;&gt;1 ms&lt;/td&gt;&#34;, &#34;&lt;td class=\&#34;col-links\&#34;&gt;&lt;/td&gt;&#34;], &#34;log&#34;: &#34;No log output captured.&#34;}], &#34;tests/unit/test_filters_service.py::TestAdvancedFilteringService::test_data_type_validation&#34;: [{&#34;extras&#34;: [], &#34;result&#34;: &#34;Failed&#34;, &#34;testId&#34;: &#34;tests/unit/test_filters_service.py::TestAdvancedFilteringService::test_data_type_validation&#34;, &#34;duration&#34;: &#34;1 ms&#34;, &#34;resultsTableRow&#34;: [&#34;&lt;td class=\&#34;col-result\&#34;&gt;Failed&lt;/td&gt;&#34;, &#34;&lt;td class=\&#34;col-testId\&#34;&gt;tests/unit/test_filters_service.py::TestAdvancedFilteringService::test_data_type_validation&lt;/td&gt;&#34;, &#34;&lt;td class=\&#34;col-duration\&#34;&gt;1 ms&lt;/td&gt;&#34;, &#34;&lt;td class=\&#34;col-links\&#34;&gt;&lt;/td&gt;&#34;], &#34;log&#34;: &#34;self = &amp;lt;test_filters_service.TestAdvancedFilteringService object at 0x718e1a165b80&amp;gt;\nfiltering_service = &amp;lt;src.api.services.filters_service.AdvancedFilteringService object at 0x718e189dd5e0&amp;gt;\n\n    def test_data_type_validation(self, filtering_service):\n        &amp;quot;&amp;quot;&amp;quot;Test data type validation for filters.&amp;quot;&amp;quot;&amp;quot;\n        # Test numeric field validation\n        assert filtering_service._validate_field_type(\n&amp;gt;           &amp;quot;consumption_value&amp;quot;, 150.0, EntityType.consumption\n                                        ^^^^^^^^^^^^^^^^^^^^^^\n        ) is True\nE       AttributeError: type object &amp;#x27;EntityType&amp;#x27; has no attribute &amp;#x27;consumption&amp;#x27;\n\ntests/unit/test_filters_service.py:394: AttributeError\n&#34;}], &#34;tests/unit/test_filters_service.py::TestAdvancedFilteringService::test_filter_performance_optimization&#34;: [{&#34;extras&#34;: [], &#34;result&#34;: &#34;Failed&#34;, &#34;testId&#34;: &#34;tests/unit/test_filters_service.py::TestAdvancedFilteringService::test_filter_performance_optimization&#34;, &#34;duration&#34;: &#34;46 ms&#34;, &#34;resultsTableRow&#34;: [&#34;&lt;td class=\&#34;col-result\&#34;&gt;Failed&lt;/td&gt;&#34;, &#34;&lt;td class=\&#34;col-testId\&#34;&gt;tests/unit/test_filters_service.py::TestAdvancedFilteringService::test_filter_performance_optimization&lt;/td&gt;&#34;, &#34;&lt;td class=\&#34;col-duration\&#34;&gt;46 ms&lt;/td&gt;&#34;, &#34;&lt;td class=\&#34;col-links\&#34;&gt;&lt;/td&gt;&#34;], &#34;log&#34;: &#34;self = &amp;lt;test_filters_service.TestAdvancedFilteringService object at 0x718e1a165d00&amp;gt;\nfiltering_service = &amp;lt;src.api.services.filters_service.AdvancedFilteringService object at 0x718e189dda60&amp;gt;\n\n    def test_filter_performance_optimization(self, filtering_service):\n        &amp;quot;&amp;quot;&amp;quot;Test filter performance optimization.&amp;quot;&amp;quot;&amp;quot;\n        # Create large dataset\n        large_dataset = [\n            {\n                &amp;quot;node_id&amp;quot;: f&amp;quot;NODE_{i:03d}&amp;quot;,\n                &amp;quot;region&amp;quot;: f&amp;quot;Region_{i % 5}&amp;quot;,\n                &amp;quot;consumption_value&amp;quot;: i * 10.0\n            }\n            for i in range(10000)\n        ]\n    \n        # Test index creation for frequently filtered fields\n        indices = filtering_service._create_field_indices(large_dataset)\n        assert &amp;quot;region&amp;quot; in indices\n        assert &amp;quot;consumption_value&amp;quot; in indices\n    \n        # Test optimized filtering\n        optimized_result = filtering_service._apply_optimized_filter(\n            large_dataset, &amp;quot;region&amp;quot;, FilterOperator.equals, &amp;quot;Region_1&amp;quot;\n        )\n&amp;gt;       assert len(optimized_result) == 2000  # Every 5th record\n        ^^^^^^^^^^^^^^^^^^^^^^^^^^^^^^^^^^^^\nE       AssertionError: assert 10000 == 2000\nE        +  where 10000 = len([{&amp;#x27;consumption_value&amp;#x27;: 0.0, &amp;#x27;node_id&amp;#x27;: &amp;#x27;NODE_000&amp;#x27;, &amp;#x27;region&amp;#x27;: &amp;#x27;Region_0&amp;#x27;}, {&amp;#x27;consumption_value&amp;#x27;: 10.0, &amp;#x27;node_id&amp;#x27;: &amp;#x27;NODE_001&amp;#x27;, &amp;#x27;region&amp;#x27;: &amp;#x27;Region_1&amp;#x27;}, {&amp;#x27;consumption_value&amp;#x27;: 20.0, &amp;#x27;node_id&amp;#x27;: &amp;#x27;NODE_002&amp;#x27;, &amp;#x27;region&amp;#x27;: &amp;#x27;Region_2&amp;#x27;}, {&amp;#x27;consumption_value&amp;#x27;: 30.0, &amp;#x27;node_id&amp;#x27;: &amp;#x27;NODE_003&amp;#x27;, &amp;#x27;region&amp;#x27;: &amp;#x27;Region_3&amp;#x27;}, {&amp;#x27;consumption_value&amp;#x27;: 40.0, &amp;#x27;node_id&amp;#x27;: &amp;#x27;NODE_004&amp;#x27;, &amp;#x27;region&amp;#x27;: &amp;#x27;Region_4&amp;#x27;}, {&amp;#x27;consumption_value&amp;#x27;: 50.0, &amp;#x27;node_id&amp;#x27;: &amp;#x27;NODE_005&amp;#x27;, &amp;#x27;region&amp;#x27;: &amp;#x27;Region_0&amp;#x27;}, ...])\n\ntests/unit/test_filters_service.py:428: AssertionError\n&#34;}], &#34;tests/unit/test_filters_service.py::TestAdvancedFilteringService::test_filter_caching&#34;: [{&#34;extras&#34;: [], &#34;result&#34;: &#34;Passed&#34;, &#34;testId&#34;: &#34;tests/unit/test_filters_service.py::TestAdvancedFilteringService::test_filter_caching&#34;, &#34;duration&#34;: &#34;1 ms&#34;, &#34;resultsTableRow&#34;: [&#34;&lt;td class=\&#34;col-result\&#34;&gt;Passed&lt;/td&gt;&#34;, &#34;&lt;td class=\&#34;col-testId\&#34;&gt;tests/unit/test_filters_service.py::TestAdvancedFilteringService::test_filter_caching&lt;/td&gt;&#34;, &#34;&lt;td class=\&#34;col-duration\&#34;&gt;1 ms&lt;/td&gt;&#34;, &#34;&lt;td class=\&#34;col-links\&#34;&gt;&lt;/td&gt;&#34;], &#34;log&#34;: &#34;No log output captured.&#34;}], &#34;tests/unit/test_filters_service.py::TestAdvancedFilteringService::test_complex_nested_filters&#34;: [{&#34;extras&#34;: [], &#34;result&#34;: &#34;Passed&#34;, &#34;testId&#34;: &#34;tests/unit/test_filters_service.py::TestAdvancedFilteringService::test_complex_nested_filters&#34;, &#34;duration&#34;: &#34;1 ms&#34;, &#34;resultsTableRow&#34;: [&#34;&lt;td class=\&#34;col-result\&#34;&gt;Passed&lt;/td&gt;&#34;, &#34;&lt;td class=\&#34;col-testId\&#34;&gt;tests/unit/test_filters_service.py::TestAdvancedFilteringService::test_complex_nested_filters&lt;/td&gt;&#34;, &#34;&lt;td class=\&#34;col-duration\&#34;&gt;1 ms&lt;/td&gt;&#34;, &#34;&lt;td class=\&#34;col-links\&#34;&gt;&lt;/td&gt;&#34;], &#34;log&#34;: &#34;No log output captured.&#34;}], &#34;tests/unit/test_filters_service.py::TestAdvancedFilteringService::test_field_discovery&#34;: [{&#34;extras&#34;: [], &#34;result&#34;: &#34;Failed&#34;, &#34;testId&#34;: &#34;tests/unit/test_filters_service.py::TestAdvancedFilteringService::test_field_discovery&#34;, &#34;duration&#34;: &#34;1 ms&#34;, &#34;resultsTableRow&#34;: [&#34;&lt;td class=\&#34;col-result\&#34;&gt;Failed&lt;/td&gt;&#34;, &#34;&lt;td class=\&#34;col-testId\&#34;&gt;tests/unit/test_filters_service.py::TestAdvancedFilteringService::test_field_discovery&lt;/td&gt;&#34;, &#34;&lt;td class=\&#34;col-duration\&#34;&gt;1 ms&lt;/td&gt;&#34;, &#34;&lt;td class=\&#34;col-links\&#34;&gt;&lt;/td&gt;&#34;], &#34;log&#34;: &#34;self = &amp;lt;test_filters_service.TestAdvancedFilteringService object at 0x718e1a1661e0&amp;gt;\nfiltering_service = &amp;lt;src.api.services.filters_service.AdvancedFilteringService object at 0x718e189dc470&amp;gt;\nsample_data = [{&amp;#x27;consumption_value&amp;#x27;: 150.0, &amp;#x27;node_id&amp;#x27;: &amp;#x27;NODE_001&amp;#x27;, &amp;#x27;region&amp;#x27;: &amp;#x27;North&amp;#x27;, &amp;#x27;timestamp&amp;#x27;: &amp;#x27;2024-01-01T10:00:00&amp;#x27;, ...}, {&amp;#x27;co... ...}, {&amp;#x27;consumption_value&amp;#x27;: 120.0, &amp;#x27;node_id&amp;#x27;: &amp;#x27;NODE_003&amp;#x27;, &amp;#x27;region&amp;#x27;: &amp;#x27;North&amp;#x27;, &amp;#x27;timestamp&amp;#x27;: &amp;#x27;2024-01-01T12:00:00&amp;#x27;, ...}]\n\n    def test_field_discovery(self, filtering_service, sample_data):\n        &amp;quot;&amp;quot;&amp;quot;Test field discovery functionality.&amp;quot;&amp;quot;&amp;quot;\n&amp;gt;       fields = filtering_service._discover_fields(sample_data, EntityType.consumption)\n                                                                 ^^^^^^^^^^^^^^^^^^^^^^\nE       AttributeError: type object &amp;#x27;EntityType&amp;#x27; has no attribute &amp;#x27;consumption&amp;#x27;\n\ntests/unit/test_filters_service.py:482: AttributeError\n&#34;}], &#34;tests/unit/test_filters_service.py::TestAdvancedFilteringService::test_value_suggestions&#34;: [{&#34;extras&#34;: [], &#34;result&#34;: &#34;Passed&#34;, &#34;testId&#34;: &#34;tests/unit/test_filters_service.py::TestAdvancedFilteringService::test_value_suggestions&#34;, &#34;duration&#34;: &#34;1 ms&#34;, &#34;resultsTableRow&#34;: [&#34;&lt;td class=\&#34;col-result\&#34;&gt;Passed&lt;/td&gt;&#34;, &#34;&lt;td class=\&#34;col-testId\&#34;&gt;tests/unit/test_filters_service.py::TestAdvancedFilteringService::test_value_suggestions&lt;/td&gt;&#34;, &#34;&lt;td class=\&#34;col-duration\&#34;&gt;1 ms&lt;/td&gt;&#34;, &#34;&lt;td class=\&#34;col-links\&#34;&gt;&lt;/td&gt;&#34;], &#34;log&#34;: &#34;No log output captured.&#34;}], &#34;tests/unit/test_filters_service.py::TestAdvancedFilteringService::test_all_filter_operators[eq]&#34;: [{&#34;extras&#34;: [], &#34;result&#34;: &#34;Passed&#34;, &#34;testId&#34;: &#34;tests/unit/test_filters_service.py::TestAdvancedFilteringService::test_all_filter_operators[eq]&#34;, &#34;duration&#34;: &#34;1 ms&#34;, &#34;resultsTableRow&#34;: [&#34;&lt;td class=\&#34;col-result\&#34;&gt;Passed&lt;/td&gt;&#34;, &#34;&lt;td class=\&#34;col-testId\&#34;&gt;tests/unit/test_filters_service.py::TestAdvancedFilteringService::test_all_filter_operators[eq]&lt;/td&gt;&#34;, &#34;&lt;td class=\&#34;col-duration\&#34;&gt;1 ms&lt;/td&gt;&#34;, &#34;&lt;td class=\&#34;col-links\&#34;&gt;&lt;/td&gt;&#34;], &#34;log&#34;: &#34;No log output captured.&#34;}], &#34;tests/unit/test_filters_service.py::TestAdvancedFilteringService::test_all_filter_operators[ne]&#34;: [{&#34;extras&#34;: [], &#34;result&#34;: &#34;Passed&#34;, &#34;testId&#34;: &#34;tests/unit/test_filters_service.py::TestAdvancedFilteringService::test_all_filter_operators[ne]&#34;, &#34;duration&#34;: &#34;1 ms&#34;, &#34;resultsTableRow&#34;: [&#34;&lt;td class=\&#34;col-result\&#34;&gt;Passed&lt;/td&gt;&#34;, &#34;&lt;td class=\&#34;col-testId\&#34;&gt;tests/unit/test_filters_service.py::TestAdvancedFilteringService::test_all_filter_operators[ne]&lt;/td&gt;&#34;, &#34;&lt;td class=\&#34;col-duration\&#34;&gt;1 ms&lt;/td&gt;&#34;, &#34;&lt;td class=\&#34;col-links\&#34;&gt;&lt;/td&gt;&#34;], &#34;log&#34;: &#34;No log output captured.&#34;}], &#34;tests/unit/test_filters_service.py::TestAdvancedFilteringService::test_all_filter_operators[gt]&#34;: [{&#34;extras&#34;: [], &#34;result&#34;: &#34;Passed&#34;, &#34;testId&#34;: &#34;tests/unit/test_filters_service.py::TestAdvancedFilteringService::test_all_filter_operators[gt]&#34;, &#34;duration&#34;: &#34;1 ms&#34;, &#34;resultsTableRow&#34;: [&#34;&lt;td class=\&#34;col-result\&#34;&gt;Passed&lt;/td&gt;&#34;, &#34;&lt;td class=\&#34;col-testId\&#34;&gt;tests/unit/test_filters_service.py::TestAdvancedFilteringService::test_all_filter_operators[gt]&lt;/td&gt;&#34;, &#34;&lt;td class=\&#34;col-duration\&#34;&gt;1 ms&lt;/td&gt;&#34;, &#34;&lt;td class=\&#34;col-links\&#34;&gt;&lt;/td&gt;&#34;], &#34;log&#34;: &#34;No log output captured.&#34;}], &#34;tests/unit/test_filters_service.py::TestAdvancedFilteringService::test_all_filter_operators[lt]&#34;: [{&#34;extras&#34;: [], &#34;result&#34;: &#34;Passed&#34;, &#34;testId&#34;: &#34;tests/unit/test_filters_service.py::TestAdvancedFilteringService::test_all_filter_operators[lt]&#34;, &#34;duration&#34;: &#34;1 ms&#34;, &#34;resultsTableRow&#34;: [&#34;&lt;td class=\&#34;col-result\&#34;&gt;Passed&lt;/td&gt;&#34;, &#34;&lt;td class=\&#34;col-testId\&#34;&gt;tests/unit/test_filters_service.py::TestAdvancedFilteringService::test_all_filter_operators[lt]&lt;/td&gt;&#34;, &#34;&lt;td class=\&#34;col-duration\&#34;&gt;1 ms&lt;/td&gt;&#34;, &#34;&lt;td class=\&#34;col-links\&#34;&gt;&lt;/td&gt;&#34;], &#34;log&#34;: &#34;No log output captured.&#34;}], &#34;tests/unit/test_filters_service.py::TestAdvancedFilteringService::test_all_filter_operators[contains]&#34;: [{&#34;extras&#34;: [], &#34;result&#34;: &#34;Passed&#34;, &#34;testId&#34;: &#34;tests/unit/test_filters_service.py::TestAdvancedFilteringService::test_all_filter_operators[contains]&#34;, &#34;duration&#34;: &#34;1 ms&#34;, &#34;resultsTableRow&#34;: [&#34;&lt;td class=\&#34;col-result\&#34;&gt;Passed&lt;/td&gt;&#34;, &#34;&lt;td class=\&#34;col-testId\&#34;&gt;tests/unit/test_filters_service.py::TestAdvancedFilteringService::test_all_filter_operators[contains]&lt;/td&gt;&#34;, &#34;&lt;td class=\&#34;col-duration\&#34;&gt;1 ms&lt;/td&gt;&#34;, &#34;&lt;td class=\&#34;col-links\&#34;&gt;&lt;/td&gt;&#34;], &#34;log&#34;: &#34;No log output captured.&#34;}], &#34;tests/unit/test_filters_service.py::TestAdvancedFilteringService::test_all_filter_operators[starts_with]&#34;: [{&#34;extras&#34;: [], &#34;result&#34;: &#34;Passed&#34;, &#34;testId&#34;: &#34;tests/unit/test_filters_service.py::TestAdvancedFilteringService::test_all_filter_operators[starts_with]&#34;, &#34;duration&#34;: &#34;1 ms&#34;, &#34;resultsTableRow&#34;: [&#34;&lt;td class=\&#34;col-result\&#34;&gt;Passed&lt;/td&gt;&#34;, &#34;&lt;td class=\&#34;col-testId\&#34;&gt;tests/unit/test_filters_service.py::TestAdvancedFilteringService::test_all_filter_operators[starts_with]&lt;/td&gt;&#34;, &#34;&lt;td class=\&#34;col-duration\&#34;&gt;1 ms&lt;/td&gt;&#34;, &#34;&lt;td class=\&#34;col-links\&#34;&gt;&lt;/td&gt;&#34;], &#34;log&#34;: &#34;No log output captured.&#34;}], &#34;tests/unit/test_filters_service.py::TestAdvancedFilteringService::test_all_filter_operators[ends_with]&#34;: [{&#34;extras&#34;: [], &#34;result&#34;: &#34;Passed&#34;, &#34;testId&#34;: &#34;tests/unit/test_filters_service.py::TestAdvancedFilteringService::test_all_filter_operators[ends_with]&#34;, &#34;duration&#34;: &#34;1 ms&#34;, &#34;resultsTableRow&#34;: [&#34;&lt;td class=\&#34;col-result\&#34;&gt;Passed&lt;/td&gt;&#34;, &#34;&lt;td class=\&#34;col-testId\&#34;&gt;tests/unit/test_filters_service.py::TestAdvancedFilteringService::test_all_filter_operators[ends_with]&lt;/td&gt;&#34;, &#34;&lt;td class=\&#34;col-duration\&#34;&gt;1 ms&lt;/td&gt;&#34;, &#34;&lt;td class=\&#34;col-links\&#34;&gt;&lt;/td&gt;&#34;], &#34;log&#34;: &#34;No log output captured.&#34;}], &#34;tests/unit/test_filters_service.py::TestAdvancedFilteringService::test_all_filter_operators[in]&#34;: [{&#34;extras&#34;: [], &#34;result&#34;: &#34;Passed&#34;, &#34;testId&#34;: &#34;tests/unit/test_filters_service.py::TestAdvancedFilteringService::test_all_filter_operators[in]&#34;, &#34;duration&#34;: &#34;1 ms&#34;, &#34;resultsTableRow&#34;: [&#34;&lt;td class=\&#34;col-result\&#34;&gt;Passed&lt;/td&gt;&#34;, &#34;&lt;td class=\&#34;col-testId\&#34;&gt;tests/unit/test_filters_service.py::TestAdvancedFilteringService::test_all_filter_operators[in]&lt;/td&gt;&#34;, &#34;&lt;td class=\&#34;col-duration\&#34;&gt;1 ms&lt;/td&gt;&#34;, &#34;&lt;td class=\&#34;col-links\&#34;&gt;&lt;/td&gt;&#34;], &#34;log&#34;: &#34;No log output captured.&#34;}], &#34;tests/unit/test_filters_service.py::TestAdvancedFilteringService::test_all_filter_operators[not_in]&#34;: [{&#34;extras&#34;: [], &#34;result&#34;: &#34;Passed&#34;, &#34;testId&#34;: &#34;tests/unit/test_filters_service.py::TestAdvancedFilteringService::test_all_filter_operators[not_in]&#34;, &#34;duration&#34;: &#34;1 ms&#34;, &#34;resultsTableRow&#34;: [&#34;&lt;td class=\&#34;col-result\&#34;&gt;Passed&lt;/td&gt;&#34;, &#34;&lt;td class=\&#34;col-testId\&#34;&gt;tests/unit/test_filters_service.py::TestAdvancedFilteringService::test_all_filter_operators[not_in]&lt;/td&gt;&#34;, &#34;&lt;td class=\&#34;col-duration\&#34;&gt;1 ms&lt;/td&gt;&#34;, &#34;&lt;td class=\&#34;col-links\&#34;&gt;&lt;/td&gt;&#34;], &#34;log&#34;: &#34;No log output captured.&#34;}], &#34;tests/unit/test_filters_service.py::TestAdvancedFilteringService::test_all_filter_operators[between]&#34;: [{&#34;extras&#34;: [], &#34;result&#34;: &#34;Passed&#34;, &#34;testId&#34;: &#34;tests/unit/test_filters_service.py::TestAdvancedFilteringService::test_all_filter_operators[between]&#34;, &#34;duration&#34;: &#34;1 ms&#34;, &#34;resultsTableRow&#34;: [&#34;&lt;td class=\&#34;col-result\&#34;&gt;Passed&lt;/td&gt;&#34;, &#34;&lt;td class=\&#34;col-testId\&#34;&gt;tests/unit/test_filters_service.py::TestAdvancedFilteringService::test_all_filter_operators[between]&lt;/td&gt;&#34;, &#34;&lt;td class=\&#34;col-duration\&#34;&gt;1 ms&lt;/td&gt;&#34;, &#34;&lt;td class=\&#34;col-links\&#34;&gt;&lt;/td&gt;&#34;], &#34;log&#34;: &#34;No log output captured.&#34;}], &#34;tests/unit/test_filters_service.py::TestAdvancedFilteringService::test_error_handling&#34;: [{&#34;extras&#34;: [], &#34;result&#34;: &#34;Failed&#34;, &#34;testId&#34;: &#34;tests/unit/test_filters_service.py::TestAdvancedFilteringService::test_error_handling&#34;, &#34;duration&#34;: &#34;1 ms&#34;, &#34;resultsTableRow&#34;: [&#34;&lt;td class=\&#34;col-result\&#34;&gt;Failed&lt;/td&gt;&#34;, &#34;&lt;td class=\&#34;col-testId\&#34;&gt;tests/unit/test_filters_service.py::TestAdvancedFilteringService::test_error_handling&lt;/td&gt;&#34;, &#34;&lt;td class=\&#34;col-duration\&#34;&gt;1 ms&lt;/td&gt;&#34;, &#34;&lt;td class=\&#34;col-links\&#34;&gt;&lt;/td&gt;&#34;], &#34;log&#34;: &#34;self = &amp;lt;test_filters_service.TestAdvancedFilteringService object at 0x718e1a1653a0&amp;gt;\nfiltering_service = &amp;lt;src.api.services.filters_service.AdvancedFilteringService object at 0x718e189e2810&amp;gt;\n\n    def test_error_handling(self, filtering_service):\n        &amp;quot;&amp;quot;&amp;quot;Test error handling in filtering service.&amp;quot;&amp;quot;&amp;quot;\n        # Test invalid operator\n&amp;gt;       with pytest.raises(ValueError):\nE       Failed: DID NOT RAISE &amp;lt;class &amp;#x27;ValueError&amp;#x27;&amp;gt;\n\ntests/unit/test_filters_service.py:541: Failed\n&#34;}], &#34;tests/unit/test_forecasting_service.py::TestForecastingService::test_generate_consumption_forecast_success&#34;: [{&#34;extras&#34;: [], &#34;result&#34;: &#34;Failed&#34;, &#34;testId&#34;: &#34;tests/unit/test_forecasting_service.py::TestForecastingService::test_generate_consumption_forecast_success&#34;, &#34;duration&#34;: &#34;2 ms&#34;, &#34;resultsTableRow&#34;: [&#34;&lt;td class=\&#34;col-result\&#34;&gt;Failed&lt;/td&gt;&#34;, &#34;&lt;td class=\&#34;col-testId\&#34;&gt;tests/unit/test_forecasting_service.py::TestForecastingService::test_generate_consumption_forecast_success&lt;/td&gt;&#34;, &#34;&lt;td class=\&#34;col-duration\&#34;&gt;2 ms&lt;/td&gt;&#34;, &#34;&lt;td class=\&#34;col-links\&#34;&gt;&lt;/td&gt;&#34;], &#34;log&#34;: &#34;self = &amp;lt;test_forecasting_service.TestForecastingService object at 0x718e1a1d48f0&amp;gt;\nforecasting_service = &amp;lt;src.api.services.forecasting_service.ForecastingService object at 0x718e1a165fd0&amp;gt;\nmock_hybrid_service = &amp;lt;AsyncMock id=&amp;#x27;124855136971488&amp;#x27;&amp;gt;\ntest_date_range = {&amp;#x27;end_time&amp;#x27;: datetime.datetime(2025, 7, 13, 18, 43, 25, 217185), &amp;#x27;start_time&amp;#x27;: datetime.datetime(2025, 6, 13, 18, 43, 25, 217185)}\n\n    @pytest.mark.asyncio\n    async def test_generate_consumption_forecast_success(\n        self, forecasting_service, mock_hybrid_service, test_date_range\n    ):\n        &amp;quot;&amp;quot;&amp;quot;Test successful consumption forecast generation.&amp;quot;&amp;quot;&amp;quot;\n        result = await forecasting_service.generate_consumption_forecast(\n            mock_hybrid_service,\n            test_date_range[&amp;quot;start_time&amp;quot;],\n            test_date_range[&amp;quot;end_time&amp;quot;],\n            forecast_horizon=7\n        )\n    \n        assert isinstance(result, list)\n        assert len(result) &amp;gt; 0\n&amp;gt;       assert all(isinstance(item, ConsumptionForecast) for item in result)\nE       assert False\nE        +  where False = all(&amp;lt;generator object TestForecastingService.test_generate_consumption_forecast_success.&amp;lt;locals&amp;gt;.&amp;lt;genexpr&amp;gt; at 0x718e186acc80&amp;gt;)\n\ntests/unit/test_forecasting_service.py:59: AssertionError\n&#34;}], &#34;tests/unit/test_forecasting_service.py::TestForecastingService::test_train_forecasting_model_success&#34;: [{&#34;extras&#34;: [], &#34;result&#34;: &#34;Failed&#34;, &#34;testId&#34;: &#34;tests/unit/test_forecasting_service.py::TestForecastingService::test_train_forecasting_model_success&#34;, &#34;duration&#34;: &#34;2 ms&#34;, &#34;resultsTableRow&#34;: [&#34;&lt;td class=\&#34;col-result\&#34;&gt;Failed&lt;/td&gt;&#34;, &#34;&lt;td class=\&#34;col-testId\&#34;&gt;tests/unit/test_forecasting_service.py::TestForecastingService::test_train_forecasting_model_success&lt;/td&gt;&#34;, &#34;&lt;td class=\&#34;col-duration\&#34;&gt;2 ms&lt;/td&gt;&#34;, &#34;&lt;td class=\&#34;col-links\&#34;&gt;&lt;/td&gt;&#34;], &#34;log&#34;: &#34;self = &amp;lt;test_forecasting_service.TestForecastingService object at 0x718e1a1d4ad0&amp;gt;\nforecasting_service = &amp;lt;src.api.services.forecasting_service.ForecastingService object at 0x718e1895cdd0&amp;gt;\nmock_hybrid_service = &amp;lt;AsyncMock id=&amp;#x27;124855111768576&amp;#x27;&amp;gt;\ntest_date_range = {&amp;#x27;end_time&amp;#x27;: datetime.datetime(2025, 7, 13, 18, 43, 25, 227262), &amp;#x27;start_time&amp;#x27;: datetime.datetime(2025, 6, 13, 18, 43, 25, 227262)}\n\n    @pytest.mark.asyncio\n    async def test_train_forecasting_model_success(\n        self, forecasting_service, mock_hybrid_service, test_date_range\n    ):\n        &amp;quot;&amp;quot;&amp;quot;Test successful model training.&amp;quot;&amp;quot;&amp;quot;\n        result = await forecasting_service.train_forecasting_model(\n            mock_hybrid_service,\n            test_date_range[&amp;quot;start_time&amp;quot;],\n            test_date_range[&amp;quot;end_time&amp;quot;],\n            model_type=&amp;quot;arima&amp;quot;\n        )\n    \n&amp;gt;       assert isinstance(result, ModelTraining)\nE       AssertionError: assert False\nE        +  where False = isinstance(namespace(model_id=&amp;#x27;MODEL_001&amp;#x27;, training_accuracy=0.92, validation_accuracy=0.88), ModelTraining)\n\ntests/unit/test_forecasting_service.py:73: AssertionError\n&#34;}], &#34;tests/unit/test_forecasting_service.py::TestForecastingService::test_evaluate_model_accuracy_success&#34;: [{&#34;extras&#34;: [], &#34;result&#34;: &#34;Failed&#34;, &#34;testId&#34;: &#34;tests/unit/test_forecasting_service.py::TestForecastingService::test_evaluate_model_accuracy_success&#34;, &#34;duration&#34;: &#34;2 ms&#34;, &#34;resultsTableRow&#34;: [&#34;&lt;td class=\&#34;col-result\&#34;&gt;Failed&lt;/td&gt;&#34;, &#34;&lt;td class=\&#34;col-testId\&#34;&gt;tests/unit/test_forecasting_service.py::TestForecastingService::test_evaluate_model_accuracy_success&lt;/td&gt;&#34;, &#34;&lt;td class=\&#34;col-duration\&#34;&gt;2 ms&lt;/td&gt;&#34;, &#34;&lt;td class=\&#34;col-links\&#34;&gt;&lt;/td&gt;&#34;], &#34;log&#34;: &#34;self = &amp;lt;test_forecasting_service.TestForecastingService object at 0x718e1a1d4cb0&amp;gt;\nforecasting_service = &amp;lt;src.api.services.forecasting_service.ForecastingService object at 0x718e18b4f950&amp;gt;\nmock_hybrid_service = &amp;lt;AsyncMock id=&amp;#x27;124855113801536&amp;#x27;&amp;gt;\ntest_date_range = {&amp;#x27;end_time&amp;#x27;: datetime.datetime(2025, 7, 13, 18, 43, 25, 236752), &amp;#x27;start_time&amp;#x27;: datetime.datetime(2025, 6, 13, 18, 43, 25, 236752)}\n\n    @pytest.mark.asyncio\n    async def test_evaluate_model_accuracy_success(\n        self, forecasting_service, mock_hybrid_service, test_date_range\n    ):\n        &amp;quot;&amp;quot;&amp;quot;Test successful model accuracy evaluation.&amp;quot;&amp;quot;&amp;quot;\n        result = await forecasting_service.evaluate_model_accuracy(\n            mock_hybrid_service,\n            &amp;quot;MODEL_001&amp;quot;,\n            test_date_range[&amp;quot;start_time&amp;quot;],\n            test_date_range[&amp;quot;end_time&amp;quot;]\n        )\n    \n&amp;gt;       assert isinstance(result, AccuracyReport)\nE       AssertionError: assert False\nE        +  where False = isinstance(namespace(accuracy_metrics={&amp;#x27;mape&amp;#x27;: 5.2, &amp;#x27;rmse&amp;#x27;: 12.3}, error_statistics={}), AccuracyReport)\n\ntests/unit/test_forecasting_service.py:90: AssertionError\n&#34;}], &#34;tests/unit/test_forecasting_service.py::TestForecastingService::test_model_selection_logic&#34;: [{&#34;extras&#34;: [], &#34;result&#34;: &#34;Passed&#34;, &#34;testId&#34;: &#34;tests/unit/test_forecasting_service.py::TestForecastingService::test_model_selection_logic&#34;, &#34;duration&#34;: &#34;1 ms&#34;, &#34;resultsTableRow&#34;: [&#34;&lt;td class=\&#34;col-result\&#34;&gt;Passed&lt;/td&gt;&#34;, &#34;&lt;td class=\&#34;col-testId\&#34;&gt;tests/unit/test_forecasting_service.py::TestForecastingService::test_model_selection_logic&lt;/td&gt;&#34;, &#34;&lt;td class=\&#34;col-duration\&#34;&gt;1 ms&lt;/td&gt;&#34;, &#34;&lt;td class=\&#34;col-links\&#34;&gt;&lt;/td&gt;&#34;], &#34;log&#34;: &#34;No log output captured.&#34;}], &#34;tests/unit/test_forecasting_service.py::TestForecastingService::test_forecast_accuracy_calculation&#34;: [{&#34;extras&#34;: [], &#34;result&#34;: &#34;Passed&#34;, &#34;testId&#34;: &#34;tests/unit/test_forecasting_service.py::TestForecastingService::test_forecast_accuracy_calculation&#34;, &#34;duration&#34;: &#34;1 ms&#34;, &#34;resultsTableRow&#34;: [&#34;&lt;td class=\&#34;col-result\&#34;&gt;Passed&lt;/td&gt;&#34;, &#34;&lt;td class=\&#34;col-testId\&#34;&gt;tests/unit/test_forecasting_service.py::TestForecastingService::test_forecast_accuracy_calculation&lt;/td&gt;&#34;, &#34;&lt;td class=\&#34;col-duration\&#34;&gt;1 ms&lt;/td&gt;&#34;, &#34;&lt;td class=\&#34;col-links\&#34;&gt;&lt;/td&gt;&#34;], &#34;log&#34;: &#34;No log output captured.&#34;}], &#34;tests/unit/test_forecasting_service.py::TestForecastingService::test_seasonal_pattern_detection&#34;: [{&#34;extras&#34;: [], &#34;result&#34;: &#34;Passed&#34;, &#34;testId&#34;: &#34;tests/unit/test_forecasting_service.py::TestForecastingService::test_seasonal_pattern_detection&#34;, &#34;duration&#34;: &#34;1 ms&#34;, &#34;resultsTableRow&#34;: [&#34;&lt;td class=\&#34;col-result\&#34;&gt;Passed&lt;/td&gt;&#34;, &#34;&lt;td class=\&#34;col-testId\&#34;&gt;tests/unit/test_forecasting_service.py::TestForecastingService::test_seasonal_pattern_detection&lt;/td&gt;&#34;, &#34;&lt;td class=\&#34;col-duration\&#34;&gt;1 ms&lt;/td&gt;&#34;, &#34;&lt;td class=\&#34;col-links\&#34;&gt;&lt;/td&gt;&#34;], &#34;log&#34;: &#34;No log output captured.&#34;}], &#34;tests/unit/test_forecasting_service.py::TestForecastingService::test_trend_analysis&#34;: [{&#34;extras&#34;: [], &#34;result&#34;: &#34;Passed&#34;, &#34;testId&#34;: &#34;tests/unit/test_forecasting_service.py::TestForecastingService::test_trend_analysis&#34;, &#34;duration&#34;: &#34;1 ms&#34;, &#34;resultsTableRow&#34;: [&#34;&lt;td class=\&#34;col-result\&#34;&gt;Passed&lt;/td&gt;&#34;, &#34;&lt;td class=\&#34;col-testId\&#34;&gt;tests/unit/test_forecasting_service.py::TestForecastingService::test_trend_analysis&lt;/td&gt;&#34;, &#34;&lt;td class=\&#34;col-duration\&#34;&gt;1 ms&lt;/td&gt;&#34;, &#34;&lt;td class=\&#34;col-links\&#34;&gt;&lt;/td&gt;&#34;], &#34;log&#34;: &#34;No log output captured.&#34;}], &#34;tests/unit/test_forecasting_service.py::TestForecastingService::test_model_specific_training[arima]&#34;: [{&#34;extras&#34;: [], &#34;result&#34;: &#34;Passed&#34;, &#34;testId&#34;: &#34;tests/unit/test_forecasting_service.py::TestForecastingService::test_model_specific_training[arima]&#34;, &#34;duration&#34;: &#34;1 ms&#34;, &#34;resultsTableRow&#34;: [&#34;&lt;td class=\&#34;col-result\&#34;&gt;Passed&lt;/td&gt;&#34;, &#34;&lt;td class=\&#34;col-testId\&#34;&gt;tests/unit/test_forecasting_service.py::TestForecastingService::test_model_specific_training[arima]&lt;/td&gt;&#34;, &#34;&lt;td class=\&#34;col-duration\&#34;&gt;1 ms&lt;/td&gt;&#34;, &#34;&lt;td class=\&#34;col-links\&#34;&gt;&lt;/td&gt;&#34;], &#34;log&#34;: &#34;No log output captured.&#34;}], &#34;tests/unit/test_forecasting_service.py::TestForecastingService::test_model_specific_training[lstm]&#34;: [{&#34;extras&#34;: [], &#34;result&#34;: &#34;Passed&#34;, &#34;testId&#34;: &#34;tests/unit/test_forecasting_service.py::TestForecastingService::test_model_specific_training[lstm]&#34;, &#34;duration&#34;: &#34;1 ms&#34;, &#34;resultsTableRow&#34;: [&#34;&lt;td class=\&#34;col-result\&#34;&gt;Passed&lt;/td&gt;&#34;, &#34;&lt;td class=\&#34;col-testId\&#34;&gt;tests/unit/test_forecasting_service.py::TestForecastingService::test_model_specific_training[lstm]&lt;/td&gt;&#34;, &#34;&lt;td class=\&#34;col-duration\&#34;&gt;1 ms&lt;/td&gt;&#34;, &#34;&lt;td class=\&#34;col-links\&#34;&gt;&lt;/td&gt;&#34;], &#34;log&#34;: &#34;No log output captured.&#34;}], &#34;tests/unit/test_forecasting_service.py::TestForecastingService::test_model_specific_training[prophet]&#34;: [{&#34;extras&#34;: [], &#34;result&#34;: &#34;Passed&#34;, &#34;testId&#34;: &#34;tests/unit/test_forecasting_service.py::TestForecastingService::test_model_specific_training[prophet]&#34;, &#34;duration&#34;: &#34;1 ms&#34;, &#34;resultsTableRow&#34;: [&#34;&lt;td class=\&#34;col-result\&#34;&gt;Passed&lt;/td&gt;&#34;, &#34;&lt;td class=\&#34;col-testId\&#34;&gt;tests/unit/test_forecasting_service.py::TestForecastingService::test_model_specific_training[prophet]&lt;/td&gt;&#34;, &#34;&lt;td class=\&#34;col-duration\&#34;&gt;1 ms&lt;/td&gt;&#34;, &#34;&lt;td class=\&#34;col-links\&#34;&gt;&lt;/td&gt;&#34;], &#34;log&#34;: &#34;No log output captured.&#34;}], &#34;tests/unit/test_forecasting_service.py::TestForecastingService::test_model_specific_training[linear_regression]&#34;: [{&#34;extras&#34;: [], &#34;result&#34;: &#34;Passed&#34;, &#34;testId&#34;: &#34;tests/unit/test_forecasting_service.py::TestForecastingService::test_model_specific_training[linear_regression]&#34;, &#34;duration&#34;: &#34;1 ms&#34;, &#34;resultsTableRow&#34;: [&#34;&lt;td class=\&#34;col-result\&#34;&gt;Passed&lt;/td&gt;&#34;, &#34;&lt;td class=\&#34;col-testId\&#34;&gt;tests/unit/test_forecasting_service.py::TestForecastingService::test_model_specific_training[linear_regression]&lt;/td&gt;&#34;, &#34;&lt;td class=\&#34;col-duration\&#34;&gt;1 ms&lt;/td&gt;&#34;, &#34;&lt;td class=\&#34;col-links\&#34;&gt;&lt;/td&gt;&#34;], &#34;log&#34;: &#34;No log output captured.&#34;}], &#34;tests/unit/test_forecasting_service.py::TestForecastingService::test_confidence_interval_calculation&#34;: [{&#34;extras&#34;: [], &#34;result&#34;: &#34;Passed&#34;, &#34;testId&#34;: &#34;tests/unit/test_forecasting_service.py::TestForecastingService::test_confidence_interval_calculation&#34;, &#34;duration&#34;: &#34;1 ms&#34;, &#34;resultsTableRow&#34;: [&#34;&lt;td class=\&#34;col-result\&#34;&gt;Passed&lt;/td&gt;&#34;, &#34;&lt;td class=\&#34;col-testId\&#34;&gt;tests/unit/test_forecasting_service.py::TestForecastingService::test_confidence_interval_calculation&lt;/td&gt;&#34;, &#34;&lt;td class=\&#34;col-duration\&#34;&gt;1 ms&lt;/td&gt;&#34;, &#34;&lt;td class=\&#34;col-links\&#34;&gt;&lt;/td&gt;&#34;], &#34;log&#34;: &#34;No log output captured.&#34;}], &#34;tests/unit/test_forecasting_service.py::TestForecastingService::test_forecast_validation&#34;: [{&#34;extras&#34;: [], &#34;result&#34;: &#34;Passed&#34;, &#34;testId&#34;: &#34;tests/unit/test_forecasting_service.py::TestForecastingService::test_forecast_validation&#34;, &#34;duration&#34;: &#34;1 ms&#34;, &#34;resultsTableRow&#34;: [&#34;&lt;td class=\&#34;col-result\&#34;&gt;Passed&lt;/td&gt;&#34;, &#34;&lt;td class=\&#34;col-testId\&#34;&gt;tests/unit/test_forecasting_service.py::TestForecastingService::test_forecast_validation&lt;/td&gt;&#34;, &#34;&lt;td class=\&#34;col-duration\&#34;&gt;1 ms&lt;/td&gt;&#34;, &#34;&lt;td class=\&#34;col-links\&#34;&gt;&lt;/td&gt;&#34;], &#34;log&#34;: &#34;No log output captured.&#34;}], &#34;tests/unit/test_kpis_service.py::TestKPIOrchestrator::test_generate_kpi_dashboard_success&#34;: [{&#34;extras&#34;: [], &#34;result&#34;: &#34;Failed&#34;, &#34;testId&#34;: &#34;tests/unit/test_kpis_service.py::TestKPIOrchestrator::test_generate_kpi_dashboard_success&#34;, &#34;duration&#34;: &#34;2 ms&#34;, &#34;resultsTableRow&#34;: [&#34;&lt;td class=\&#34;col-result\&#34;&gt;Failed&lt;/td&gt;&#34;, &#34;&lt;td class=\&#34;col-testId\&#34;&gt;tests/unit/test_kpis_service.py::TestKPIOrchestrator::test_generate_kpi_dashboard_success&lt;/td&gt;&#34;, &#34;&lt;td class=\&#34;col-duration\&#34;&gt;2 ms&lt;/td&gt;&#34;, &#34;&lt;td class=\&#34;col-links\&#34;&gt;&lt;/td&gt;&#34;], &#34;log&#34;: &#34;self = &amp;lt;test_kpis_service.TestKPIOrchestrator object at 0x718e18bd8fb0&amp;gt;\nkpi_orchestrator = &amp;lt;src.api.services.kpis.kpis_orchestrator.KPIOrchestrator object at 0x718e18a0e570&amp;gt;\nmock_hybrid_service = &amp;lt;AsyncMock id=&amp;#x27;124855112496528&amp;#x27;&amp;gt;\ntest_date_range = {&amp;#x27;end_time&amp;#x27;: datetime.datetime(2025, 7, 13, 18, 43, 25, 265464), &amp;#x27;start_time&amp;#x27;: datetime.datetime(2025, 6, 13, 18, 43, 25, 265464)}\n\n    @pytest.mark.asyncio\n    async def test_generate_kpi_dashboard_success(\n        self, kpi_orchestrator, mock_hybrid_service, test_date_range\n    ):\n        &amp;quot;&amp;quot;&amp;quot;Test successful KPI dashboard generation.&amp;quot;&amp;quot;&amp;quot;\n        result = await kpi_orchestrator.generate_kpi_dashboard(\n            mock_hybrid_service,\n            test_date_range[&amp;quot;start_time&amp;quot;],\n            test_date_range[&amp;quot;end_time&amp;quot;]\n        )\n    \n&amp;gt;       assert isinstance(result, KPIDashboard)\nE       assert False\nE        +  where False = isinstance(namespace(overall_health_score=95.5, system_performance={}, network_efficiency={}, quality_metrics={}), KPIDashboard)\n\ntests/unit/test_kpis_service.py:66: AssertionError\n&#34;}], &#34;tests/unit/test_kpis_service.py::TestKPIOrchestrator::test_generate_kpi_cards_success&#34;: [{&#34;extras&#34;: [], &#34;result&#34;: &#34;Failed&#34;, &#34;testId&#34;: &#34;tests/unit/test_kpis_service.py::TestKPIOrchestrator::test_generate_kpi_cards_success&#34;, &#34;duration&#34;: &#34;2 ms&#34;, &#34;resultsTableRow&#34;: [&#34;&lt;td class=\&#34;col-result\&#34;&gt;Failed&lt;/td&gt;&#34;, &#34;&lt;td class=\&#34;col-testId\&#34;&gt;tests/unit/test_kpis_service.py::TestKPIOrchestrator::test_generate_kpi_cards_success&lt;/td&gt;&#34;, &#34;&lt;td class=\&#34;col-duration\&#34;&gt;2 ms&lt;/td&gt;&#34;, &#34;&lt;td class=\&#34;col-links\&#34;&gt;&lt;/td&gt;&#34;], &#34;log&#34;: &#34;self = &amp;lt;test_kpis_service.TestKPIOrchestrator object at 0x718e18bd9190&amp;gt;\nkpi_orchestrator = &amp;lt;src.api.services.kpis.kpis_orchestrator.KPIOrchestrator object at 0x718e18b4ccb0&amp;gt;\nmock_hybrid_service = &amp;lt;AsyncMock id=&amp;#x27;124855113799616&amp;#x27;&amp;gt;\ntest_date_range = {&amp;#x27;end_time&amp;#x27;: datetime.datetime(2025, 7, 13, 18, 43, 25, 280385), &amp;#x27;start_time&amp;#x27;: datetime.datetime(2025, 6, 13, 18, 43, 25, 280385)}\n\n    @pytest.mark.asyncio\n    async def test_generate_kpi_cards_success(\n        self, kpi_orchestrator, mock_hybrid_service, test_date_range\n    ):\n        &amp;quot;&amp;quot;&amp;quot;Test successful KPI cards generation.&amp;quot;&amp;quot;&amp;quot;\n        result = await kpi_orchestrator.generate_kpi_cards(\n            mock_hybrid_service,\n            test_date_range[&amp;quot;start_time&amp;quot;],\n            test_date_range[&amp;quot;end_time&amp;quot;]\n        )\n    \n        assert isinstance(result, list)\n&amp;gt;       assert all(isinstance(card, KPICard) for card in result)\nE       assert False\nE        +  where False = all(&amp;lt;generator object TestKPIOrchestrator.test_generate_kpi_cards_success.&amp;lt;locals&amp;gt;.&amp;lt;genexpr&amp;gt; at 0x718e186ad9a0&amp;gt;)\n\ntests/unit/test_kpis_service.py:84: AssertionError\n&#34;}], &#34;tests/unit/test_kpis_service.py::TestKPIOrchestrator::test_generate_kpi_trends_success&#34;: [{&#34;extras&#34;: [], &#34;result&#34;: &#34;Failed&#34;, &#34;testId&#34;: &#34;tests/unit/test_kpis_service.py::TestKPIOrchestrator::test_generate_kpi_trends_success&#34;, &#34;duration&#34;: &#34;2 ms&#34;, &#34;resultsTableRow&#34;: [&#34;&lt;td class=\&#34;col-result\&#34;&gt;Failed&lt;/td&gt;&#34;, &#34;&lt;td class=\&#34;col-testId\&#34;&gt;tests/unit/test_kpis_service.py::TestKPIOrchestrator::test_generate_kpi_trends_success&lt;/td&gt;&#34;, &#34;&lt;td class=\&#34;col-duration\&#34;&gt;2 ms&lt;/td&gt;&#34;, &#34;&lt;td class=\&#34;col-links\&#34;&gt;&lt;/td&gt;&#34;], &#34;log&#34;: &#34;self = &amp;lt;test_kpis_service.TestKPIOrchestrator object at 0x718e18bd9370&amp;gt;\nkpi_orchestrator = &amp;lt;src.api.services.kpis.kpis_orchestrator.KPIOrchestrator object at 0x718e1895e750&amp;gt;\nmock_hybrid_service = &amp;lt;AsyncMock id=&amp;#x27;124855111772464&amp;#x27;&amp;gt;\ntest_date_range = {&amp;#x27;end_time&amp;#x27;: datetime.datetime(2025, 7, 13, 18, 43, 25, 293989), &amp;#x27;start_time&amp;#x27;: datetime.datetime(2025, 6, 13, 18, 43, 25, 293989)}\n\n    @pytest.mark.asyncio\n    async def test_generate_kpi_trends_success(\n        self, kpi_orchestrator, mock_hybrid_service, test_date_range\n    ):\n        &amp;quot;&amp;quot;&amp;quot;Test successful KPI trends generation.&amp;quot;&amp;quot;&amp;quot;\n        result = await kpi_orchestrator.generate_kpi_trends(\n            mock_hybrid_service,\n            test_date_range[&amp;quot;start_time&amp;quot;],\n            test_date_range[&amp;quot;end_time&amp;quot;]\n        )\n    \n        assert isinstance(result, list)\n&amp;gt;       assert all(isinstance(trend, KPITrend) for trend in result)\nE       assert False\nE        +  where False = all(&amp;lt;generator object TestKPIOrchestrator.test_generate_kpi_trends_success.&amp;lt;locals&amp;gt;.&amp;lt;genexpr&amp;gt; at 0x718e186acba0&amp;gt;)\n\ntests/unit/test_kpis_service.py:98: AssertionError\n&#34;}], &#34;tests/unit/test_kpis_service.py::TestKPIOrchestrator::test_generate_kpi_alerts_success&#34;: [{&#34;extras&#34;: [], &#34;result&#34;: &#34;Failed&#34;, &#34;testId&#34;: &#34;tests/unit/test_kpis_service.py::TestKPIOrchestrator::test_generate_kpi_alerts_success&#34;, &#34;duration&#34;: &#34;2 ms&#34;, &#34;resultsTableRow&#34;: [&#34;&lt;td class=\&#34;col-result\&#34;&gt;Failed&lt;/td&gt;&#34;, &#34;&lt;td class=\&#34;col-testId\&#34;&gt;tests/unit/test_kpis_service.py::TestKPIOrchestrator::test_generate_kpi_alerts_success&lt;/td&gt;&#34;, &#34;&lt;td class=\&#34;col-duration\&#34;&gt;2 ms&lt;/td&gt;&#34;, &#34;&lt;td class=\&#34;col-links\&#34;&gt;&lt;/td&gt;&#34;], &#34;log&#34;: &#34;self = &amp;lt;test_kpis_service.TestKPIOrchestrator object at 0x718e18bd9550&amp;gt;\nkpi_orchestrator = &amp;lt;src.api.services.kpis.kpis_orchestrator.KPIOrchestrator object at 0x718e1a165790&amp;gt;\nmock_hybrid_service = &amp;lt;AsyncMock id=&amp;#x27;124855136966112&amp;#x27;&amp;gt;\ntest_date_range = {&amp;#x27;end_time&amp;#x27;: datetime.datetime(2025, 7, 13, 18, 43, 25, 307530), &amp;#x27;start_time&amp;#x27;: datetime.datetime(2025, 6, 13, 18, 43, 25, 307530)}\n\n    @pytest.mark.asyncio\n    async def test_generate_kpi_alerts_success(\n        self, kpi_orchestrator, mock_hybrid_service, test_date_range\n    ):\n        &amp;quot;&amp;quot;&amp;quot;Test successful KPI alerts generation.&amp;quot;&amp;quot;&amp;quot;\n        result = await kpi_orchestrator.generate_kpi_alerts(\n            mock_hybrid_service,\n            test_date_range[&amp;quot;start_time&amp;quot;],\n            test_date_range[&amp;quot;end_time&amp;quot;]\n        )\n    \n        assert isinstance(result, list)\n&amp;gt;       assert all(isinstance(alert, KPIAlert) for alert in result)\nE       assert False\nE        +  where False = all(&amp;lt;generator object TestKPIOrchestrator.test_generate_kpi_alerts_success.&amp;lt;locals&amp;gt;.&amp;lt;genexpr&amp;gt; at 0x718e186adb60&amp;gt;)\n\ntests/unit/test_kpis_service.py:112: AssertionError\n&#34;}], &#34;tests/unit/test_kpis_service.py::TestKPIOrchestrator::test_get_kpi_health_success&#34;: [{&#34;extras&#34;: [], &#34;result&#34;: &#34;Failed&#34;, &#34;testId&#34;: &#34;tests/unit/test_kpis_service.py::TestKPIOrchestrator::test_get_kpi_health_success&#34;, &#34;duration&#34;: &#34;2 ms&#34;, &#34;resultsTableRow&#34;: [&#34;&lt;td class=\&#34;col-result\&#34;&gt;Failed&lt;/td&gt;&#34;, &#34;&lt;td class=\&#34;col-testId\&#34;&gt;tests/unit/test_kpis_service.py::TestKPIOrchestrator::test_get_kpi_health_success&lt;/td&gt;&#34;, &#34;&lt;td class=\&#34;col-duration\&#34;&gt;2 ms&lt;/td&gt;&#34;, &#34;&lt;td class=\&#34;col-links\&#34;&gt;&lt;/td&gt;&#34;], &#34;log&#34;: &#34;self = &amp;lt;test_kpis_service.TestKPIOrchestrator object at 0x718e18bd91c0&amp;gt;\nkpi_orchestrator = &amp;lt;src.api.services.kpis.kpis_orchestrator.KPIOrchestrator object at 0x718e186e92e0&amp;gt;\nmock_hybrid_service = &amp;lt;AsyncMock id=&amp;#x27;124855109194608&amp;#x27;&amp;gt;\ntest_date_range = {&amp;#x27;end_time&amp;#x27;: datetime.datetime(2025, 7, 13, 18, 43, 25, 321044), &amp;#x27;start_time&amp;#x27;: datetime.datetime(2025, 6, 13, 18, 43, 25, 321044)}\n\n    @pytest.mark.asyncio\n    async def test_get_kpi_health_success(\n        self, kpi_orchestrator, mock_hybrid_service, test_date_range\n    ):\n        &amp;quot;&amp;quot;&amp;quot;Test successful KPI health assessment.&amp;quot;&amp;quot;&amp;quot;\n        result = await kpi_orchestrator.get_kpi_health(\n            mock_hybrid_service,\n            test_date_range[&amp;quot;start_time&amp;quot;],\n            test_date_range[&amp;quot;end_time&amp;quot;]\n        )\n    \n&amp;gt;       assert isinstance(result, KPIHealth)\nE       AssertionError: assert False\nE        +  where False = isinstance(namespace(overall_health_score=95.5, system_status=&amp;#x27;healthy&amp;#x27;, critical_issues=[]), KPIHealth)\n\ntests/unit/test_kpis_service.py:125: AssertionError\n&#34;}], &#34;tests/unit/test_kpis_service.py::TestSystemPerformanceService::test_calculate_uptime_percentage&#34;: [{&#34;extras&#34;: [], &#34;result&#34;: &#34;Failed&#34;, &#34;testId&#34;: &#34;tests/unit/test_kpis_service.py::TestSystemPerformanceService::test_calculate_uptime_percentage&#34;, &#34;duration&#34;: &#34;1 ms&#34;, &#34;resultsTableRow&#34;: [&#34;&lt;td class=\&#34;col-result\&#34;&gt;Failed&lt;/td&gt;&#34;, &#34;&lt;td class=\&#34;col-testId\&#34;&gt;tests/unit/test_kpis_service.py::TestSystemPerformanceService::test_calculate_uptime_percentage&lt;/td&gt;&#34;, &#34;&lt;td class=\&#34;col-duration\&#34;&gt;1 ms&lt;/td&gt;&#34;, &#34;&lt;td class=\&#34;col-links\&#34;&gt;&lt;/td&gt;&#34;], &#34;log&#34;: &#34;self = &amp;lt;test_kpis_service.TestSystemPerformanceService object at 0x718e18bd9760&amp;gt;\nsystem_service = &amp;lt;src.api.services.kpis.system_performance_service.SystemPerformanceService object at 0x718e18744e00&amp;gt;\n\n    def test_calculate_uptime_percentage(self, system_service):\n        &amp;quot;&amp;quot;&amp;quot;Test uptime percentage calculation.&amp;quot;&amp;quot;&amp;quot;\n        # Test with no downtime\n        uptime_data = [\n            {&amp;quot;timestamp&amp;quot;: &amp;quot;2024-01-01T10:00:00&amp;quot;, &amp;quot;status&amp;quot;: &amp;quot;online&amp;quot;},\n            {&amp;quot;timestamp&amp;quot;: &amp;quot;2024-01-01T11:00:00&amp;quot;, &amp;quot;status&amp;quot;: &amp;quot;online&amp;quot;},\n            {&amp;quot;timestamp&amp;quot;: &amp;quot;2024-01-01T12:00:00&amp;quot;, &amp;quot;status&amp;quot;: &amp;quot;online&amp;quot;}\n        ]\n    \n        uptime = system_service._calculate_uptime_percentage(uptime_data)\n&amp;gt;       assert uptime == 100.0\nE       assert 99.5 == 100.0\n\ntests/unit/test_kpis_service.py:151: AssertionError\n&#34;}], &#34;tests/unit/test_kpis_service.py::TestSystemPerformanceService::test_calculate_response_time_metrics&#34;: [{&#34;extras&#34;: [], &#34;result&#34;: &#34;Failed&#34;, &#34;testId&#34;: &#34;tests/unit/test_kpis_service.py::TestSystemPerformanceService::test_calculate_response_time_metrics&#34;, &#34;duration&#34;: &#34;1 ms&#34;, &#34;resultsTableRow&#34;: [&#34;&lt;td class=\&#34;col-result\&#34;&gt;Failed&lt;/td&gt;&#34;, &#34;&lt;td class=\&#34;col-testId\&#34;&gt;tests/unit/test_kpis_service.py::TestSystemPerformanceService::test_calculate_response_time_metrics&lt;/td&gt;&#34;, &#34;&lt;td class=\&#34;col-duration\&#34;&gt;1 ms&lt;/td&gt;&#34;, &#34;&lt;td class=\&#34;col-links\&#34;&gt;&lt;/td&gt;&#34;], &#34;log&#34;: &#34;self = &amp;lt;test_kpis_service.TestSystemPerformanceService object at 0x718e18bd9940&amp;gt;\nsystem_service = &amp;lt;src.api.services.kpis.system_performance_service.SystemPerformanceService object at 0x718e187459d0&amp;gt;\n\n    def test_calculate_response_time_metrics(self, system_service):\n        &amp;quot;&amp;quot;&amp;quot;Test response time metrics calculation.&amp;quot;&amp;quot;&amp;quot;\n        response_times = [100, 150, 200, 120, 180, 90, 300]\n    \n&amp;gt;       metrics = system_service._calculate_response_time_metrics(response_times)\n                  ^^^^^^^^^^^^^^^^^^^^^^^^^^^^^^^^^^^^^^^^^^^^^^^\nE       AttributeError: &amp;#x27;SystemPerformanceService&amp;#x27; object has no attribute &amp;#x27;_calculate_response_time_metrics&amp;#x27;\n\ntests/unit/test_kpis_service.py:167: AttributeError\n&#34;}], &#34;tests/unit/test_kpis_service.py::TestSystemPerformanceService::test_calculate_throughput&#34;: [{&#34;extras&#34;: [], &#34;result&#34;: &#34;Failed&#34;, &#34;testId&#34;: &#34;tests/unit/test_kpis_service.py::TestSystemPerformanceService::test_calculate_throughput&#34;, &#34;duration&#34;: &#34;1 ms&#34;, &#34;resultsTableRow&#34;: [&#34;&lt;td class=\&#34;col-result\&#34;&gt;Failed&lt;/td&gt;&#34;, &#34;&lt;td class=\&#34;col-testId\&#34;&gt;tests/unit/test_kpis_service.py::TestSystemPerformanceService::test_calculate_throughput&lt;/td&gt;&#34;, &#34;&lt;td class=\&#34;col-duration\&#34;&gt;1 ms&lt;/td&gt;&#34;, &#34;&lt;td class=\&#34;col-links\&#34;&gt;&lt;/td&gt;&#34;], &#34;log&#34;: &#34;self = &amp;lt;test_kpis_service.TestSystemPerformanceService object at 0x718e18bd9b20&amp;gt;\nsystem_service = &amp;lt;src.api.services.kpis.system_performance_service.SystemPerformanceService object at 0x718e18746510&amp;gt;\n\n    def test_calculate_throughput(self, system_service):\n        &amp;quot;&amp;quot;&amp;quot;Test throughput calculation.&amp;quot;&amp;quot;&amp;quot;\n        request_data = [\n            {&amp;quot;timestamp&amp;quot;: &amp;quot;2024-01-01T10:00:00&amp;quot;, &amp;quot;requests&amp;quot;: 100},\n            {&amp;quot;timestamp&amp;quot;: &amp;quot;2024-01-01T10:01:00&amp;quot;, &amp;quot;requests&amp;quot;: 120},\n            {&amp;quot;timestamp&amp;quot;: &amp;quot;2024-01-01T10:02:00&amp;quot;, &amp;quot;requests&amp;quot;: 90}\n        ]\n    \n&amp;gt;       throughput = system_service._calculate_throughput(request_data)\n                     ^^^^^^^^^^^^^^^^^^^^^^^^^^^^^^^^^^^^\nE       AttributeError: &amp;#x27;SystemPerformanceService&amp;#x27; object has no attribute &amp;#x27;_calculate_throughput&amp;#x27;. Did you mean: &amp;#x27;_calculate_system_throughput&amp;#x27;?\n\ntests/unit/test_kpis_service.py:181: AttributeError\n&#34;}], &#34;tests/unit/test_kpis_service.py::TestNetworkEfficiencyService::test_calculate_water_loss_percentage&#34;: [{&#34;extras&#34;: [], &#34;result&#34;: &#34;Passed&#34;, &#34;testId&#34;: &#34;tests/unit/test_kpis_service.py::TestNetworkEfficiencyService::test_calculate_water_loss_percentage&#34;, &#34;duration&#34;: &#34;1 ms&#34;, &#34;resultsTableRow&#34;: [&#34;&lt;td class=\&#34;col-result\&#34;&gt;Passed&lt;/td&gt;&#34;, &#34;&lt;td class=\&#34;col-testId\&#34;&gt;tests/unit/test_kpis_service.py::TestNetworkEfficiencyService::test_calculate_water_loss_percentage&lt;/td&gt;&#34;, &#34;&lt;td class=\&#34;col-duration\&#34;&gt;1 ms&lt;/td&gt;&#34;, &#34;&lt;td class=\&#34;col-links\&#34;&gt;&lt;/td&gt;&#34;], &#34;log&#34;: &#34;No log output captured.&#34;}], &#34;tests/unit/test_kpis_service.py::TestNetworkEfficiencyService::test_calculate_pressure_efficiency&#34;: [{&#34;extras&#34;: [], &#34;result&#34;: &#34;Passed&#34;, &#34;testId&#34;: &#34;tests/unit/test_kpis_service.py::TestNetworkEfficiencyService::test_calculate_pressure_efficiency&#34;, &#34;duration&#34;: &#34;1 ms&#34;, &#34;resultsTableRow&#34;: [&#34;&lt;td class=\&#34;col-result\&#34;&gt;Passed&lt;/td&gt;&#34;, &#34;&lt;td class=\&#34;col-testId\&#34;&gt;tests/unit/test_kpis_service.py::TestNetworkEfficiencyService::test_calculate_pressure_efficiency&lt;/td&gt;&#34;, &#34;&lt;td class=\&#34;col-duration\&#34;&gt;1 ms&lt;/td&gt;&#34;, &#34;&lt;td class=\&#34;col-links\&#34;&gt;&lt;/td&gt;&#34;], &#34;log&#34;: &#34;No log output captured.&#34;}], &#34;tests/unit/test_kpis_service.py::TestNetworkEfficiencyService::test_calculate_energy_efficiency&#34;: [{&#34;extras&#34;: [], &#34;result&#34;: &#34;Passed&#34;, &#34;testId&#34;: &#34;tests/unit/test_kpis_service.py::TestNetworkEfficiencyService::test_calculate_energy_efficiency&#34;, &#34;duration&#34;: &#34;1 ms&#34;, &#34;resultsTableRow&#34;: [&#34;&lt;td class=\&#34;col-result\&#34;&gt;Passed&lt;/td&gt;&#34;, &#34;&lt;td class=\&#34;col-testId\&#34;&gt;tests/unit/test_kpis_service.py::TestNetworkEfficiencyService::test_calculate_energy_efficiency&lt;/td&gt;&#34;, &#34;&lt;td class=\&#34;col-duration\&#34;&gt;1 ms&lt;/td&gt;&#34;, &#34;&lt;td class=\&#34;col-links\&#34;&gt;&lt;/td&gt;&#34;], &#34;log&#34;: &#34;No log output captured.&#34;}], &#34;tests/unit/test_kpis_service.py::TestQualityService::test_calculate_compliance_rate&#34;: [{&#34;extras&#34;: [], &#34;result&#34;: &#34;Failed&#34;, &#34;testId&#34;: &#34;tests/unit/test_kpis_service.py::TestQualityService::test_calculate_compliance_rate&#34;, &#34;duration&#34;: &#34;1 ms&#34;, &#34;resultsTableRow&#34;: [&#34;&lt;td class=\&#34;col-result\&#34;&gt;Failed&lt;/td&gt;&#34;, &#34;&lt;td class=\&#34;col-testId\&#34;&gt;tests/unit/test_kpis_service.py::TestQualityService::test_calculate_compliance_rate&lt;/td&gt;&#34;, &#34;&lt;td class=\&#34;col-duration\&#34;&gt;1 ms&lt;/td&gt;&#34;, &#34;&lt;td class=\&#34;col-links\&#34;&gt;&lt;/td&gt;&#34;], &#34;log&#34;: &#34;self = &amp;lt;test_kpis_service.TestQualityService object at 0x718e18bda420&amp;gt;\nquality_service = &amp;lt;src.api.services.kpis.quality_service.QualityService object at 0x718e18747770&amp;gt;\n\n    def test_calculate_compliance_rate(self, quality_service):\n        &amp;quot;&amp;quot;&amp;quot;Test compliance rate calculation.&amp;quot;&amp;quot;&amp;quot;\n        quality_data = [\n            {&amp;quot;sensor_id&amp;quot;: &amp;quot;SENSOR_001&amp;quot;, &amp;quot;compliance_status&amp;quot;: &amp;quot;compliant&amp;quot;},\n            {&amp;quot;sensor_id&amp;quot;: &amp;quot;SENSOR_002&amp;quot;, &amp;quot;compliance_status&amp;quot;: &amp;quot;compliant&amp;quot;},\n            {&amp;quot;sensor_id&amp;quot;: &amp;quot;SENSOR_003&amp;quot;, &amp;quot;compliance_status&amp;quot;: &amp;quot;non_compliant&amp;quot;}\n        ]\n    \n&amp;gt;       compliance_rate = quality_service._calculate_compliance_rate(quality_data)\n                          ^^^^^^^^^^^^^^^^^^^^^^^^^^^^^^^^^^^^^^^^^^\nE       AttributeError: &amp;#x27;QualityService&amp;#x27; object has no attribute &amp;#x27;_calculate_compliance_rate&amp;#x27;\n\ntests/unit/test_kpis_service.py:246: AttributeError\n&#34;}], &#34;tests/unit/test_kpis_service.py::TestQualityService::test_calculate_contamination_incidents&#34;: [{&#34;extras&#34;: [], &#34;result&#34;: &#34;Failed&#34;, &#34;testId&#34;: &#34;tests/unit/test_kpis_service.py::TestQualityService::test_calculate_contamination_incidents&#34;, &#34;duration&#34;: &#34;1 ms&#34;, &#34;resultsTableRow&#34;: [&#34;&lt;td class=\&#34;col-result\&#34;&gt;Failed&lt;/td&gt;&#34;, &#34;&lt;td class=\&#34;col-testId\&#34;&gt;tests/unit/test_kpis_service.py::TestQualityService::test_calculate_contamination_incidents&lt;/td&gt;&#34;, &#34;&lt;td class=\&#34;col-duration\&#34;&gt;1 ms&lt;/td&gt;&#34;, &#34;&lt;td class=\&#34;col-links\&#34;&gt;&lt;/td&gt;&#34;], &#34;log&#34;: &#34;self = &amp;lt;test_kpis_service.TestQualityService object at 0x718e18bda600&amp;gt;\nquality_service = &amp;lt;src.api.services.kpis.quality_service.QualityService object at 0x718e186d4290&amp;gt;\n\n    def test_calculate_contamination_incidents(self, quality_service):\n        &amp;quot;&amp;quot;&amp;quot;Test contamination incidents calculation.&amp;quot;&amp;quot;&amp;quot;\n        incident_data = [\n            {&amp;quot;incident_id&amp;quot;: &amp;quot;INC_001&amp;quot;, &amp;quot;severity&amp;quot;: &amp;quot;high&amp;quot;, &amp;quot;resolved&amp;quot;: True},\n            {&amp;quot;incident_id&amp;quot;: &amp;quot;INC_002&amp;quot;, &amp;quot;severity&amp;quot;: &amp;quot;medium&amp;quot;, &amp;quot;resolved&amp;quot;: False},\n            {&amp;quot;incident_id&amp;quot;: &amp;quot;INC_003&amp;quot;, &amp;quot;severity&amp;quot;: &amp;quot;low&amp;quot;, &amp;quot;resolved&amp;quot;: True}\n        ]\n    \n        incidents = quality_service._calculate_contamination_incidents(incident_data)\n&amp;gt;       assert &amp;quot;total_incidents&amp;quot; in incidents\n               ^^^^^^^^^^^^^^^^^^^^^^^^^^^^^^\nE       TypeError: argument of type &amp;#x27;int&amp;#x27; is not iterable\n\ntests/unit/test_kpis_service.py:258: TypeError\n&#34;}], &#34;tests/unit/test_kpis_service.py::TestQualityService::test_calculate_parameter_averages&#34;: [{&#34;extras&#34;: [], &#34;result&#34;: &#34;Failed&#34;, &#34;testId&#34;: &#34;tests/unit/test_kpis_service.py::TestQualityService::test_calculate_parameter_averages&#34;, &#34;duration&#34;: &#34;1 ms&#34;, &#34;resultsTableRow&#34;: [&#34;&lt;td class=\&#34;col-result\&#34;&gt;Failed&lt;/td&gt;&#34;, &#34;&lt;td class=\&#34;col-testId\&#34;&gt;tests/unit/test_kpis_service.py::TestQualityService::test_calculate_parameter_averages&lt;/td&gt;&#34;, &#34;&lt;td class=\&#34;col-duration\&#34;&gt;1 ms&lt;/td&gt;&#34;, &#34;&lt;td class=\&#34;col-links\&#34;&gt;&lt;/td&gt;&#34;], &#34;log&#34;: &#34;self = &amp;lt;test_kpis_service.TestQualityService object at 0x718e18bda7e0&amp;gt;\nquality_service = &amp;lt;src.api.services.kpis.quality_service.QualityService object at 0x718e186d4da0&amp;gt;\n\n    def test_calculate_parameter_averages(self, quality_service):\n        &amp;quot;&amp;quot;&amp;quot;Test parameter averages calculation.&amp;quot;&amp;quot;&amp;quot;\n        parameter_data = [\n            {&amp;quot;ph_level&amp;quot;: 7.2, &amp;quot;temperature&amp;quot;: 22.5, &amp;quot;turbidity&amp;quot;: 1.2},\n            {&amp;quot;ph_level&amp;quot;: 7.1, &amp;quot;temperature&amp;quot;: 23.0, &amp;quot;turbidity&amp;quot;: 1.4},\n            {&amp;quot;ph_level&amp;quot;: 7.3, &amp;quot;temperature&amp;quot;: 21.8, &amp;quot;turbidity&amp;quot;: 1.1}\n        ]\n    \n&amp;gt;       averages = quality_service._calculate_parameter_averages(parameter_data)\n                   ^^^^^^^^^^^^^^^^^^^^^^^^^^^^^^^^^^^^^^^^^^^^^\nE       AttributeError: &amp;#x27;QualityService&amp;#x27; object has no attribute &amp;#x27;_calculate_parameter_averages&amp;#x27;\n\ntests/unit/test_kpis_service.py:270: AttributeError\n&#34;}], &#34;tests/unit/test_kpis_service.py::TestDashboardService::test_aggregate_kpi_data&#34;: [{&#34;extras&#34;: [], &#34;result&#34;: &#34;Failed&#34;, &#34;testId&#34;: &#34;tests/unit/test_kpis_service.py::TestDashboardService::test_aggregate_kpi_data&#34;, &#34;duration&#34;: &#34;1 ms&#34;, &#34;resultsTableRow&#34;: [&#34;&lt;td class=\&#34;col-result\&#34;&gt;Failed&lt;/td&gt;&#34;, &#34;&lt;td class=\&#34;col-testId\&#34;&gt;tests/unit/test_kpis_service.py::TestDashboardService::test_aggregate_kpi_data&lt;/td&gt;&#34;, &#34;&lt;td class=\&#34;col-duration\&#34;&gt;1 ms&lt;/td&gt;&#34;, &#34;&lt;td class=\&#34;col-links\&#34;&gt;&lt;/td&gt;&#34;], &#34;log&#34;: &#34;self = &amp;lt;test_kpis_service.TestDashboardService object at 0x718e18bdaa80&amp;gt;\ndashboard_service = &amp;lt;src.api.services.kpis.dashboard_service.DashboardService object at 0x718e186d5a00&amp;gt;\n\n    def test_aggregate_kpi_data(self, dashboard_service):\n        &amp;quot;&amp;quot;&amp;quot;Test KPI data aggregation.&amp;quot;&amp;quot;&amp;quot;\n        kpi_data = {\n            &amp;quot;system_performance&amp;quot;: {&amp;quot;uptime&amp;quot;: 99.5, &amp;quot;response_time&amp;quot;: 150},\n            &amp;quot;network_efficiency&amp;quot;: {&amp;quot;water_loss&amp;quot;: 12.3, &amp;quot;pressure_efficiency&amp;quot;: 85.2},\n            &amp;quot;quality_metrics&amp;quot;: {&amp;quot;compliance_rate&amp;quot;: 98.7, &amp;quot;incidents&amp;quot;: 2}\n        }\n    \n&amp;gt;       aggregated = dashboard_service._aggregate_kpi_data(kpi_data)\n                     ^^^^^^^^^^^^^^^^^^^^^^^^^^^^^^^^^^^^^\nE       AttributeError: &amp;#x27;DashboardService&amp;#x27; object has no attribute &amp;#x27;_aggregate_kpi_data&amp;#x27;\n\ntests/unit/test_kpis_service.py:294: AttributeError\n&#34;}], &#34;tests/unit/test_kpis_service.py::TestDashboardService::test_generate_kpi_cards_data&#34;: [{&#34;extras&#34;: [], &#34;result&#34;: &#34;Failed&#34;, &#34;testId&#34;: &#34;tests/unit/test_kpis_service.py::TestDashboardService::test_generate_kpi_cards_data&#34;, &#34;duration&#34;: &#34;1 ms&#34;, &#34;resultsTableRow&#34;: [&#34;&lt;td class=\&#34;col-result\&#34;&gt;Failed&lt;/td&gt;&#34;, &#34;&lt;td class=\&#34;col-testId\&#34;&gt;tests/unit/test_kpis_service.py::TestDashboardService::test_generate_kpi_cards_data&lt;/td&gt;&#34;, &#34;&lt;td class=\&#34;col-duration\&#34;&gt;1 ms&lt;/td&gt;&#34;, &#34;&lt;td class=\&#34;col-links\&#34;&gt;&lt;/td&gt;&#34;], &#34;log&#34;: &#34;self = &amp;lt;test_kpis_service.TestDashboardService object at 0x718e18bdac60&amp;gt;\ndashboard_service = &amp;lt;src.api.services.kpis.dashboard_service.DashboardService object at 0x718e186d6600&amp;gt;\n\n    def test_generate_kpi_cards_data(self, dashboard_service):\n        &amp;quot;&amp;quot;&amp;quot;Test KPI cards data generation.&amp;quot;&amp;quot;&amp;quot;\n        sample_kpis = {\n            &amp;quot;uptime&amp;quot;: {&amp;quot;value&amp;quot;: 99.5, &amp;quot;unit&amp;quot;: &amp;quot;%&amp;quot;, &amp;quot;trend&amp;quot;: &amp;quot;stable&amp;quot;},\n            &amp;quot;response_time&amp;quot;: {&amp;quot;value&amp;quot;: 150, &amp;quot;unit&amp;quot;: &amp;quot;ms&amp;quot;, &amp;quot;trend&amp;quot;: &amp;quot;improving&amp;quot;},\n            &amp;quot;compliance&amp;quot;: {&amp;quot;value&amp;quot;: 98.7, &amp;quot;unit&amp;quot;: &amp;quot;%&amp;quot;, &amp;quot;trend&amp;quot;: &amp;quot;declining&amp;quot;}\n        }\n    \n&amp;gt;       cards = dashboard_service._generate_kpi_cards_data(sample_kpis)\n                ^^^^^^^^^^^^^^^^^^^^^^^^^^^^^^^^^^^^^^^^^^\nE       AttributeError: &amp;#x27;DashboardService&amp;#x27; object has no attribute &amp;#x27;_generate_kpi_cards_data&amp;#x27;\n\ntests/unit/test_kpis_service.py:306: AttributeError\n&#34;}], &#34;tests/unit/test_kpis_service.py::TestDashboardService::test_calculate_health_score&#34;: [{&#34;extras&#34;: [], &#34;result&#34;: &#34;Failed&#34;, &#34;testId&#34;: &#34;tests/unit/test_kpis_service.py::TestDashboardService::test_calculate_health_score&#34;, &#34;duration&#34;: &#34;1 ms&#34;, &#34;resultsTableRow&#34;: [&#34;&lt;td class=\&#34;col-result\&#34;&gt;Failed&lt;/td&gt;&#34;, &#34;&lt;td class=\&#34;col-testId\&#34;&gt;tests/unit/test_kpis_service.py::TestDashboardService::test_calculate_health_score&lt;/td&gt;&#34;, &#34;&lt;td class=\&#34;col-duration\&#34;&gt;1 ms&lt;/td&gt;&#34;, &#34;&lt;td class=\&#34;col-links\&#34;&gt;&lt;/td&gt;&#34;], &#34;log&#34;: &#34;self = &amp;lt;test_kpis_service.TestDashboardService object at 0x718e18bdae40&amp;gt;\ndashboard_service = &amp;lt;src.api.services.kpis.dashboard_service.DashboardService object at 0x718e18747ec0&amp;gt;\n\n    def test_calculate_health_score(self, dashboard_service):\n        &amp;quot;&amp;quot;&amp;quot;Test overall health score calculation.&amp;quot;&amp;quot;&amp;quot;\n        kpi_metrics = {\n            &amp;quot;uptime&amp;quot;: 99.5,\n            &amp;quot;response_time&amp;quot;: 150,\n            &amp;quot;water_loss&amp;quot;: 12.3,\n            &amp;quot;compliance_rate&amp;quot;: 98.7,\n            &amp;quot;energy_efficiency&amp;quot;: 85.2\n        }\n    \n&amp;gt;       health_score = dashboard_service._calculate_health_score(kpi_metrics)\n                       ^^^^^^^^^^^^^^^^^^^^^^^^^^^^^^^^^^^^^^^^^\nE       AttributeError: &amp;#x27;DashboardService&amp;#x27; object has no attribute &amp;#x27;_calculate_health_score&amp;#x27;\n\ntests/unit/test_kpis_service.py:320: AttributeError\n&#34;}], &#34;tests/unit/test_kpis_service.py::TestDashboardService::test_identify_critical_issues&#34;: [{&#34;extras&#34;: [], &#34;result&#34;: &#34;Failed&#34;, &#34;testId&#34;: &#34;tests/unit/test_kpis_service.py::TestDashboardService::test_identify_critical_issues&#34;, &#34;duration&#34;: &#34;1 ms&#34;, &#34;resultsTableRow&#34;: [&#34;&lt;td class=\&#34;col-result\&#34;&gt;Failed&lt;/td&gt;&#34;, &#34;&lt;td class=\&#34;col-testId\&#34;&gt;tests/unit/test_kpis_service.py::TestDashboardService::test_identify_critical_issues&lt;/td&gt;&#34;, &#34;&lt;td class=\&#34;col-duration\&#34;&gt;1 ms&lt;/td&gt;&#34;, &#34;&lt;td class=\&#34;col-links\&#34;&gt;&lt;/td&gt;&#34;], &#34;log&#34;: &#34;self = &amp;lt;test_kpis_service.TestDashboardService object at 0x718e18bdb020&amp;gt;\ndashboard_service = &amp;lt;src.api.services.kpis.dashboard_service.DashboardService object at 0x718e18745ac0&amp;gt;\n\n    def test_identify_critical_issues(self, dashboard_service):\n        &amp;quot;&amp;quot;&amp;quot;Test critical issues identification.&amp;quot;&amp;quot;&amp;quot;\n        kpi_data = {\n            &amp;quot;uptime&amp;quot;: 95.0,  # Below threshold\n            &amp;quot;response_time&amp;quot;: 2000,  # Above threshold\n            &amp;quot;compliance_rate&amp;quot;: 85.0,  # Below threshold\n            &amp;quot;water_loss&amp;quot;: 25.0  # Above threshold\n        }\n    \n&amp;gt;       issues = dashboard_service._identify_critical_issues(kpi_data)\n                 ^^^^^^^^^^^^^^^^^^^^^^^^^^^^^^^^^^^^^^^^^^^\nE       AttributeError: &amp;#x27;DashboardService&amp;#x27; object has no attribute &amp;#x27;_identify_critical_issues&amp;#x27;\n\ntests/unit/test_kpis_service.py:332: AttributeError\n&#34;}], &#34;tests/unit/test_kpis_service.py::TestDashboardService::test_generate_trend_data&#34;: [{&#34;extras&#34;: [], &#34;result&#34;: &#34;Failed&#34;, &#34;testId&#34;: &#34;tests/unit/test_kpis_service.py::TestDashboardService::test_generate_trend_data&#34;, &#34;duration&#34;: &#34;1 ms&#34;, &#34;resultsTableRow&#34;: [&#34;&lt;td class=\&#34;col-result\&#34;&gt;Failed&lt;/td&gt;&#34;, &#34;&lt;td class=\&#34;col-testId\&#34;&gt;tests/unit/test_kpis_service.py::TestDashboardService::test_generate_trend_data&lt;/td&gt;&#34;, &#34;&lt;td class=\&#34;col-duration\&#34;&gt;1 ms&lt;/td&gt;&#34;, &#34;&lt;td class=\&#34;col-links\&#34;&gt;&lt;/td&gt;&#34;], &#34;log&#34;: &#34;self = &amp;lt;test_kpis_service.TestDashboardService object at 0x718e18bdb200&amp;gt;\ndashboard_service = &amp;lt;src.api.services.kpis.dashboard_service.DashboardService object at 0x718e18745370&amp;gt;\n\n    def test_generate_trend_data(self, dashboard_service):\n        &amp;quot;&amp;quot;&amp;quot;Test trend data generation.&amp;quot;&amp;quot;&amp;quot;\n        historical_data = [\n            {&amp;quot;timestamp&amp;quot;: &amp;quot;2024-01-01&amp;quot;, &amp;quot;value&amp;quot;: 100},\n            {&amp;quot;timestamp&amp;quot;: &amp;quot;2024-01-02&amp;quot;, &amp;quot;value&amp;quot;: 105},\n            {&amp;quot;timestamp&amp;quot;: &amp;quot;2024-01-03&amp;quot;, &amp;quot;value&amp;quot;: 110},\n            {&amp;quot;timestamp&amp;quot;: &amp;quot;2024-01-04&amp;quot;, &amp;quot;value&amp;quot;: 108}\n        ]\n    \n&amp;gt;       trend = dashboard_service._generate_trend_data(historical_data)\n                ^^^^^^^^^^^^^^^^^^^^^^^^^^^^^^^^^^^^^^\nE       AttributeError: &amp;#x27;DashboardService&amp;#x27; object has no attribute &amp;#x27;_generate_trend_data&amp;#x27;\n\ntests/unit/test_kpis_service.py:345: AttributeError\n&#34;}], &#34;tests/unit/test_kpis_service.py::TestDashboardService::test_benchmark_comparison&#34;: [{&#34;extras&#34;: [], &#34;result&#34;: &#34;Failed&#34;, &#34;testId&#34;: &#34;tests/unit/test_kpis_service.py::TestDashboardService::test_benchmark_comparison&#34;, &#34;duration&#34;: &#34;1 ms&#34;, &#34;resultsTableRow&#34;: [&#34;&lt;td class=\&#34;col-result\&#34;&gt;Failed&lt;/td&gt;&#34;, &#34;&lt;td class=\&#34;col-testId\&#34;&gt;tests/unit/test_kpis_service.py::TestDashboardService::test_benchmark_comparison&lt;/td&gt;&#34;, &#34;&lt;td class=\&#34;col-duration\&#34;&gt;1 ms&lt;/td&gt;&#34;, &#34;&lt;td class=\&#34;col-links\&#34;&gt;&lt;/td&gt;&#34;], &#34;log&#34;: &#34;self = &amp;lt;test_kpis_service.TestDashboardService object at 0x718e18bdb3e0&amp;gt;\ndashboard_service = &amp;lt;src.api.services.kpis.dashboard_service.DashboardService object at 0x718e13f02e10&amp;gt;\n\n    def test_benchmark_comparison(self, dashboard_service):\n        &amp;quot;&amp;quot;&amp;quot;Test benchmark comparison.&amp;quot;&amp;quot;&amp;quot;\n        current_kpis = {\n            &amp;quot;uptime&amp;quot;: 99.5,\n            &amp;quot;response_time&amp;quot;: 150,\n            &amp;quot;compliance_rate&amp;quot;: 98.7\n        }\n    \n        industry_benchmarks = {\n            &amp;quot;uptime&amp;quot;: 99.9,\n            &amp;quot;response_time&amp;quot;: 100,\n            &amp;quot;compliance_rate&amp;quot;: 99.5\n        }\n    \n&amp;gt;       comparison = dashboard_service._compare_with_benchmarks(current_kpis, industry_benchmarks)\n                     ^^^^^^^^^^^^^^^^^^^^^^^^^^^^^^^^^^^^^^^^^^\nE       AttributeError: &amp;#x27;DashboardService&amp;#x27; object has no attribute &amp;#x27;_compare_with_benchmarks&amp;#x27;\n\ntests/unit/test_kpis_service.py:364: AttributeError\n&#34;}], &#34;tests/unit/test_kpis_service.py::TestDashboardService::test_category_specific_calculations[system]&#34;: [{&#34;extras&#34;: [], &#34;result&#34;: &#34;Failed&#34;, &#34;testId&#34;: &#34;tests/unit/test_kpis_service.py::TestDashboardService::test_category_specific_calculations[system]&#34;, &#34;duration&#34;: &#34;1 ms&#34;, &#34;resultsTableRow&#34;: [&#34;&lt;td class=\&#34;col-result\&#34;&gt;Failed&lt;/td&gt;&#34;, &#34;&lt;td class=\&#34;col-testId\&#34;&gt;tests/unit/test_kpis_service.py::TestDashboardService::test_category_specific_calculations[system]&lt;/td&gt;&#34;, &#34;&lt;td class=\&#34;col-duration\&#34;&gt;1 ms&lt;/td&gt;&#34;, &#34;&lt;td class=\&#34;col-links\&#34;&gt;&lt;/td&gt;&#34;], &#34;log&#34;: &#34;self = &amp;lt;test_kpis_service.TestDashboardService object at 0x718e18bdb710&amp;gt;\ndashboard_service = &amp;lt;src.api.services.kpis.dashboard_service.DashboardService object at 0x718e13f03d70&amp;gt;\nkpi_category = &amp;#x27;system&amp;#x27;\n\n    @pytest.mark.parametrize(&amp;quot;kpi_category&amp;quot;, [&amp;quot;system&amp;quot;, &amp;quot;network&amp;quot;, &amp;quot;quality&amp;quot;, &amp;quot;maintenance&amp;quot;])\n    def test_category_specific_calculations(self, dashboard_service, kpi_category):\n        &amp;quot;&amp;quot;&amp;quot;Test category-specific KPI calculations.&amp;quot;&amp;quot;&amp;quot;\n        sample_data = {\n            &amp;quot;system&amp;quot;: {&amp;quot;uptime&amp;quot;: 99.5, &amp;quot;response_time&amp;quot;: 150},\n            &amp;quot;network&amp;quot;: {&amp;quot;water_loss&amp;quot;: 12.3, &amp;quot;pressure_efficiency&amp;quot;: 85.2},\n            &amp;quot;quality&amp;quot;: {&amp;quot;compliance_rate&amp;quot;: 98.7, &amp;quot;incidents&amp;quot;: 2},\n            &amp;quot;maintenance&amp;quot;: {&amp;quot;mttr&amp;quot;: 4.5, &amp;quot;preventive_ratio&amp;quot;: 80.0}\n        }\n    \n&amp;gt;       category_score = dashboard_service._calculate_category_score(sample_data[kpi_category], kpi_category)\n                         ^^^^^^^^^^^^^^^^^^^^^^^^^^^^^^^^^^^^^^^^^^^\nE       AttributeError: &amp;#x27;DashboardService&amp;#x27; object has no attribute &amp;#x27;_calculate_category_score&amp;#x27;\n\ntests/unit/test_kpis_service.py:379: AttributeError\n&#34;}], &#34;tests/unit/test_kpis_service.py::TestDashboardService::test_category_specific_calculations[network]&#34;: [{&#34;extras&#34;: [], &#34;result&#34;: &#34;Failed&#34;, &#34;testId&#34;: &#34;tests/unit/test_kpis_service.py::TestDashboardService::test_category_specific_calculations[network]&#34;, &#34;duration&#34;: &#34;1 ms&#34;, &#34;resultsTableRow&#34;: [&#34;&lt;td class=\&#34;col-result\&#34;&gt;Failed&lt;/td&gt;&#34;, &#34;&lt;td class=\&#34;col-testId\&#34;&gt;tests/unit/test_kpis_service.py::TestDashboardService::test_category_specific_calculations[network]&lt;/td&gt;&#34;, &#34;&lt;td class=\&#34;col-duration\&#34;&gt;1 ms&lt;/td&gt;&#34;, &#34;&lt;td class=\&#34;col-links\&#34;&gt;&lt;/td&gt;&#34;], &#34;log&#34;: &#34;self = &amp;lt;test_kpis_service.TestDashboardService object at 0x718e18bdb920&amp;gt;\ndashboard_service = &amp;lt;src.api.services.kpis.dashboard_service.DashboardService object at 0x718e1a166b10&amp;gt;\nkpi_category = &amp;#x27;network&amp;#x27;\n\n    @pytest.mark.parametrize(&amp;quot;kpi_category&amp;quot;, [&amp;quot;system&amp;quot;, &amp;quot;network&amp;quot;, &amp;quot;quality&amp;quot;, &amp;quot;maintenance&amp;quot;])\n    def test_category_specific_calculations(self, dashboard_service, kpi_category):\n        &amp;quot;&amp;quot;&amp;quot;Test category-specific KPI calculations.&amp;quot;&amp;quot;&amp;quot;\n        sample_data = {\n            &amp;quot;system&amp;quot;: {&amp;quot;uptime&amp;quot;: 99.5, &amp;quot;response_time&amp;quot;: 150},\n            &amp;quot;network&amp;quot;: {&amp;quot;water_loss&amp;quot;: 12.3, &amp;quot;pressure_efficiency&amp;quot;: 85.2},\n            &amp;quot;quality&amp;quot;: {&amp;quot;compliance_rate&amp;quot;: 98.7, &amp;quot;incidents&amp;quot;: 2},\n            &amp;quot;maintenance&amp;quot;: {&amp;quot;mttr&amp;quot;: 4.5, &amp;quot;preventive_ratio&amp;quot;: 80.0}\n        }\n    \n&amp;gt;       category_score = dashboard_service._calculate_category_score(sample_data[kpi_category], kpi_category)\n                         ^^^^^^^^^^^^^^^^^^^^^^^^^^^^^^^^^^^^^^^^^^^\nE       AttributeError: &amp;#x27;DashboardService&amp;#x27; object has no attribute &amp;#x27;_calculate_category_score&amp;#x27;\n\ntests/unit/test_kpis_service.py:379: AttributeError\n&#34;}], &#34;tests/unit/test_kpis_service.py::TestDashboardService::test_category_specific_calculations[quality]&#34;: [{&#34;extras&#34;: [], &#34;result&#34;: &#34;Failed&#34;, &#34;testId&#34;: &#34;tests/unit/test_kpis_service.py::TestDashboardService::test_category_specific_calculations[quality]&#34;, &#34;duration&#34;: &#34;1 ms&#34;, &#34;resultsTableRow&#34;: [&#34;&lt;td class=\&#34;col-result\&#34;&gt;Failed&lt;/td&gt;&#34;, &#34;&lt;td class=\&#34;col-testId\&#34;&gt;tests/unit/test_kpis_service.py::TestDashboardService::test_category_specific_calculations[quality]&lt;/td&gt;&#34;, &#34;&lt;td class=\&#34;col-duration\&#34;&gt;1 ms&lt;/td&gt;&#34;, &#34;&lt;td class=\&#34;col-links\&#34;&gt;&lt;/td&gt;&#34;], &#34;log&#34;: &#34;self = &amp;lt;test_kpis_service.TestDashboardService object at 0x718e18bdb9e0&amp;gt;\ndashboard_service = &amp;lt;src.api.services.kpis.dashboard_service.DashboardService object at 0x718e186e88c0&amp;gt;\nkpi_category = &amp;#x27;quality&amp;#x27;\n\n    @pytest.mark.parametrize(&amp;quot;kpi_category&amp;quot;, [&amp;quot;system&amp;quot;, &amp;quot;network&amp;quot;, &amp;quot;quality&amp;quot;, &amp;quot;maintenance&amp;quot;])\n    def test_category_specific_calculations(self, dashboard_service, kpi_category):\n        &amp;quot;&amp;quot;&amp;quot;Test category-specific KPI calculations.&amp;quot;&amp;quot;&amp;quot;\n        sample_data = {\n            &amp;quot;system&amp;quot;: {&amp;quot;uptime&amp;quot;: 99.5, &amp;quot;response_time&amp;quot;: 150},\n            &amp;quot;network&amp;quot;: {&amp;quot;water_loss&amp;quot;: 12.3, &amp;quot;pressure_efficiency&amp;quot;: 85.2},\n            &amp;quot;quality&amp;quot;: {&amp;quot;compliance_rate&amp;quot;: 98.7, &amp;quot;incidents&amp;quot;: 2},\n            &amp;quot;maintenance&amp;quot;: {&amp;quot;mttr&amp;quot;: 4.5, &amp;quot;preventive_ratio&amp;quot;: 80.0}\n        }\n    \n&amp;gt;       category_score = dashboard_service._calculate_category_score(sample_data[kpi_category], kpi_category)\n                         ^^^^^^^^^^^^^^^^^^^^^^^^^^^^^^^^^^^^^^^^^^^\nE       AttributeError: &amp;#x27;DashboardService&amp;#x27; object has no attribute &amp;#x27;_calculate_category_score&amp;#x27;\n\ntests/unit/test_kpis_service.py:379: AttributeError\n&#34;}], &#34;tests/unit/test_kpis_service.py::TestDashboardService::test_category_specific_calculations[maintenance]&#34;: [{&#34;extras&#34;: [], &#34;result&#34;: &#34;Failed&#34;, &#34;testId&#34;: &#34;tests/unit/test_kpis_service.py::TestDashboardService::test_category_specific_calculations[maintenance]&#34;, &#34;duration&#34;: &#34;1 ms&#34;, &#34;resultsTableRow&#34;: [&#34;&lt;td class=\&#34;col-result\&#34;&gt;Failed&lt;/td&gt;&#34;, &#34;&lt;td class=\&#34;col-testId\&#34;&gt;tests/unit/test_kpis_service.py::TestDashboardService::test_category_specific_calculations[maintenance]&lt;/td&gt;&#34;, &#34;&lt;td class=\&#34;col-duration\&#34;&gt;1 ms&lt;/td&gt;&#34;, &#34;&lt;td class=\&#34;col-links\&#34;&gt;&lt;/td&gt;&#34;], &#34;log&#34;: &#34;self = &amp;lt;test_kpis_service.TestDashboardService object at 0x718e18bdb230&amp;gt;\ndashboard_service = &amp;lt;src.api.services.kpis.dashboard_service.DashboardService object at 0x718e186e93d0&amp;gt;\nkpi_category = &amp;#x27;maintenance&amp;#x27;\n\n    @pytest.mark.parametrize(&amp;quot;kpi_category&amp;quot;, [&amp;quot;system&amp;quot;, &amp;quot;network&amp;quot;, &amp;quot;quality&amp;quot;, &amp;quot;maintenance&amp;quot;])\n    def test_category_specific_calculations(self, dashboard_service, kpi_category):\n        &amp;quot;&amp;quot;&amp;quot;Test category-specific KPI calculations.&amp;quot;&amp;quot;&amp;quot;\n        sample_data = {\n            &amp;quot;system&amp;quot;: {&amp;quot;uptime&amp;quot;: 99.5, &amp;quot;response_time&amp;quot;: 150},\n            &amp;quot;network&amp;quot;: {&amp;quot;water_loss&amp;quot;: 12.3, &amp;quot;pressure_efficiency&amp;quot;: 85.2},\n            &amp;quot;quality&amp;quot;: {&amp;quot;compliance_rate&amp;quot;: 98.7, &amp;quot;incidents&amp;quot;: 2},\n            &amp;quot;maintenance&amp;quot;: {&amp;quot;mttr&amp;quot;: 4.5, &amp;quot;preventive_ratio&amp;quot;: 80.0}\n        }\n    \n&amp;gt;       category_score = dashboard_service._calculate_category_score(sample_data[kpi_category], kpi_category)\n                         ^^^^^^^^^^^^^^^^^^^^^^^^^^^^^^^^^^^^^^^^^^^\nE       AttributeError: &amp;#x27;DashboardService&amp;#x27; object has no attribute &amp;#x27;_calculate_category_score&amp;#x27;\n\ntests/unit/test_kpis_service.py:379: AttributeError\n&#34;}], &#34;tests/unit/test_kpis_service.py::TestDashboardService::test_alert_threshold_evaluation&#34;: [{&#34;extras&#34;: [], &#34;result&#34;: &#34;Failed&#34;, &#34;testId&#34;: &#34;tests/unit/test_kpis_service.py::TestDashboardService::test_alert_threshold_evaluation&#34;, &#34;duration&#34;: &#34;1 ms&#34;, &#34;resultsTableRow&#34;: [&#34;&lt;td class=\&#34;col-result\&#34;&gt;Failed&lt;/td&gt;&#34;, &#34;&lt;td class=\&#34;col-testId\&#34;&gt;tests/unit/test_kpis_service.py::TestDashboardService::test_alert_threshold_evaluation&lt;/td&gt;&#34;, &#34;&lt;td class=\&#34;col-duration\&#34;&gt;1 ms&lt;/td&gt;&#34;, &#34;&lt;td class=\&#34;col-links\&#34;&gt;&lt;/td&gt;&#34;], &#34;log&#34;: &#34;self = &amp;lt;test_kpis_service.TestDashboardService object at 0x718e18bdaf30&amp;gt;\ndashboard_service = &amp;lt;src.api.services.kpis.dashboard_service.DashboardService object at 0x718e186eabd0&amp;gt;\n\n    def test_alert_threshold_evaluation(self, dashboard_service):\n        &amp;quot;&amp;quot;&amp;quot;Test alert threshold evaluation.&amp;quot;&amp;quot;&amp;quot;\n        kpi_values = {\n            &amp;quot;uptime&amp;quot;: 98.0,  # Below warning threshold\n            &amp;quot;response_time&amp;quot;: 500,  # Above warning threshold\n            &amp;quot;water_loss&amp;quot;: 20.0,  # Above critical threshold\n            &amp;quot;compliance_rate&amp;quot;: 95.0  # Normal\n        }\n    \n&amp;gt;       alerts = dashboard_service._evaluate_alert_thresholds(kpi_values)\n                 ^^^^^^^^^^^^^^^^^^^^^^^^^^^^^^^^^^^^^^^^^^^^\nE       AttributeError: &amp;#x27;DashboardService&amp;#x27; object has no attribute &amp;#x27;_evaluate_alert_thresholds&amp;#x27;\n\ntests/unit/test_kpis_service.py:391: AttributeError\n&#34;}], &#34;tests/unit/test_kpis_service.py::TestDashboardService::test_kpi_data_validation&#34;: [{&#34;extras&#34;: [], &#34;result&#34;: &#34;Failed&#34;, &#34;testId&#34;: &#34;tests/unit/test_kpis_service.py::TestDashboardService::test_kpi_data_validation&#34;, &#34;duration&#34;: &#34;1 ms&#34;, &#34;resultsTableRow&#34;: [&#34;&lt;td class=\&#34;col-result\&#34;&gt;Failed&lt;/td&gt;&#34;, &#34;&lt;td class=\&#34;col-testId\&#34;&gt;tests/unit/test_kpis_service.py::TestDashboardService::test_kpi_data_validation&lt;/td&gt;&#34;, &#34;&lt;td class=\&#34;col-duration\&#34;&gt;1 ms&lt;/td&gt;&#34;, &#34;&lt;td class=\&#34;col-links\&#34;&gt;&lt;/td&gt;&#34;], &#34;log&#34;: &#34;self = &amp;lt;test_kpis_service.TestDashboardService object at 0x718e18bda9c0&amp;gt;\ndashboard_service = &amp;lt;src.api.services.kpis.dashboard_service.DashboardService object at 0x718e186eb2f0&amp;gt;\n\n    def test_kpi_data_validation(self, dashboard_service):\n        &amp;quot;&amp;quot;&amp;quot;Test KPI data validation.&amp;quot;&amp;quot;&amp;quot;\n        # Valid KPI data\n        valid_data = {\n            &amp;quot;kpi_name&amp;quot;: &amp;quot;uptime&amp;quot;,\n            &amp;quot;value&amp;quot;: 99.5,\n            &amp;quot;unit&amp;quot;: &amp;quot;%&amp;quot;,\n            &amp;quot;timestamp&amp;quot;: &amp;quot;2024-01-01T10:00:00&amp;quot;\n        }\n&amp;gt;       assert dashboard_service._validate_kpi_data(valid_data) is True\n               ^^^^^^^^^^^^^^^^^^^^^^^^^^^^^^^^^^^^\nE       AttributeError: &amp;#x27;DashboardService&amp;#x27; object has no attribute &amp;#x27;_validate_kpi_data&amp;#x27;\n\ntests/unit/test_kpis_service.py:407: AttributeError\n&#34;}], &#34;tests/unit/test_reports_service.py::TestReportsService::test_generate_consumption_report_success&#34;: [{&#34;extras&#34;: [], &#34;result&#34;: &#34;Failed&#34;, &#34;testId&#34;: &#34;tests/unit/test_reports_service.py::TestReportsService::test_generate_consumption_report_success&#34;, &#34;duration&#34;: &#34;2 ms&#34;, &#34;resultsTableRow&#34;: [&#34;&lt;td class=\&#34;col-result\&#34;&gt;Failed&lt;/td&gt;&#34;, &#34;&lt;td class=\&#34;col-testId\&#34;&gt;tests/unit/test_reports_service.py::TestReportsService::test_generate_consumption_report_success&lt;/td&gt;&#34;, &#34;&lt;td class=\&#34;col-duration\&#34;&gt;2 ms&lt;/td&gt;&#34;, &#34;&lt;td class=\&#34;col-links\&#34;&gt;&lt;/td&gt;&#34;], &#34;log&#34;: &#34;self = &amp;lt;test_reports_service.TestReportsService object at 0x718e18bfd3d0&amp;gt;\nreports_service = &amp;lt;src.api.services.reports_service.ReportsService object at 0x718e186e88f0&amp;gt;\nmock_hybrid_service = &amp;lt;AsyncMock id=&amp;#x27;124855109192256&amp;#x27;&amp;gt;\ntest_date_range = {&amp;#x27;end_time&amp;#x27;: datetime.datetime(2025, 7, 13, 18, 43, 25, 671643), &amp;#x27;start_time&amp;#x27;: datetime.datetime(2025, 6, 13, 18, 43, 25, 671643)}\n\n    @pytest.mark.asyncio\n    async def test_generate_consumption_report_success(\n        self, reports_service, mock_hybrid_service, test_date_range\n    ):\n        &amp;quot;&amp;quot;&amp;quot;Test successful consumption report generation.&amp;quot;&amp;quot;&amp;quot;\n        result = await reports_service.generate_consumption_report(\n            mock_hybrid_service,\n            test_date_range[&amp;quot;start_time&amp;quot;],\n            test_date_range[&amp;quot;end_time&amp;quot;],\n            report_format=&amp;quot;pdf&amp;quot;\n        )\n    \n&amp;gt;       assert isinstance(result, ReportGeneration)\nE       AssertionError: assert False\nE        +  where False = isinstance(namespace(report_id=&amp;#x27;REPORT_001&amp;#x27;, download_url=&amp;#x27;/reports/REPORT_001.pdf&amp;#x27;, report_format=&amp;#x27;pdf&amp;#x27;), ReportGeneration)\n\ntests/unit/test_reports_service.py:56: AssertionError\n&#34;}], &#34;tests/unit/test_reports_service.py::TestReportsService::test_generate_quality_report_success&#34;: [{&#34;extras&#34;: [], &#34;result&#34;: &#34;Failed&#34;, &#34;testId&#34;: &#34;tests/unit/test_reports_service.py::TestReportsService::test_generate_quality_report_success&#34;, &#34;duration&#34;: &#34;2 ms&#34;, &#34;resultsTableRow&#34;: [&#34;&lt;td class=\&#34;col-result\&#34;&gt;Failed&lt;/td&gt;&#34;, &#34;&lt;td class=\&#34;col-testId\&#34;&gt;tests/unit/test_reports_service.py::TestReportsService::test_generate_quality_report_success&lt;/td&gt;&#34;, &#34;&lt;td class=\&#34;col-duration\&#34;&gt;2 ms&lt;/td&gt;&#34;, &#34;&lt;td class=\&#34;col-links\&#34;&gt;&lt;/td&gt;&#34;], &#34;log&#34;: &#34;self = &amp;lt;test_reports_service.TestReportsService object at 0x718e18bfd5b0&amp;gt;\nreports_service = &amp;lt;src.api.services.reports_service.ReportsService object at 0x718e1895c590&amp;gt;\nmock_hybrid_service = &amp;lt;AsyncMock id=&amp;#x27;124855111763104&amp;#x27;&amp;gt;\ntest_date_range = {&amp;#x27;end_time&amp;#x27;: datetime.datetime(2025, 7, 13, 18, 43, 25, 683209), &amp;#x27;start_time&amp;#x27;: datetime.datetime(2025, 6, 13, 18, 43, 25, 683209)}\n\n    @pytest.mark.asyncio\n    async def test_generate_quality_report_success(\n        self, reports_service, mock_hybrid_service, test_date_range\n    ):\n        &amp;quot;&amp;quot;&amp;quot;Test successful quality report generation.&amp;quot;&amp;quot;&amp;quot;\n        result = await reports_service.generate_quality_report(\n            mock_hybrid_service,\n            test_date_range[&amp;quot;start_time&amp;quot;],\n            test_date_range[&amp;quot;end_time&amp;quot;],\n            report_format=&amp;quot;excel&amp;quot;\n        )\n    \n&amp;gt;       assert isinstance(result, ReportGeneration)\nE       AssertionError: assert False\nE        +  where False = isinstance(namespace(report_id=&amp;#x27;REPORT_002&amp;#x27;, download_url=&amp;#x27;/reports/REPORT_002.pdf&amp;#x27;, report_format=&amp;#x27;excel&amp;#x27;), ReportGeneration)\n\ntests/unit/test_reports_service.py:73: AssertionError\n&#34;}], &#34;tests/unit/test_reports_service.py::TestReportsService::test_generate_kpi_report_success&#34;: [{&#34;extras&#34;: [], &#34;result&#34;: &#34;Failed&#34;, &#34;testId&#34;: &#34;tests/unit/test_reports_service.py::TestReportsService::test_generate_kpi_report_success&#34;, &#34;duration&#34;: &#34;2 ms&#34;, &#34;resultsTableRow&#34;: [&#34;&lt;td class=\&#34;col-result\&#34;&gt;Failed&lt;/td&gt;&#34;, &#34;&lt;td class=\&#34;col-testId\&#34;&gt;tests/unit/test_reports_service.py::TestReportsService::test_generate_kpi_report_success&lt;/td&gt;&#34;, &#34;&lt;td class=\&#34;col-duration\&#34;&gt;2 ms&lt;/td&gt;&#34;, &#34;&lt;td class=\&#34;col-links\&#34;&gt;&lt;/td&gt;&#34;], &#34;log&#34;: &#34;self = &amp;lt;test_reports_service.TestReportsService object at 0x718e18bfd790&amp;gt;\nreports_service = &amp;lt;src.api.services.reports_service.ReportsService object at 0x718e18ae9550&amp;gt;\nmock_hybrid_service = &amp;lt;AsyncMock id=&amp;#x27;124855113390832&amp;#x27;&amp;gt;\ntest_date_range = {&amp;#x27;end_time&amp;#x27;: datetime.datetime(2025, 7, 13, 18, 43, 25, 694946), &amp;#x27;start_time&amp;#x27;: datetime.datetime(2025, 6, 13, 18, 43, 25, 694946)}\n\n    @pytest.mark.asyncio\n    async def test_generate_kpi_report_success(\n        self, reports_service, mock_hybrid_service, test_date_range\n    ):\n        &amp;quot;&amp;quot;&amp;quot;Test successful KPI report generation.&amp;quot;&amp;quot;&amp;quot;\n        result = await reports_service.generate_kpi_report(\n            mock_hybrid_service,\n            test_date_range[&amp;quot;start_time&amp;quot;],\n            test_date_range[&amp;quot;end_time&amp;quot;],\n            report_format=&amp;quot;json&amp;quot;\n        )\n    \n&amp;gt;       assert isinstance(result, ReportGeneration)\nE       AssertionError: assert False\nE        +  where False = isinstance(namespace(report_id=&amp;#x27;REPORT_003&amp;#x27;, download_url=&amp;#x27;/reports/REPORT_003.pdf&amp;#x27;, report_format=&amp;#x27;json&amp;#x27;), ReportGeneration)\n\ntests/unit/test_reports_service.py:88: AssertionError\n&#34;}], &#34;tests/unit/test_reports_service.py::TestReportsService::test_create_custom_report_success&#34;: [{&#34;extras&#34;: [], &#34;result&#34;: &#34;Failed&#34;, &#34;testId&#34;: &#34;tests/unit/test_reports_service.py::TestReportsService::test_create_custom_report_success&#34;, &#34;duration&#34;: &#34;2 ms&#34;, &#34;resultsTableRow&#34;: [&#34;&lt;td class=\&#34;col-result\&#34;&gt;Failed&lt;/td&gt;&#34;, &#34;&lt;td class=\&#34;col-testId\&#34;&gt;tests/unit/test_reports_service.py::TestReportsService::test_create_custom_report_success&lt;/td&gt;&#34;, &#34;&lt;td class=\&#34;col-duration\&#34;&gt;2 ms&lt;/td&gt;&#34;, &#34;&lt;td class=\&#34;col-links\&#34;&gt;&lt;/td&gt;&#34;], &#34;log&#34;: &#34;self = &amp;lt;test_reports_service.TestReportsService object at 0x718e18bfd6a0&amp;gt;\nreports_service = &amp;lt;src.api.services.reports_service.ReportsService object at 0x718e186e9d00&amp;gt;\nmock_hybrid_service = &amp;lt;AsyncMock id=&amp;#x27;124855109196768&amp;#x27;&amp;gt;\ntest_date_range = {&amp;#x27;end_time&amp;#x27;: datetime.datetime(2025, 7, 13, 18, 43, 25, 706331), &amp;#x27;start_time&amp;#x27;: datetime.datetime(2025, 6, 13, 18, 43, 25, 706331)}\n\n    @pytest.mark.asyncio\n    async def test_create_custom_report_success(\n        self, reports_service, mock_hybrid_service, test_date_range\n    ):\n        &amp;quot;&amp;quot;&amp;quot;Test successful custom report creation.&amp;quot;&amp;quot;&amp;quot;\n        custom_config = {\n            &amp;quot;title&amp;quot;: &amp;quot;Custom Water Analysis Report&amp;quot;,\n            &amp;quot;sections&amp;quot;: [&amp;quot;consumption&amp;quot;, &amp;quot;quality&amp;quot;, &amp;quot;kpis&amp;quot;],\n            &amp;quot;metrics&amp;quot;: [&amp;quot;total_consumption&amp;quot;, &amp;quot;compliance_rate&amp;quot;],\n            &amp;quot;charts&amp;quot;: [&amp;quot;time_series&amp;quot;, &amp;quot;bar_chart&amp;quot;],\n            &amp;quot;format&amp;quot;: &amp;quot;pdf&amp;quot;\n        }\n    \n        result = await reports_service.create_custom_report(\n            mock_hybrid_service,\n            test_date_range[&amp;quot;start_time&amp;quot;],\n            test_date_range[&amp;quot;end_time&amp;quot;],\n            custom_config\n        )\n    \n&amp;gt;       assert isinstance(result, CustomReport)\nE       AssertionError: assert False\nE        +  where False = isinstance(namespace(report_id=&amp;#x27;CUSTOM_001&amp;#x27;, sections=[&amp;#x27;consumption&amp;#x27;, &amp;#x27;quality&amp;#x27;, &amp;#x27;kpis&amp;#x27;]), CustomReport)\n\ntests/unit/test_reports_service.py:111: AssertionError\n&#34;}], &#34;tests/unit/test_reports_service.py::TestReportsService::test_schedule_report_success&#34;: [{&#34;extras&#34;: [], &#34;result&#34;: &#34;Failed&#34;, &#34;testId&#34;: &#34;tests/unit/test_reports_service.py::TestReportsService::test_schedule_report_success&#34;, &#34;duration&#34;: &#34;1 ms&#34;, &#34;resultsTableRow&#34;: [&#34;&lt;td class=\&#34;col-result\&#34;&gt;Failed&lt;/td&gt;&#34;, &#34;&lt;td class=\&#34;col-testId\&#34;&gt;tests/unit/test_reports_service.py::TestReportsService::test_schedule_report_success&lt;/td&gt;&#34;, &#34;&lt;td class=\&#34;col-duration\&#34;&gt;1 ms&lt;/td&gt;&#34;, &#34;&lt;td class=\&#34;col-links\&#34;&gt;&lt;/td&gt;&#34;], &#34;log&#34;: &#34;self = &amp;lt;test_reports_service.TestReportsService object at 0x718e18bfd970&amp;gt;\nreports_service = &amp;lt;src.api.services.reports_service.ReportsService object at 0x718e13f02f60&amp;gt;\nmock_hybrid_service = &amp;lt;AsyncMock id=&amp;#x27;124855033802016&amp;#x27;&amp;gt;\n\n    @pytest.mark.asyncio\n    async def test_schedule_report_success(\n        self, reports_service, mock_hybrid_service\n    ):\n        &amp;quot;&amp;quot;&amp;quot;Test successful report scheduling.&amp;quot;&amp;quot;&amp;quot;\n        schedule_config = {\n            &amp;quot;report_type&amp;quot;: &amp;quot;consumption&amp;quot;,\n            &amp;quot;frequency&amp;quot;: &amp;quot;weekly&amp;quot;,\n            &amp;quot;recipients&amp;quot;: [&amp;quot;admin@example.com&amp;quot;],\n            &amp;quot;format&amp;quot;: &amp;quot;pdf&amp;quot;\n        }\n    \n        result = await reports_service.schedule_report(\n            mock_hybrid_service,\n            schedule_config\n        )\n    \n&amp;gt;       assert isinstance(result, ReportSchedule)\nE       AssertionError: assert False\nE        +  where False = isinstance(namespace(schedule_id=&amp;#x27;SCHEDULE_001&amp;#x27;, next_run_date=datetime.datetime(2025, 7, 14, 18, 43, 25, 718400)), ReportSchedule)\n\ntests/unit/test_reports_service.py:132: AssertionError\n&#34;}], &#34;tests/unit/test_reports_service.py::TestReportsService::test_pdf_generation&#34;: [{&#34;extras&#34;: [], &#34;result&#34;: &#34;Failed&#34;, &#34;testId&#34;: &#34;tests/unit/test_reports_service.py::TestReportsService::test_pdf_generation&#34;, &#34;duration&#34;: &#34;4 ms&#34;, &#34;resultsTableRow&#34;: [&#34;&lt;td class=\&#34;col-result\&#34;&gt;Failed&lt;/td&gt;&#34;, &#34;&lt;td class=\&#34;col-testId\&#34;&gt;tests/unit/test_reports_service.py::TestReportsService::test_pdf_generation&lt;/td&gt;&#34;, &#34;&lt;td class=\&#34;col-duration\&#34;&gt;4 ms&lt;/td&gt;&#34;, &#34;&lt;td class=\&#34;col-links\&#34;&gt;&lt;/td&gt;&#34;], &#34;log&#34;: &#34;self = &amp;lt;test_reports_service.TestReportsService object at 0x718e18bfdaf0&amp;gt;\nreports_service = &amp;lt;src.api.services.reports_service.ReportsService object at 0x718e18b4c5f0&amp;gt;\n\n    def test_pdf_generation(self, reports_service):\n        &amp;quot;&amp;quot;&amp;quot;Test PDF generation functionality.&amp;quot;&amp;quot;&amp;quot;\n        sample_data = {\n            &amp;quot;title&amp;quot;: &amp;quot;Test Report&amp;quot;,\n            &amp;quot;sections&amp;quot;: [\n                {&amp;quot;title&amp;quot;: &amp;quot;Summary&amp;quot;, &amp;quot;content&amp;quot;: &amp;quot;This is a test report&amp;quot;},\n                {&amp;quot;title&amp;quot;: &amp;quot;Data&amp;quot;, &amp;quot;content&amp;quot;: &amp;quot;Sample data content&amp;quot;}\n            ],\n            &amp;quot;charts&amp;quot;: [\n                {&amp;quot;type&amp;quot;: &amp;quot;bar&amp;quot;, &amp;quot;data&amp;quot;: [1, 2, 3, 4, 5]},\n                {&amp;quot;type&amp;quot;: &amp;quot;line&amp;quot;, &amp;quot;data&amp;quot;: [10, 20, 30, 40, 50]}\n            ]\n        }\n    \n&amp;gt;       with patch(&amp;#x27;src.api.services.reports_service.generate_pdf&amp;#x27;) as mock_pdf:\n\ntests/unit/test_reports_service.py:150: \n_ _ _ _ _ _ _ _ _ _ _ _ _ _ _ _ _ _ _ _ _ _ _ _ _ _ _ _ _ _ _ _ _ _ _ _ _ _ _ _ _ _ _ _ _ _ _ _ _ _ _ _ _ _ \n/usr/lib/python3.12/unittest/mock.py:1458: in __enter__\n    original, local = self.get_original()\n                      ^^^^^^^^^^^^^^^^^^^\n_ _ _ _ _ _ _ _ _ _ _ _ _ _ _ _ _ _ _ _ _ _ _ _ _ _ _ _ _ _ _ _ _ _ _ _ _ _ _ _ _ _ _ _ _ _ _ _ _ _ _ _ _ _ \n\nself = &amp;lt;unittest.mock._patch object at 0x718e18b4ddf0&amp;gt;\n\n    def get_original(self):\n        target = self.getter()\n        name = self.attribute\n    \n        original = DEFAULT\n        local = False\n    \n        try:\n            original = target.__dict__[name]\n        except (AttributeError, KeyError):\n            original = getattr(target, name, DEFAULT)\n        else:\n            local = True\n    \n        if name in _builtins and isinstance(target, ModuleType):\n            self.create = True\n    \n        if not self.create and original is DEFAULT:\n&amp;gt;           raise AttributeError(\n                &amp;quot;%s does not have the attribute %r&amp;quot; % (target, name)\n            )\nE           AttributeError: &amp;lt;module &amp;#x27;src.api.services.reports_service&amp;#x27; from &amp;#x27;/home/alessio/Customers/Abbanoa/src/api/services/reports_service.py&amp;#x27;&amp;gt; does not have the attribute &amp;#x27;generate_pdf&amp;#x27;\n\n/usr/lib/python3.12/unittest/mock.py:1431: AttributeError\n&#34;}], &#34;tests/unit/test_reports_service.py::TestReportsService::test_excel_generation&#34;: [{&#34;extras&#34;: [], &#34;result&#34;: &#34;Failed&#34;, &#34;testId&#34;: &#34;tests/unit/test_reports_service.py::TestReportsService::test_excel_generation&#34;, &#34;duration&#34;: &#34;1 ms&#34;, &#34;resultsTableRow&#34;: [&#34;&lt;td class=\&#34;col-result\&#34;&gt;Failed&lt;/td&gt;&#34;, &#34;&lt;td class=\&#34;col-testId\&#34;&gt;tests/unit/test_reports_service.py::TestReportsService::test_excel_generation&lt;/td&gt;&#34;, &#34;&lt;td class=\&#34;col-duration\&#34;&gt;1 ms&lt;/td&gt;&#34;, &#34;&lt;td class=\&#34;col-links\&#34;&gt;&lt;/td&gt;&#34;], &#34;log&#34;: &#34;self = &amp;lt;test_reports_service.TestReportsService object at 0x718e18bfdc70&amp;gt;\nreports_service = &amp;lt;src.api.services.reports_service.ReportsService object at 0x718e18b4e870&amp;gt;\n\n    def test_excel_generation(self, reports_service):\n        &amp;quot;&amp;quot;&amp;quot;Test Excel generation functionality.&amp;quot;&amp;quot;&amp;quot;\n        sample_data = {\n            &amp;quot;sheets&amp;quot;: [\n                {\n                    &amp;quot;name&amp;quot;: &amp;quot;Consumption Data&amp;quot;,\n                    &amp;quot;data&amp;quot;: [\n                        {&amp;quot;node_id&amp;quot;: &amp;quot;NODE_001&amp;quot;, &amp;quot;value&amp;quot;: 100},\n                        {&amp;quot;node_id&amp;quot;: &amp;quot;NODE_002&amp;quot;, &amp;quot;value&amp;quot;: 200}\n                    ]\n                },\n                {\n                    &amp;quot;name&amp;quot;: &amp;quot;Quality Data&amp;quot;,\n                    &amp;quot;data&amp;quot;: [\n                        {&amp;quot;sensor_id&amp;quot;: &amp;quot;SENSOR_001&amp;quot;, &amp;quot;ph&amp;quot;: 7.2},\n                        {&amp;quot;sensor_id&amp;quot;: &amp;quot;SENSOR_002&amp;quot;, &amp;quot;ph&amp;quot;: 7.1}\n                    ]\n                }\n            ]\n        }\n    \n&amp;gt;       with patch(&amp;#x27;src.api.services.reports_service.generate_excel&amp;#x27;) as mock_excel:\n\ntests/unit/test_reports_service.py:178: \n_ _ _ _ _ _ _ _ _ _ _ _ _ _ _ _ _ _ _ _ _ _ _ _ _ _ _ _ _ _ _ _ _ _ _ _ _ _ _ _ _ _ _ _ _ _ _ _ _ _ _ _ _ _ \n/usr/lib/python3.12/unittest/mock.py:1458: in __enter__\n    original, local = self.get_original()\n                      ^^^^^^^^^^^^^^^^^^^\n_ _ _ _ _ _ _ _ _ _ _ _ _ _ _ _ _ _ _ _ _ _ _ _ _ _ _ _ _ _ _ _ _ _ _ _ _ _ _ _ _ _ _ _ _ _ _ _ _ _ _ _ _ _ \n\nself = &amp;lt;unittest.mock._patch object at 0x718e18b4c0e0&amp;gt;\n\n    def get_original(self):\n        target = self.getter()\n        name = self.attribute\n    \n        original = DEFAULT\n        local = False\n    \n        try:\n            original = target.__dict__[name]\n        except (AttributeError, KeyError):\n            original = getattr(target, name, DEFAULT)\n        else:\n            local = True\n    \n        if name in _builtins and isinstance(target, ModuleType):\n            self.create = True\n    \n        if not self.create and original is DEFAULT:\n&amp;gt;           raise AttributeError(\n                &amp;quot;%s does not have the attribute %r&amp;quot; % (target, name)\n            )\nE           AttributeError: &amp;lt;module &amp;#x27;src.api.services.reports_service&amp;#x27; from &amp;#x27;/home/alessio/Customers/Abbanoa/src/api/services/reports_service.py&amp;#x27;&amp;gt; does not have the attribute &amp;#x27;generate_excel&amp;#x27;\n\n/usr/lib/python3.12/unittest/mock.py:1431: AttributeError\n&#34;}], &#34;tests/unit/test_reports_service.py::TestReportsService::test_chart_generation&#34;: [{&#34;extras&#34;: [], &#34;result&#34;: &#34;Passed&#34;, &#34;testId&#34;: &#34;tests/unit/test_reports_service.py::TestReportsService::test_chart_generation&#34;, &#34;duration&#34;: &#34;1 ms&#34;, &#34;resultsTableRow&#34;: [&#34;&lt;td class=\&#34;col-result\&#34;&gt;Passed&lt;/td&gt;&#34;, &#34;&lt;td class=\&#34;col-testId\&#34;&gt;tests/unit/test_reports_service.py::TestReportsService::test_chart_generation&lt;/td&gt;&#34;, &#34;&lt;td class=\&#34;col-duration\&#34;&gt;1 ms&lt;/td&gt;&#34;, &#34;&lt;td class=\&#34;col-links\&#34;&gt;&lt;/td&gt;&#34;], &#34;log&#34;: &#34;No log output captured.&#34;}], &#34;tests/unit/test_reports_service.py::TestReportsService::test_data_aggregation&#34;: [{&#34;extras&#34;: [], &#34;result&#34;: &#34;Passed&#34;, &#34;testId&#34;: &#34;tests/unit/test_reports_service.py::TestReportsService::test_data_aggregation&#34;, &#34;duration&#34;: &#34;1 ms&#34;, &#34;resultsTableRow&#34;: [&#34;&lt;td class=\&#34;col-result\&#34;&gt;Passed&lt;/td&gt;&#34;, &#34;&lt;td class=\&#34;col-testId\&#34;&gt;tests/unit/test_reports_service.py::TestReportsService::test_data_aggregation&lt;/td&gt;&#34;, &#34;&lt;td class=\&#34;col-duration\&#34;&gt;1 ms&lt;/td&gt;&#34;, &#34;&lt;td class=\&#34;col-links\&#34;&gt;&lt;/td&gt;&#34;], &#34;log&#34;: &#34;No log output captured.&#34;}], &#34;tests/unit/test_reports_service.py::TestReportsService::test_report_template_management&#34;: [{&#34;extras&#34;: [], &#34;result&#34;: &#34;Passed&#34;, &#34;testId&#34;: &#34;tests/unit/test_reports_service.py::TestReportsService::test_report_template_management&#34;, &#34;duration&#34;: &#34;1 ms&#34;, &#34;resultsTableRow&#34;: [&#34;&lt;td class=\&#34;col-result\&#34;&gt;Passed&lt;/td&gt;&#34;, &#34;&lt;td class=\&#34;col-testId\&#34;&gt;tests/unit/test_reports_service.py::TestReportsService::test_report_template_management&lt;/td&gt;&#34;, &#34;&lt;td class=\&#34;col-duration\&#34;&gt;1 ms&lt;/td&gt;&#34;, &#34;&lt;td class=\&#34;col-links\&#34;&gt;&lt;/td&gt;&#34;], &#34;log&#34;: &#34;No log output captured.&#34;}], &#34;tests/unit/test_reports_service.py::TestReportsService::test_report_validation&#34;: [{&#34;extras&#34;: [], &#34;result&#34;: &#34;Passed&#34;, &#34;testId&#34;: &#34;tests/unit/test_reports_service.py::TestReportsService::test_report_validation&#34;, &#34;duration&#34;: &#34;1 ms&#34;, &#34;resultsTableRow&#34;: [&#34;&lt;td class=\&#34;col-result\&#34;&gt;Passed&lt;/td&gt;&#34;, &#34;&lt;td class=\&#34;col-testId\&#34;&gt;tests/unit/test_reports_service.py::TestReportsService::test_report_validation&lt;/td&gt;&#34;, &#34;&lt;td class=\&#34;col-duration\&#34;&gt;1 ms&lt;/td&gt;&#34;, &#34;&lt;td class=\&#34;col-links\&#34;&gt;&lt;/td&gt;&#34;], &#34;log&#34;: &#34;No log output captured.&#34;}], &#34;tests/unit/test_reports_service.py::TestReportsService::test_report_metadata_generation&#34;: [{&#34;extras&#34;: [], &#34;result&#34;: &#34;Passed&#34;, &#34;testId&#34;: &#34;tests/unit/test_reports_service.py::TestReportsService::test_report_metadata_generation&#34;, &#34;duration&#34;: &#34;1 ms&#34;, &#34;resultsTableRow&#34;: [&#34;&lt;td class=\&#34;col-result\&#34;&gt;Passed&lt;/td&gt;&#34;, &#34;&lt;td class=\&#34;col-testId\&#34;&gt;tests/unit/test_reports_service.py::TestReportsService::test_report_metadata_generation&lt;/td&gt;&#34;, &#34;&lt;td class=\&#34;col-duration\&#34;&gt;1 ms&lt;/td&gt;&#34;, &#34;&lt;td class=\&#34;col-links\&#34;&gt;&lt;/td&gt;&#34;], &#34;log&#34;: &#34;No log output captured.&#34;}], &#34;tests/unit/test_reports_service.py::TestReportsService::test_multiple_report_formats[pdf]&#34;: [{&#34;extras&#34;: [], &#34;result&#34;: &#34;Failed&#34;, &#34;testId&#34;: &#34;tests/unit/test_reports_service.py::TestReportsService::test_multiple_report_formats[pdf]&#34;, &#34;duration&#34;: &#34;1 ms&#34;, &#34;resultsTableRow&#34;: [&#34;&lt;td class=\&#34;col-result\&#34;&gt;Failed&lt;/td&gt;&#34;, &#34;&lt;td class=\&#34;col-testId\&#34;&gt;tests/unit/test_reports_service.py::TestReportsService::test_multiple_report_formats[pdf]&lt;/td&gt;&#34;, &#34;&lt;td class=\&#34;col-duration\&#34;&gt;1 ms&lt;/td&gt;&#34;, &#34;&lt;td class=\&#34;col-links\&#34;&gt;&lt;/td&gt;&#34;], &#34;log&#34;: &#34;self = &amp;lt;test_reports_service.TestReportsService object at 0x718e18bfe600&amp;gt;\nreports_service = &amp;lt;src.api.services.reports_service.ReportsService object at 0x718e186d7da0&amp;gt;\nformat_type = &amp;#x27;pdf&amp;#x27;\n\n    @pytest.mark.parametrize(&amp;quot;format_type&amp;quot;, [&amp;quot;pdf&amp;quot;, &amp;quot;excel&amp;quot;, &amp;quot;json&amp;quot;, &amp;quot;csv&amp;quot;])\n    def test_multiple_report_formats(self, reports_service, format_type):\n        &amp;quot;&amp;quot;&amp;quot;Test generation of multiple report formats.&amp;quot;&amp;quot;&amp;quot;\n        sample_data = {\n            &amp;quot;title&amp;quot;: &amp;quot;Test Report&amp;quot;,\n            &amp;quot;data&amp;quot;: [{&amp;quot;key&amp;quot;: &amp;quot;value1&amp;quot;}, {&amp;quot;key&amp;quot;: &amp;quot;value2&amp;quot;}]\n        }\n    \n        if format_type == &amp;quot;pdf&amp;quot;:\n&amp;gt;           with patch(&amp;#x27;src.api.services.reports_service.generate_pdf&amp;#x27;) as mock_gen:\n\ntests/unit/test_reports_service.py:279: \n_ _ _ _ _ _ _ _ _ _ _ _ _ _ _ _ _ _ _ _ _ _ _ _ _ _ _ _ _ _ _ _ _ _ _ _ _ _ _ _ _ _ _ _ _ _ _ _ _ _ _ _ _ _ \n/usr/lib/python3.12/unittest/mock.py:1458: in __enter__\n    original, local = self.get_original()\n                      ^^^^^^^^^^^^^^^^^^^\n_ _ _ _ _ _ _ _ _ _ _ _ _ _ _ _ _ _ _ _ _ _ _ _ _ _ _ _ _ _ _ _ _ _ _ _ _ _ _ _ _ _ _ _ _ _ _ _ _ _ _ _ _ _ \n\nself = &amp;lt;unittest.mock._patch object at 0x718e186d7470&amp;gt;\n\n    def get_original(self):\n        target = self.getter()\n        name = self.attribute\n    \n        original = DEFAULT\n        local = False\n    \n        try:\n            original = target.__dict__[name]\n        except (AttributeError, KeyError):\n            original = getattr(target, name, DEFAULT)\n        else:\n            local = True\n    \n        if name in _builtins and isinstance(target, ModuleType):\n            self.create = True\n    \n        if not self.create and original is DEFAULT:\n&amp;gt;           raise AttributeError(\n                &amp;quot;%s does not have the attribute %r&amp;quot; % (target, name)\n            )\nE           AttributeError: &amp;lt;module &amp;#x27;src.api.services.reports_service&amp;#x27; from &amp;#x27;/home/alessio/Customers/Abbanoa/src/api/services/reports_service.py&amp;#x27;&amp;gt; does not have the attribute &amp;#x27;generate_pdf&amp;#x27;\n\n/usr/lib/python3.12/unittest/mock.py:1431: AttributeError\n&#34;}], &#34;tests/unit/test_reports_service.py::TestReportsService::test_multiple_report_formats[excel]&#34;: [{&#34;extras&#34;: [], &#34;result&#34;: &#34;Failed&#34;, &#34;testId&#34;: &#34;tests/unit/test_reports_service.py::TestReportsService::test_multiple_report_formats[excel]&#34;, &#34;duration&#34;: &#34;1 ms&#34;, &#34;resultsTableRow&#34;: [&#34;&lt;td class=\&#34;col-result\&#34;&gt;Failed&lt;/td&gt;&#34;, &#34;&lt;td class=\&#34;col-testId\&#34;&gt;tests/unit/test_reports_service.py::TestReportsService::test_multiple_report_formats[excel]&lt;/td&gt;&#34;, &#34;&lt;td class=\&#34;col-duration\&#34;&gt;1 ms&lt;/td&gt;&#34;, &#34;&lt;td class=\&#34;col-links\&#34;&gt;&lt;/td&gt;&#34;], &#34;log&#34;: &#34;self = &amp;lt;test_reports_service.TestReportsService object at 0x718e18bfe840&amp;gt;\nreports_service = &amp;lt;src.api.services.reports_service.ReportsService object at 0x718e186d7d10&amp;gt;\nformat_type = &amp;#x27;excel&amp;#x27;\n\n    @pytest.mark.parametrize(&amp;quot;format_type&amp;quot;, [&amp;quot;pdf&amp;quot;, &amp;quot;excel&amp;quot;, &amp;quot;json&amp;quot;, &amp;quot;csv&amp;quot;])\n    def test_multiple_report_formats(self, reports_service, format_type):\n        &amp;quot;&amp;quot;&amp;quot;Test generation of multiple report formats.&amp;quot;&amp;quot;&amp;quot;\n        sample_data = {\n            &amp;quot;title&amp;quot;: &amp;quot;Test Report&amp;quot;,\n            &amp;quot;data&amp;quot;: [{&amp;quot;key&amp;quot;: &amp;quot;value1&amp;quot;}, {&amp;quot;key&amp;quot;: &amp;quot;value2&amp;quot;}]\n        }\n    \n        if format_type == &amp;quot;pdf&amp;quot;:\n            with patch(&amp;#x27;src.api.services.reports_service.generate_pdf&amp;#x27;) as mock_gen:\n                mock_gen.return_value = b&amp;quot;PDF content&amp;quot;\n                result = reports_service._generate_report_by_format(sample_data, format_type)\n                assert isinstance(result, bytes)\n    \n        elif format_type == &amp;quot;excel&amp;quot;:\n&amp;gt;           with patch(&amp;#x27;src.api.services.reports_service.generate_excel&amp;#x27;) as mock_gen:\n\ntests/unit/test_reports_service.py:285: \n_ _ _ _ _ _ _ _ _ _ _ _ _ _ _ _ _ _ _ _ _ _ _ _ _ _ _ _ _ _ _ _ _ _ _ _ _ _ _ _ _ _ _ _ _ _ _ _ _ _ _ _ _ _ \n/usr/lib/python3.12/unittest/mock.py:1458: in __enter__\n    original, local = self.get_original()\n                      ^^^^^^^^^^^^^^^^^^^\n_ _ _ _ _ _ _ _ _ _ _ _ _ _ _ _ _ _ _ _ _ _ _ _ _ _ _ _ _ _ _ _ _ _ _ _ _ _ _ _ _ _ _ _ _ _ _ _ _ _ _ _ _ _ \n\nself = &amp;lt;unittest.mock._patch object at 0x718e186d5700&amp;gt;\n\n    def get_original(self):\n        target = self.getter()\n        name = self.attribute\n    \n        original = DEFAULT\n        local = False\n    \n        try:\n            original = target.__dict__[name]\n        except (AttributeError, KeyError):\n            original = getattr(target, name, DEFAULT)\n        else:\n            local = True\n    \n        if name in _builtins and isinstance(target, ModuleType):\n            self.create = True\n    \n        if not self.create and original is DEFAULT:\n&amp;gt;           raise AttributeError(\n                &amp;quot;%s does not have the attribute %r&amp;quot; % (target, name)\n            )\nE           AttributeError: &amp;lt;module &amp;#x27;src.api.services.reports_service&amp;#x27; from &amp;#x27;/home/alessio/Customers/Abbanoa/src/api/services/reports_service.py&amp;#x27;&amp;gt; does not have the attribute &amp;#x27;generate_excel&amp;#x27;\n\n/usr/lib/python3.12/unittest/mock.py:1431: AttributeError\n&#34;}], &#34;tests/unit/test_reports_service.py::TestReportsService::test_multiple_report_formats[json]&#34;: [{&#34;extras&#34;: [], &#34;result&#34;: &#34;Passed&#34;, &#34;testId&#34;: &#34;tests/unit/test_reports_service.py::TestReportsService::test_multiple_report_formats[json]&#34;, &#34;duration&#34;: &#34;1 ms&#34;, &#34;resultsTableRow&#34;: [&#34;&lt;td class=\&#34;col-result\&#34;&gt;Passed&lt;/td&gt;&#34;, &#34;&lt;td class=\&#34;col-testId\&#34;&gt;tests/unit/test_reports_service.py::TestReportsService::test_multiple_report_formats[json]&lt;/td&gt;&#34;, &#34;&lt;td class=\&#34;col-duration\&#34;&gt;1 ms&lt;/td&gt;&#34;, &#34;&lt;td class=\&#34;col-links\&#34;&gt;&lt;/td&gt;&#34;], &#34;log&#34;: &#34;No log output captured.&#34;}], &#34;tests/unit/test_reports_service.py::TestReportsService::test_multiple_report_formats[csv]&#34;: [{&#34;extras&#34;: [], &#34;result&#34;: &#34;Passed&#34;, &#34;testId&#34;: &#34;tests/unit/test_reports_service.py::TestReportsService::test_multiple_report_formats[csv]&#34;, &#34;duration&#34;: &#34;1 ms&#34;, &#34;resultsTableRow&#34;: [&#34;&lt;td class=\&#34;col-result\&#34;&gt;Passed&lt;/td&gt;&#34;, &#34;&lt;td class=\&#34;col-testId\&#34;&gt;tests/unit/test_reports_service.py::TestReportsService::test_multiple_report_formats[csv]&lt;/td&gt;&#34;, &#34;&lt;td class=\&#34;col-duration\&#34;&gt;1 ms&lt;/td&gt;&#34;, &#34;&lt;td class=\&#34;col-links\&#34;&gt;&lt;/td&gt;&#34;], &#34;log&#34;: &#34;No log output captured.&#34;}], &#34;tests/unit/test_reports_service.py::TestReportsService::test_report_performance_optimization&#34;: [{&#34;extras&#34;: [], &#34;result&#34;: &#34;Passed&#34;, &#34;testId&#34;: &#34;tests/unit/test_reports_service.py::TestReportsService::test_report_performance_optimization&#34;, &#34;duration&#34;: &#34;92 ms&#34;, &#34;resultsTableRow&#34;: [&#34;&lt;td class=\&#34;col-result\&#34;&gt;Passed&lt;/td&gt;&#34;, &#34;&lt;td class=\&#34;col-testId\&#34;&gt;tests/unit/test_reports_service.py::TestReportsService::test_report_performance_optimization&lt;/td&gt;&#34;, &#34;&lt;td class=\&#34;col-duration\&#34;&gt;92 ms&lt;/td&gt;&#34;, &#34;&lt;td class=\&#34;col-links\&#34;&gt;&lt;/td&gt;&#34;], &#34;log&#34;: &#34;No log output captured.&#34;}], &#34;tests/unit/test_reports_service.py::TestReportsService::test_report_caching&#34;: [{&#34;extras&#34;: [], &#34;result&#34;: &#34;Passed&#34;, &#34;testId&#34;: &#34;tests/unit/test_reports_service.py::TestReportsService::test_report_caching&#34;, &#34;duration&#34;: &#34;1 ms&#34;, &#34;resultsTableRow&#34;: [&#34;&lt;td class=\&#34;col-result\&#34;&gt;Passed&lt;/td&gt;&#34;, &#34;&lt;td class=\&#34;col-testId\&#34;&gt;tests/unit/test_reports_service.py::TestReportsService::test_report_caching&lt;/td&gt;&#34;, &#34;&lt;td class=\&#34;col-duration\&#34;&gt;1 ms&lt;/td&gt;&#34;, &#34;&lt;td class=\&#34;col-links\&#34;&gt;&lt;/td&gt;&#34;], &#34;log&#34;: &#34;No log output captured.&#34;}], &#34;tests/unit/test_reports_service.py::TestReportsService::test_error_handling_in_report_generation&#34;: [{&#34;extras&#34;: [], &#34;result&#34;: &#34;Failed&#34;, &#34;testId&#34;: &#34;tests/unit/test_reports_service.py::TestReportsService::test_error_handling_in_report_generation&#34;, &#34;duration&#34;: &#34;1 ms&#34;, &#34;resultsTableRow&#34;: [&#34;&lt;td class=\&#34;col-result\&#34;&gt;Failed&lt;/td&gt;&#34;, &#34;&lt;td class=\&#34;col-testId\&#34;&gt;tests/unit/test_reports_service.py::TestReportsService::test_error_handling_in_report_generation&lt;/td&gt;&#34;, &#34;&lt;td class=\&#34;col-duration\&#34;&gt;1 ms&lt;/td&gt;&#34;, &#34;&lt;td class=\&#34;col-links\&#34;&gt;&lt;/td&gt;&#34;], &#34;log&#34;: &#34;self = &amp;lt;test_reports_service.TestReportsService object at 0x718e18bfee10&amp;gt;\nreports_service = &amp;lt;src.api.services.reports_service.ReportsService object at 0x718e189c0350&amp;gt;\n\n    def test_error_handling_in_report_generation(self, reports_service):\n        &amp;quot;&amp;quot;&amp;quot;Test error handling during report generation.&amp;quot;&amp;quot;&amp;quot;\n        # Test handling of corrupted data\n        corrupted_data = {&amp;quot;invalid&amp;quot;: None, &amp;quot;data&amp;quot;: []}\n    \n&amp;gt;       with pytest.raises(Exception):\nE       Failed: DID NOT RAISE &amp;lt;class &amp;#x27;Exception&amp;#x27;&amp;gt;\n\ntests/unit/test_reports_service.py:326: Failed\n&#34;}], &#34;tests/unit/test_water_quality_service.py::TestWaterQualityService::test_get_quality_readings_success&#34;: [{&#34;extras&#34;: [], &#34;result&#34;: &#34;Failed&#34;, &#34;testId&#34;: &#34;tests/unit/test_water_quality_service.py::TestWaterQualityService::test_get_quality_readings_success&#34;, &#34;duration&#34;: &#34;2 ms&#34;, &#34;resultsTableRow&#34;: [&#34;&lt;td class=\&#34;col-result\&#34;&gt;Failed&lt;/td&gt;&#34;, &#34;&lt;td class=\&#34;col-testId\&#34;&gt;tests/unit/test_water_quality_service.py::TestWaterQualityService::test_get_quality_readings_success&lt;/td&gt;&#34;, &#34;&lt;td class=\&#34;col-duration\&#34;&gt;2 ms&lt;/td&gt;&#34;, &#34;&lt;td class=\&#34;col-links\&#34;&gt;&lt;/td&gt;&#34;], &#34;log&#34;: &#34;self = &amp;lt;test_water_quality_service.TestWaterQualityService object at 0x718e18bff6e0&amp;gt;\nquality_service = &amp;lt;src.api.services.water_quality_service.WaterQualityService object at 0x718e189c1400&amp;gt;\nmock_hybrid_service = &amp;lt;AsyncMock id=&amp;#x27;124855112176736&amp;#x27;&amp;gt;\ntest_date_range = {&amp;#x27;end_time&amp;#x27;: datetime.datetime(2025, 7, 13, 18, 43, 26, 324289), &amp;#x27;start_time&amp;#x27;: datetime.datetime(2025, 6, 13, 18, 43, 26, 324289)}\n\n    @pytest.mark.asyncio\n    async def test_get_quality_readings_success(\n        self, quality_service, mock_hybrid_service, test_date_range\n    ):\n        &amp;quot;&amp;quot;&amp;quot;Test successful quality readings retrieval.&amp;quot;&amp;quot;&amp;quot;\n        result = await quality_service.get_quality_readings(\n            mock_hybrid_service,\n            test_date_range[&amp;quot;start_time&amp;quot;],\n            test_date_range[&amp;quot;end_time&amp;quot;]\n        )\n    \n        assert isinstance(result, list)\n        assert len(result) == 1\n&amp;gt;       assert isinstance(result[0], WaterQualityReading)\nE       AssertionError: assert False\nE        +  where False = isinstance(namespace(sensor_id=&amp;#x27;SENSOR_001&amp;#x27;, ph_level=7.2, temperature=22.5, turbidity=1.2, dissolved_oxygen=8.5, conductivity=450), WaterQualityReading)\n\ntests/unit/test_water_quality_service.py:61: AssertionError\n&#34;}], &#34;tests/unit/test_water_quality_service.py::TestWaterQualityService::test_get_quality_analytics_success&#34;: [{&#34;extras&#34;: [], &#34;result&#34;: &#34;Failed&#34;, &#34;testId&#34;: &#34;tests/unit/test_water_quality_service.py::TestWaterQualityService::test_get_quality_analytics_success&#34;, &#34;duration&#34;: &#34;2 ms&#34;, &#34;resultsTableRow&#34;: [&#34;&lt;td class=\&#34;col-result\&#34;&gt;Failed&lt;/td&gt;&#34;, &#34;&lt;td class=\&#34;col-testId\&#34;&gt;tests/unit/test_water_quality_service.py::TestWaterQualityService::test_get_quality_analytics_success&lt;/td&gt;&#34;, &#34;&lt;td class=\&#34;col-duration\&#34;&gt;2 ms&lt;/td&gt;&#34;, &#34;&lt;td class=\&#34;col-links\&#34;&gt;&lt;/td&gt;&#34;], &#34;log&#34;: &#34;self = &amp;lt;test_water_quality_service.TestWaterQualityService object at 0x718e18bff8f0&amp;gt;\nquality_service = &amp;lt;src.api.services.water_quality_service.WaterQualityService object at 0x718e18b4f2f0&amp;gt;\nmock_hybrid_service = &amp;lt;AsyncMock id=&amp;#x27;124855113793712&amp;#x27;&amp;gt;\ntest_date_range = {&amp;#x27;end_time&amp;#x27;: datetime.datetime(2025, 7, 13, 18, 43, 26, 334465), &amp;#x27;start_time&amp;#x27;: datetime.datetime(2025, 6, 13, 18, 43, 26, 334465)}\n\n    @pytest.mark.asyncio\n    async def test_get_quality_analytics_success(\n        self, quality_service, mock_hybrid_service, test_date_range\n    ):\n        &amp;quot;&amp;quot;&amp;quot;Test successful quality analytics generation.&amp;quot;&amp;quot;&amp;quot;\n        result = await quality_service.get_quality_analytics(\n            mock_hybrid_service,\n            test_date_range[&amp;quot;start_time&amp;quot;],\n            test_date_range[&amp;quot;end_time&amp;quot;]\n        )\n    \n&amp;gt;       assert isinstance(result, QualityAnalytics)\nE       assert False\nE        +  where False = isinstance(namespace(overall_compliance_rate=95.5, parameter_averages={}, trend_analysis={}), QualityAnalytics)\n\ntests/unit/test_water_quality_service.py:76: AssertionError\n&#34;}], &#34;tests/unit/test_water_quality_service.py::TestWaterQualityService::test_get_compliance_report_success&#34;: [{&#34;extras&#34;: [], &#34;result&#34;: &#34;Failed&#34;, &#34;testId&#34;: &#34;tests/unit/test_water_quality_service.py::TestWaterQualityService::test_get_compliance_report_success&#34;, &#34;duration&#34;: &#34;2 ms&#34;, &#34;resultsTableRow&#34;: [&#34;&lt;td class=\&#34;col-result\&#34;&gt;Failed&lt;/td&gt;&#34;, &#34;&lt;td class=\&#34;col-testId\&#34;&gt;tests/unit/test_water_quality_service.py::TestWaterQualityService::test_get_compliance_report_success&lt;/td&gt;&#34;, &#34;&lt;td class=\&#34;col-duration\&#34;&gt;2 ms&lt;/td&gt;&#34;, &#34;&lt;td class=\&#34;col-links\&#34;&gt;&lt;/td&gt;&#34;], &#34;log&#34;: &#34;self = &amp;lt;test_water_quality_service.TestWaterQualityService object at 0x718e18bffb00&amp;gt;\nquality_service = &amp;lt;src.api.services.water_quality_service.WaterQualityService object at 0x718e13f015b0&amp;gt;\nmock_hybrid_service = &amp;lt;AsyncMock id=&amp;#x27;124855033800096&amp;#x27;&amp;gt;\ntest_date_range = {&amp;#x27;end_time&amp;#x27;: datetime.datetime(2025, 7, 13, 18, 43, 26, 344008), &amp;#x27;start_time&amp;#x27;: datetime.datetime(2025, 6, 13, 18, 43, 26, 344008)}\n\n    @pytest.mark.asyncio\n    async def test_get_compliance_report_success(\n        self, quality_service, mock_hybrid_service, test_date_range\n    ):\n        &amp;quot;&amp;quot;&amp;quot;Test successful compliance report generation.&amp;quot;&amp;quot;&amp;quot;\n        result = await quality_service.get_compliance_report(\n            mock_hybrid_service,\n            test_date_range[&amp;quot;start_time&amp;quot;],\n            test_date_range[&amp;quot;end_time&amp;quot;]\n        )\n    \n&amp;gt;       assert isinstance(result, ComplianceReport)\nE       assert False\nE        +  where False = isinstance(namespace(compliance_percentage=95.5, violations=[], recommendations=[]), ComplianceReport)\n\ntests/unit/test_water_quality_service.py:92: AssertionError\n&#34;}], &#34;tests/unit/test_water_quality_service.py::TestWaterQualityService::test_detect_contamination_events_success&#34;: [{&#34;extras&#34;: [], &#34;result&#34;: &#34;Passed&#34;, &#34;testId&#34;: &#34;tests/unit/test_water_quality_service.py::TestWaterQualityService::test_detect_contamination_events_success&#34;, &#34;duration&#34;: &#34;1 ms&#34;, &#34;resultsTableRow&#34;: [&#34;&lt;td class=\&#34;col-result\&#34;&gt;Passed&lt;/td&gt;&#34;, &#34;&lt;td class=\&#34;col-testId\&#34;&gt;tests/unit/test_water_quality_service.py::TestWaterQualityService::test_detect_contamination_events_success&lt;/td&gt;&#34;, &#34;&lt;td class=\&#34;col-duration\&#34;&gt;1 ms&lt;/td&gt;&#34;, &#34;&lt;td class=\&#34;col-links\&#34;&gt;&lt;/td&gt;&#34;], &#34;log&#34;: &#34;No log output captured.&#34;}], &#34;tests/unit/test_water_quality_service.py::TestWaterQualityService::test_quality_parameter_validation&#34;: [{&#34;extras&#34;: [], &#34;result&#34;: &#34;Passed&#34;, &#34;testId&#34;: &#34;tests/unit/test_water_quality_service.py::TestWaterQualityService::test_quality_parameter_validation&#34;, &#34;duration&#34;: &#34;1 ms&#34;, &#34;resultsTableRow&#34;: [&#34;&lt;td class=\&#34;col-result\&#34;&gt;Passed&lt;/td&gt;&#34;, &#34;&lt;td class=\&#34;col-testId\&#34;&gt;tests/unit/test_water_quality_service.py::TestWaterQualityService::test_quality_parameter_validation&lt;/td&gt;&#34;, &#34;&lt;td class=\&#34;col-duration\&#34;&gt;1 ms&lt;/td&gt;&#34;, &#34;&lt;td class=\&#34;col-links\&#34;&gt;&lt;/td&gt;&#34;], &#34;log&#34;: &#34;No log output captured.&#34;}], &#34;tests/unit/test_water_quality_service.py::TestWaterQualityService::test_compliance_assessment&#34;: [{&#34;extras&#34;: [], &#34;result&#34;: &#34;Passed&#34;, &#34;testId&#34;: &#34;tests/unit/test_water_quality_service.py::TestWaterQualityService::test_compliance_assessment&#34;, &#34;duration&#34;: &#34;1 ms&#34;, &#34;resultsTableRow&#34;: [&#34;&lt;td class=\&#34;col-result\&#34;&gt;Passed&lt;/td&gt;&#34;, &#34;&lt;td class=\&#34;col-testId\&#34;&gt;tests/unit/test_water_quality_service.py::TestWaterQualityService::test_compliance_assessment&lt;/td&gt;&#34;, &#34;&lt;td class=\&#34;col-duration\&#34;&gt;1 ms&lt;/td&gt;&#34;, &#34;&lt;td class=\&#34;col-links\&#34;&gt;&lt;/td&gt;&#34;], &#34;log&#34;: &#34;No log output captured.&#34;}], &#34;tests/unit/test_water_quality_service.py::TestWaterQualityService::test_contamination_detection_algorithms&#34;: [{&#34;extras&#34;: [], &#34;result&#34;: &#34;Passed&#34;, &#34;testId&#34;: &#34;tests/unit/test_water_quality_service.py::TestWaterQualityService::test_contamination_detection_algorithms&#34;, &#34;duration&#34;: &#34;1 ms&#34;, &#34;resultsTableRow&#34;: [&#34;&lt;td class=\&#34;col-result\&#34;&gt;Passed&lt;/td&gt;&#34;, &#34;&lt;td class=\&#34;col-testId\&#34;&gt;tests/unit/test_water_quality_service.py::TestWaterQualityService::test_contamination_detection_algorithms&lt;/td&gt;&#34;, &#34;&lt;td class=\&#34;col-duration\&#34;&gt;1 ms&lt;/td&gt;&#34;, &#34;&lt;td class=\&#34;col-links\&#34;&gt;&lt;/td&gt;&#34;], &#34;log&#34;: &#34;No log output captured.&#34;}], &#34;tests/unit/test_water_quality_service.py::TestWaterQualityService::test_individual_parameter_analysis[ph_level]&#34;: [{&#34;extras&#34;: [], &#34;result&#34;: &#34;Passed&#34;, &#34;testId&#34;: &#34;tests/unit/test_water_quality_service.py::TestWaterQualityService::test_individual_parameter_analysis[ph_level]&#34;, &#34;duration&#34;: &#34;1 ms&#34;, &#34;resultsTableRow&#34;: [&#34;&lt;td class=\&#34;col-result\&#34;&gt;Passed&lt;/td&gt;&#34;, &#34;&lt;td class=\&#34;col-testId\&#34;&gt;tests/unit/test_water_quality_service.py::TestWaterQualityService::test_individual_parameter_analysis[ph_level]&lt;/td&gt;&#34;, &#34;&lt;td class=\&#34;col-duration\&#34;&gt;1 ms&lt;/td&gt;&#34;, &#34;&lt;td class=\&#34;col-links\&#34;&gt;&lt;/td&gt;&#34;], &#34;log&#34;: &#34;No log output captured.&#34;}], &#34;tests/unit/test_water_quality_service.py::TestWaterQualityService::test_individual_parameter_analysis[temperature]&#34;: [{&#34;extras&#34;: [], &#34;result&#34;: &#34;Passed&#34;, &#34;testId&#34;: &#34;tests/unit/test_water_quality_service.py::TestWaterQualityService::test_individual_parameter_analysis[temperature]&#34;, &#34;duration&#34;: &#34;1 ms&#34;, &#34;resultsTableRow&#34;: [&#34;&lt;td class=\&#34;col-result\&#34;&gt;Passed&lt;/td&gt;&#34;, &#34;&lt;td class=\&#34;col-testId\&#34;&gt;tests/unit/test_water_quality_service.py::TestWaterQualityService::test_individual_parameter_analysis[temperature]&lt;/td&gt;&#34;, &#34;&lt;td class=\&#34;col-duration\&#34;&gt;1 ms&lt;/td&gt;&#34;, &#34;&lt;td class=\&#34;col-links\&#34;&gt;&lt;/td&gt;&#34;], &#34;log&#34;: &#34;No log output captured.&#34;}], &#34;tests/unit/test_water_quality_service.py::TestWaterQualityService::test_individual_parameter_analysis[turbidity]&#34;: [{&#34;extras&#34;: [], &#34;result&#34;: &#34;Passed&#34;, &#34;testId&#34;: &#34;tests/unit/test_water_quality_service.py::TestWaterQualityService::test_individual_parameter_analysis[turbidity]&#34;, &#34;duration&#34;: &#34;1 ms&#34;, &#34;resultsTableRow&#34;: [&#34;&lt;td class=\&#34;col-result\&#34;&gt;Passed&lt;/td&gt;&#34;, &#34;&lt;td class=\&#34;col-testId\&#34;&gt;tests/unit/test_water_quality_service.py::TestWaterQualityService::test_individual_parameter_analysis[turbidity]&lt;/td&gt;&#34;, &#34;&lt;td class=\&#34;col-duration\&#34;&gt;1 ms&lt;/td&gt;&#34;, &#34;&lt;td class=\&#34;col-links\&#34;&gt;&lt;/td&gt;&#34;], &#34;log&#34;: &#34;No log output captured.&#34;}], &#34;tests/unit/test_water_quality_service.py::TestWaterQualityService::test_individual_parameter_analysis[dissolved_oxygen]&#34;: [{&#34;extras&#34;: [], &#34;result&#34;: &#34;Passed&#34;, &#34;testId&#34;: &#34;tests/unit/test_water_quality_service.py::TestWaterQualityService::test_individual_parameter_analysis[dissolved_oxygen]&#34;, &#34;duration&#34;: &#34;1 ms&#34;, &#34;resultsTableRow&#34;: [&#34;&lt;td class=\&#34;col-result\&#34;&gt;Passed&lt;/td&gt;&#34;, &#34;&lt;td class=\&#34;col-testId\&#34;&gt;tests/unit/test_water_quality_service.py::TestWaterQualityService::test_individual_parameter_analysis[dissolved_oxygen]&lt;/td&gt;&#34;, &#34;&lt;td class=\&#34;col-duration\&#34;&gt;1 ms&lt;/td&gt;&#34;, &#34;&lt;td class=\&#34;col-links\&#34;&gt;&lt;/td&gt;&#34;], &#34;log&#34;: &#34;No log output captured.&#34;}], &#34;tests/unit/test_water_quality_service.py::TestWaterQualityService::test_quality_trend_calculation&#34;: [{&#34;extras&#34;: [], &#34;result&#34;: &#34;Passed&#34;, &#34;testId&#34;: &#34;tests/unit/test_water_quality_service.py::TestWaterQualityService::test_quality_trend_calculation&#34;, &#34;duration&#34;: &#34;1 ms&#34;, &#34;resultsTableRow&#34;: [&#34;&lt;td class=\&#34;col-result\&#34;&gt;Passed&lt;/td&gt;&#34;, &#34;&lt;td class=\&#34;col-testId\&#34;&gt;tests/unit/test_water_quality_service.py::TestWaterQualityService::test_quality_trend_calculation&lt;/td&gt;&#34;, &#34;&lt;td class=\&#34;col-duration\&#34;&gt;1 ms&lt;/td&gt;&#34;, &#34;&lt;td class=\&#34;col-links\&#34;&gt;&lt;/td&gt;&#34;], &#34;log&#34;: &#34;No log output captured.&#34;}], &#34;tests/unit/test_water_quality_service.py::TestWaterQualityService::test_sensor_calibration_check&#34;: [{&#34;extras&#34;: [], &#34;result&#34;: &#34;Failed&#34;, &#34;testId&#34;: &#34;tests/unit/test_water_quality_service.py::TestWaterQualityService::test_sensor_calibration_check&#34;, &#34;duration&#34;: &#34;1 ms&#34;, &#34;resultsTableRow&#34;: [&#34;&lt;td class=\&#34;col-result\&#34;&gt;Failed&lt;/td&gt;&#34;, &#34;&lt;td class=\&#34;col-testId\&#34;&gt;tests/unit/test_water_quality_service.py::TestWaterQualityService::test_sensor_calibration_check&lt;/td&gt;&#34;, &#34;&lt;td class=\&#34;col-duration\&#34;&gt;1 ms&lt;/td&gt;&#34;, &#34;&lt;td class=\&#34;col-links\&#34;&gt;&lt;/td&gt;&#34;], &#34;log&#34;: &#34;self = &amp;lt;test_water_quality_service.TestWaterQualityService object at 0x718e18aa4080&amp;gt;\nquality_service = &amp;lt;src.api.services.water_quality_service.WaterQualityService object at 0x718e189e1c70&amp;gt;\n\n    def test_sensor_calibration_check(self, quality_service):\n        &amp;quot;&amp;quot;&amp;quot;Test sensor calibration checking.&amp;quot;&amp;quot;&amp;quot;\n        # Test normal sensor readings\n        normal_readings = [\n            {&amp;quot;ph_level&amp;quot;: 7.0 + i * 0.01, &amp;quot;timestamp&amp;quot;: f&amp;quot;2024-01-{i:02d}T10:00:00&amp;quot;}\n            for i in range(1, 11)\n        ]\n    \n        calibration_status = quality_service._check_sensor_calibration(normal_readings, &amp;quot;SENSOR_001&amp;quot;)\n        assert calibration_status[&amp;quot;needs_calibration&amp;quot;] is False\n    \n        # Test erratic sensor readings\n        erratic_readings = [\n            {&amp;quot;ph_level&amp;quot;: 7.0 if i % 2 == 0 else 9.0, &amp;quot;timestamp&amp;quot;: f&amp;quot;2024-01-{i:02d}T10:00:00&amp;quot;}\n            for i in range(1, 11)\n        ]\n    \n        calibration_status = quality_service._check_sensor_calibration(erratic_readings, &amp;quot;SENSOR_001&amp;quot;)\n&amp;gt;       assert calibration_status[&amp;quot;needs_calibration&amp;quot;] is True\nE       assert False is True\n\ntests/unit/test_water_quality_service.py:236: AssertionError\n&#34;}]}, &#34;renderCollapsed&#34;: [&#34;passed&#34;], &#34;initialSort&#34;: &#34;result&#34;, &#34;title&#34;: &#34;unit-report.html&#34;}"></div>
    <script>
      (function(){function r(e,n,t){function o(i,f){if(!n[i]){if(!e[i]){var c="function"==typeof require&&require;if(!f&&c)return c(i,!0);if(u)return u(i,!0);var a=new Error("Cannot find module '"+i+"'");throw a.code="MODULE_NOT_FOUND",a}var p=n[i]={exports:{}};e[i][0].call(p.exports,function(r){var n=e[i][1][r];return o(n||r)},p,p.exports,r,e,n,t)}return n[i].exports}for(var u="function"==typeof require&&require,i=0;i<t.length;i++)o(t[i]);return o}return r})()({1:[function(require,module,exports){
const { getCollapsedCategory, setCollapsedIds } = require('./storage.js')

class DataManager {
    setManager(data) {
        const collapsedCategories = [...getCollapsedCategory(data.renderCollapsed)]
        const collapsedIds = []
        const tests = Object.values(data.tests).flat().map((test, index) => {
            const collapsed = collapsedCategories.includes(test.result.toLowerCase())
            const id = `test_${index}`
            if (collapsed) {
                collapsedIds.push(id)
            }
            return {
                ...test,
                id,
                collapsed,
            }
        })
        const dataBlob = { ...data, tests }
        this.data = { ...dataBlob }
        this.renderData = { ...dataBlob }
        setCollapsedIds(collapsedIds)
    }

    get allData() {
        return { ...this.data }
    }

    resetRender() {
        this.renderData = { ...this.data }
    }

    setRender(data) {
        this.renderData.tests = [...data]
    }

    toggleCollapsedItem(id) {
        this.renderData.tests = this.renderData.tests.map((test) =>
            test.id === id ? { ...test, collapsed: !test.collapsed } : test,
        )
    }

    set allCollapsed(collapsed) {
        this.renderData = { ...this.renderData, tests: [...this.renderData.tests.map((test) => (
            { ...test, collapsed }
        ))] }
    }

    get testSubset() {
        return [...this.renderData.tests]
    }

    get environment() {
        return this.renderData.environment
    }

    get initialSort() {
        return this.data.initialSort
    }
}

module.exports = {
    manager: new DataManager(),
}

},{"./storage.js":8}],2:[function(require,module,exports){
const mediaViewer = require('./mediaviewer.js')
const templateEnvRow = document.getElementById('template_environment_row')
const templateResult = document.getElementById('template_results-table__tbody')

function htmlToElements(html) {
    const temp = document.createElement('template')
    temp.innerHTML = html
    return temp.content.childNodes
}

const find = (selector, elem) => {
    if (!elem) {
        elem = document
    }
    return elem.querySelector(selector)
}

const findAll = (selector, elem) => {
    if (!elem) {
        elem = document
    }
    return [...elem.querySelectorAll(selector)]
}

const dom = {
    getStaticRow: (key, value) => {
        const envRow = templateEnvRow.content.cloneNode(true)
        const isObj = typeof value === 'object' && value !== null
        const values = isObj ? Object.keys(value).map((k) => `${k}: ${value[k]}`) : null

        const valuesElement = htmlToElements(
            values ? `<ul>${values.map((val) => `<li>${val}</li>`).join('')}<ul>` : `<div>${value}</div>`)[0]
        const td = findAll('td', envRow)
        td[0].textContent = key
        td[1].appendChild(valuesElement)

        return envRow
    },
    getResultTBody: ({ testId, id, log, extras, resultsTableRow, tableHtml, result, collapsed }) => {
        const resultBody = templateResult.content.cloneNode(true)
        resultBody.querySelector('tbody').classList.add(result.toLowerCase())
        resultBody.querySelector('tbody').id = testId
        resultBody.querySelector('.collapsible').dataset.id = id

        resultsTableRow.forEach((html) => {
            const t = document.createElement('template')
            t.innerHTML = html
            resultBody.querySelector('.collapsible').appendChild(t.content)
        })

        if (log) {
            // Wrap lines starting with "E" with span.error to color those lines red
            const wrappedLog = log.replace(/^E.*$/gm, (match) => `<span class="error">${match}</span>`)
            resultBody.querySelector('.log').innerHTML = wrappedLog
        } else {
            resultBody.querySelector('.log').remove()
        }

        if (collapsed) {
            resultBody.querySelector('.collapsible > td')?.classList.add('collapsed')
            resultBody.querySelector('.extras-row').classList.add('hidden')
        } else {
            resultBody.querySelector('.collapsible > td')?.classList.remove('collapsed')
        }

        const media = []
        extras?.forEach(({ name, format_type, content }) => {
            if (['image', 'video'].includes(format_type)) {
                media.push({ path: content, name, format_type })
            }

            if (format_type === 'html') {
                resultBody.querySelector('.extraHTML').insertAdjacentHTML('beforeend', `<div>${content}</div>`)
            }
        })
        mediaViewer.setup(resultBody, media)

        // Add custom html from the pytest_html_results_table_html hook
        tableHtml?.forEach((item) => {
            resultBody.querySelector('td[class="extra"]').insertAdjacentHTML('beforeend', item)
        })

        return resultBody
    },
}

module.exports = {
    dom,
    htmlToElements,
    find,
    findAll,
}

},{"./mediaviewer.js":6}],3:[function(require,module,exports){
const { manager } = require('./datamanager.js')
const { doSort } = require('./sort.js')
const storageModule = require('./storage.js')

const getFilteredSubSet = (filter) =>
    manager.allData.tests.filter(({ result }) => filter.includes(result.toLowerCase()))

const doInitFilter = () => {
    const currentFilter = storageModule.getVisible()
    const filteredSubset = getFilteredSubSet(currentFilter)
    manager.setRender(filteredSubset)
}

const doFilter = (type, show) => {
    if (show) {
        storageModule.showCategory(type)
    } else {
        storageModule.hideCategory(type)
    }

    const currentFilter = storageModule.getVisible()
    const filteredSubset = getFilteredSubSet(currentFilter)
    manager.setRender(filteredSubset)

    const sortColumn = storageModule.getSort()
    doSort(sortColumn, true)
}

module.exports = {
    doFilter,
    doInitFilter,
}

},{"./datamanager.js":1,"./sort.js":7,"./storage.js":8}],4:[function(require,module,exports){
const { redraw, bindEvents, renderStatic } = require('./main.js')
const { doInitFilter } = require('./filter.js')
const { doInitSort } = require('./sort.js')
const { manager } = require('./datamanager.js')
const data = JSON.parse(document.getElementById('data-container').dataset.jsonblob)

function init() {
    manager.setManager(data)
    doInitFilter()
    doInitSort()
    renderStatic()
    redraw()
    bindEvents()
}

init()

},{"./datamanager.js":1,"./filter.js":3,"./main.js":5,"./sort.js":7}],5:[function(require,module,exports){
const { dom, find, findAll } = require('./dom.js')
const { manager } = require('./datamanager.js')
const { doSort } = require('./sort.js')
const { doFilter } = require('./filter.js')
const {
    getVisible,
    getCollapsedIds,
    setCollapsedIds,
    getSort,
    getSortDirection,
    possibleFilters,
} = require('./storage.js')

const removeChildren = (node) => {
    while (node.firstChild) {
        node.removeChild(node.firstChild)
    }
}

const renderStatic = () => {
    const renderEnvironmentTable = () => {
        const environment = manager.environment
        const rows = Object.keys(environment).map((key) => dom.getStaticRow(key, environment[key]))
        const table = document.getElementById('environment')
        removeChildren(table)
        rows.forEach((row) => table.appendChild(row))
    }
    renderEnvironmentTable()
}

const addItemToggleListener = (elem) => {
    elem.addEventListener('click', ({ target }) => {
        const id = target.parentElement.dataset.id
        manager.toggleCollapsedItem(id)

        const collapsedIds = getCollapsedIds()
        if (collapsedIds.includes(id)) {
            const updated = collapsedIds.filter((item) => item !== id)
            setCollapsedIds(updated)
        } else {
            collapsedIds.push(id)
            setCollapsedIds(collapsedIds)
        }
        redraw()
    })
}

const renderContent = (tests) => {
    const sortAttr = getSort(manager.initialSort)
    const sortAsc = JSON.parse(getSortDirection())
    const rows = tests.map(dom.getResultTBody)
    const table = document.getElementById('results-table')
    const tableHeader = document.getElementById('results-table-head')

    const newTable = document.createElement('table')
    newTable.id = 'results-table'

    // remove all sorting classes and set the relevant
    findAll('.sortable', tableHeader).forEach((elem) => elem.classList.remove('asc', 'desc'))
    tableHeader.querySelector(`.sortable[data-column-type="${sortAttr}"]`)?.classList.add(sortAsc ? 'desc' : 'asc')
    newTable.appendChild(tableHeader)

    if (!rows.length) {
        const emptyTable = document.getElementById('template_results-table__body--empty').content.cloneNode(true)
        newTable.appendChild(emptyTable)
    } else {
        rows.forEach((row) => {
            if (!!row) {
                findAll('.collapsible td:not(.col-links', row).forEach(addItemToggleListener)
                find('.logexpander', row).addEventListener('click',
                    (evt) => evt.target.parentNode.classList.toggle('expanded'),
                )
                newTable.appendChild(row)
            }
        })
    }

    table.replaceWith(newTable)
}

const renderDerived = () => {
    const currentFilter = getVisible()
    possibleFilters.forEach((result) => {
        const input = document.querySelector(`input[data-test-result="${result}"]`)
        input.checked = currentFilter.includes(result)
    })
}

const bindEvents = () => {
    const filterColumn = (evt) => {
        const { target: element } = evt
        const { testResult } = element.dataset

        doFilter(testResult, element.checked)
        const collapsedIds = getCollapsedIds()
        const updated = manager.renderData.tests.map((test) => {
            return {
                ...test,
                collapsed: collapsedIds.includes(test.id),
            }
        })
        manager.setRender(updated)
        redraw()
    }

    const header = document.getElementById('environment-header')
    header.addEventListener('click', () => {
        const table = document.getElementById('environment')
        table.classList.toggle('hidden')
        header.classList.toggle('collapsed')
    })

    findAll('input[name="filter_checkbox"]').forEach((elem) => {
        elem.addEventListener('click', filterColumn)
    })

    findAll('.sortable').forEach((elem) => {
        elem.addEventListener('click', (evt) => {
            const { target: element } = evt
            const { columnType } = element.dataset
            doSort(columnType)
            redraw()
        })
    })

    document.getElementById('show_all_details').addEventListener('click', () => {
        manager.allCollapsed = false
        setCollapsedIds([])
        redraw()
    })
    document.getElementById('hide_all_details').addEventListener('click', () => {
        manager.allCollapsed = true
        const allIds = manager.renderData.tests.map((test) => test.id)
        setCollapsedIds(allIds)
        redraw()
    })
}

const redraw = () => {
    const { testSubset } = manager

    renderContent(testSubset)
    renderDerived()
}

module.exports = {
    redraw,
    bindEvents,
    renderStatic,
}

},{"./datamanager.js":1,"./dom.js":2,"./filter.js":3,"./sort.js":7,"./storage.js":8}],6:[function(require,module,exports){
class MediaViewer {
    constructor(assets) {
        this.assets = assets
        this.index = 0
    }

    nextActive() {
        this.index = this.index === this.assets.length - 1 ? 0 : this.index + 1
        return [this.activeFile, this.index]
    }

    prevActive() {
        this.index = this.index === 0 ? this.assets.length - 1 : this.index -1
        return [this.activeFile, this.index]
    }

    get currentIndex() {
        return this.index
    }

    get activeFile() {
        return this.assets[this.index]
    }
}


const setup = (resultBody, assets) => {
    if (!assets.length) {
        resultBody.querySelector('.media').classList.add('hidden')
        return
    }

    const mediaViewer = new MediaViewer(assets)
    const container = resultBody.querySelector('.media-container')
    const leftArrow = resultBody.querySelector('.media-container__nav--left')
    const rightArrow = resultBody.querySelector('.media-container__nav--right')
    const mediaName = resultBody.querySelector('.media__name')
    const counter = resultBody.querySelector('.media__counter')
    const imageEl = resultBody.querySelector('img')
    const sourceEl = resultBody.querySelector('source')
    const videoEl = resultBody.querySelector('video')

    const setImg = (media, index) => {
        if (media?.format_type === 'image') {
            imageEl.src = media.path

            imageEl.classList.remove('hidden')
            videoEl.classList.add('hidden')
        } else if (media?.format_type === 'video') {
            sourceEl.src = media.path

            videoEl.classList.remove('hidden')
            imageEl.classList.add('hidden')
        }

        mediaName.innerText = media?.name
        counter.innerText = `${index + 1} / ${assets.length}`
    }
    setImg(mediaViewer.activeFile, mediaViewer.currentIndex)

    const moveLeft = () => {
        const [media, index] = mediaViewer.prevActive()
        setImg(media, index)
    }
    const doRight = () => {
        const [media, index] = mediaViewer.nextActive()
        setImg(media, index)
    }
    const openImg = () => {
        window.open(mediaViewer.activeFile.path, '_blank')
    }
    if (assets.length === 1) {
        container.classList.add('media-container--fullscreen')
    } else {
        leftArrow.addEventListener('click', moveLeft)
        rightArrow.addEventListener('click', doRight)
    }
    imageEl.addEventListener('click', openImg)
}

module.exports = {
    setup,
}

},{}],7:[function(require,module,exports){
const { manager } = require('./datamanager.js')
const storageModule = require('./storage.js')

const genericSort = (list, key, ascending, customOrder) => {
    let sorted
    if (customOrder) {
        sorted = list.sort((a, b) => {
            const aValue = a.result.toLowerCase()
            const bValue = b.result.toLowerCase()

            const aIndex = customOrder.findIndex((item) => item.toLowerCase() === aValue)
            const bIndex = customOrder.findIndex((item) => item.toLowerCase() === bValue)

            // Compare the indices to determine the sort order
            return aIndex - bIndex
        })
    } else {
        sorted = list.sort((a, b) => a[key] === b[key] ? 0 : a[key] > b[key] ? 1 : -1)
    }

    if (ascending) {
        sorted.reverse()
    }
    return sorted
}

const durationSort = (list, ascending) => {
    const parseDuration = (duration) => {
        if (duration.includes(':')) {
            // If it's in the format "HH:mm:ss"
            const [hours, minutes, seconds] = duration.split(':').map(Number)
            return (hours * 3600 + minutes * 60 + seconds) * 1000
        } else {
            // If it's in the format "nnn ms"
            return parseInt(duration)
        }
    }
    const sorted = list.sort((a, b) => parseDuration(a['duration']) - parseDuration(b['duration']))
    if (ascending) {
        sorted.reverse()
    }
    return sorted
}

const doInitSort = () => {
    const type = storageModule.getSort(manager.initialSort)
    const ascending = storageModule.getSortDirection()
    const list = manager.testSubset
    const initialOrder = ['Error', 'Failed', 'Rerun', 'XFailed', 'XPassed', 'Skipped', 'Passed']

    storageModule.setSort(type)
    storageModule.setSortDirection(ascending)

    if (type?.toLowerCase() === 'original') {
        manager.setRender(list)
    } else {
        let sortedList
        switch (type) {
        case 'duration':
            sortedList = durationSort(list, ascending)
            break
        case 'result':
            sortedList = genericSort(list, type, ascending, initialOrder)
            break
        default:
            sortedList = genericSort(list, type, ascending)
            break
        }
        manager.setRender(sortedList)
    }
}

const doSort = (type, skipDirection) => {
    const newSortType = storageModule.getSort(manager.initialSort) !== type
    const currentAsc = storageModule.getSortDirection()
    let ascending
    if (skipDirection) {
        ascending = currentAsc
    } else {
        ascending = newSortType ? false : !currentAsc
    }
    storageModule.setSort(type)
    storageModule.setSortDirection(ascending)

    const list = manager.testSubset
    const sortedList = type === 'duration' ? durationSort(list, ascending) : genericSort(list, type, ascending)
    manager.setRender(sortedList)
}

module.exports = {
    doInitSort,
    doSort,
}

},{"./datamanager.js":1,"./storage.js":8}],8:[function(require,module,exports){
const possibleFilters = [
    'passed',
    'skipped',
    'failed',
    'error',
    'xfailed',
    'xpassed',
    'rerun',
]

const getVisible = () => {
    const url = new URL(window.location.href)
    const settings = new URLSearchParams(url.search).get('visible')
    const lower = (item) => {
        const lowerItem = item.toLowerCase()
        if (possibleFilters.includes(lowerItem)) {
            return lowerItem
        }
        return null
    }
    return settings === null ?
        possibleFilters :
        [...new Set(settings?.split(',').map(lower).filter((item) => item))]
}

const hideCategory = (categoryToHide) => {
    const url = new URL(window.location.href)
    const visibleParams = new URLSearchParams(url.search).get('visible')
    const currentVisible = visibleParams ? visibleParams.split(',') : [...possibleFilters]
    const settings = [...new Set(currentVisible)].filter((f) => f !== categoryToHide).join(',')

    url.searchParams.set('visible', settings)
    window.history.pushState({}, null, unescape(url.href))
}

const showCategory = (categoryToShow) => {
    if (typeof window === 'undefined') {
        return
    }
    const url = new URL(window.location.href)
    const currentVisible = new URLSearchParams(url.search).get('visible')?.split(',').filter(Boolean) ||
        [...possibleFilters]
    const settings = [...new Set([categoryToShow, ...currentVisible])]
    const noFilter = possibleFilters.length === settings.length || !settings.length

    noFilter ? url.searchParams.delete('visible') : url.searchParams.set('visible', settings.join(','))
    window.history.pushState({}, null, unescape(url.href))
}

const getSort = (initialSort) => {
    const url = new URL(window.location.href)
    let sort = new URLSearchParams(url.search).get('sort')
    if (!sort) {
        sort = initialSort || 'result'
    }
    return sort
}

const setSort = (type) => {
    const url = new URL(window.location.href)
    url.searchParams.set('sort', type)
    window.history.pushState({}, null, unescape(url.href))
}

const getCollapsedCategory = (renderCollapsed) => {
    let categories
    if (typeof window !== 'undefined') {
        const url = new URL(window.location.href)
        const collapsedItems = new URLSearchParams(url.search).get('collapsed')
        switch (true) {
        case !renderCollapsed && collapsedItems === null:
            categories = ['passed']
            break
        case collapsedItems?.length === 0 || /^["']{2}$/.test(collapsedItems):
            categories = []
            break
        case /^all$/.test(collapsedItems) || collapsedItems === null && /^all$/.test(renderCollapsed):
            categories = [...possibleFilters]
            break
        default:
            categories = collapsedItems?.split(',').map((item) => item.toLowerCase()) || renderCollapsed
            break
        }
    } else {
        categories = []
    }
    return categories
}

const getSortDirection = () => JSON.parse(sessionStorage.getItem('sortAsc')) || false
const setSortDirection = (ascending) => sessionStorage.setItem('sortAsc', ascending)

const getCollapsedIds = () => JSON.parse(sessionStorage.getItem('collapsedIds')) || []
const setCollapsedIds = (list) => sessionStorage.setItem('collapsedIds', JSON.stringify(list))

module.exports = {
    getVisible,
    hideCategory,
    showCategory,
    getCollapsedIds,
    setCollapsedIds,
    getSort,
    setSort,
    getSortDirection,
    setSortDirection,
    getCollapsedCategory,
    possibleFilters,
}

},{}]},{},[4]);
    </script>
  </footer>
</html>